2024-10-21 18:21:47.736 o.s.o.j.LocalContainerEntityManagerFactoryBean.destroy - Closing JPA EntityManagerFactory for persistence unit 'default'
2024-10-21 18:21:47.743 com.zaxxer.hikari.HikariDataSource.close - HikariPool-1 - Shutdown initiated...
2024-10-21 18:21:47.755 com.zaxxer.hikari.HikariDataSource.close - HikariPool-1 - Shutdown completed.
2024-10-21 18:30:10.886 o.h.validator.internal.util.Version.<clinit> - HV000001: Hibernate Validator 6.2.5.Final
2024-10-21 18:30:10.916 com.cleducate.ClEducateApplication.logStarting - Starting ClEducateApplication using Java 1.8.0_411 on INTKHAB-KHAN with PID 7112 (D:\I K\SprinBootPractice\studentInteractiveSystem\target\classes started by AMY4632V in D:\I K\SprinBootPractice\studentInteractiveSystem)
2024-10-21 18:30:10.917 com.cleducate.ClEducateApplication.logStartupProfileInfo - The following 1 profile is active: "local"
2024-10-21 18:30:13.364 o.s.d.r.c.RepositoryConfigurationDelegate.registerRepositoriesIn - Bootstrapping Spring Data JPA repositories in DEFAULT mode.
2024-10-21 18:30:13.471 o.s.d.r.c.RepositoryConfigurationDelegate.registerRepositoriesIn - Finished Spring Data repository scanning in 96 ms. Found 8 JPA repository interfaces.
2024-10-21 18:30:14.540 o.s.b.w.e.tomcat.TomcatWebServer.initialize - Tomcat initialized with port(s): 8081 (http)
2024-10-21 18:30:14.551 o.a.coyote.http11.Http11NioProtocol.log - Initializing ProtocolHandler ["http-nio-8081"]
2024-10-21 18:30:14.552 o.a.catalina.core.StandardService.log - Starting service [Tomcat]
2024-10-21 18:30:14.552 o.a.catalina.core.StandardEngine.log - Starting Servlet engine: [Apache Tomcat/9.0.74]
2024-10-21 18:30:21.319 o.a.c.c.C.[Tomcat].[localhost].[/].log - Initializing Spring embedded WebApplicationContext
2024-10-21 18:30:21.320 o.s.b.w.s.c.ServletWebServerApplicationContext.prepareWebApplicationContext - Root WebApplicationContext: initialization completed in 10348 ms
2024-10-21 18:30:21.519 o.h.jpa.internal.util.LogHelper.logPersistenceUnitInformation - HHH000204: Processing PersistenceUnitInfo [name: default]
2024-10-21 18:30:21.598 org.hibernate.Version.logVersion - HHH000412: Hibernate ORM core version 5.6.15.Final
2024-10-21 18:30:21.862 o.h.annotations.common.Version.<clinit> - HCANN000001: Hibernate Commons Annotations {5.1.2.Final}
2024-10-21 18:30:22.009 com.zaxxer.hikari.HikariDataSource.getConnection - HikariPool-1 - Starting...
2024-10-21 18:30:22.614 com.zaxxer.hikari.HikariDataSource.getConnection - HikariPool-1 - Start completed.
2024-10-21 18:30:22.664 org.hibernate.dialect.Dialect.<init> - HHH000400: Using dialect: org.hibernate.dialect.PostgreSQL10Dialect
2024-10-21 18:30:24.436 o.h.e.t.j.p.i.JtaPlatformInitiator.initiateService - HHH000490: Using JtaPlatform implementation: [org.hibernate.engine.transaction.jta.platform.internal.NoJtaPlatform]
2024-10-21 18:30:24.446 o.s.o.j.LocalContainerEntityManagerFactoryBean.buildNativeEntityManagerFactory - Initialized JPA EntityManagerFactory for persistence unit 'default'
2024-10-21 18:30:26.729 o.s.s.web.DefaultSecurityFilterChain.<init> - Will secure any request with [org.springframework.security.web.session.DisableEncodeUrlFilter@5c5c784c, org.springframework.security.web.context.request.async.WebAsyncManagerIntegrationFilter@6a299b9d, org.springframework.security.web.context.SecurityContextPersistenceFilter@784212, org.springframework.web.filter.CorsFilter@363fe35a, org.springframework.security.web.authentication.logout.LogoutFilter@2d88c1bf, com.cleducate.security.JwtTokenFilter@a7bbdbc, org.springframework.security.web.savedrequest.RequestCacheAwareFilter@24b38e8f, org.springframework.security.web.servletapi.SecurityContextHolderAwareRequestFilter@11069eac, org.springframework.security.web.authentication.AnonymousAuthenticationFilter@a2fb8a5, org.springframework.security.web.session.SessionManagementFilter@2fca282c, org.springframework.security.web.access.ExceptionTranslationFilter@111cbcda, org.springframework.security.web.access.intercept.AuthorizationFilter@3a116ca6]
2024-10-21 18:30:26.732 o.s.s.web.DefaultSecurityFilterChain.<init> - Will not secure Ant [pattern='/swagger-resources/**']
2024-10-21 18:30:26.732 o.s.s.web.DefaultSecurityFilterChain.<init> - Will not secure Ant [pattern='/swagger-ui/**']
2024-10-21 18:30:26.733 o.s.s.web.DefaultSecurityFilterChain.<init> - Will not secure Ant [pattern='/v3/api-docs/**']
2024-10-21 18:30:26.733 o.s.s.web.DefaultSecurityFilterChain.<init> - Will not secure Ant [pattern='/configuration/**']
2024-10-21 18:30:26.733 o.s.s.web.DefaultSecurityFilterChain.<init> - Will not secure Ant [pattern='/v3/api-docs/swagger-config']
2024-10-21 18:30:26.733 o.s.s.web.DefaultSecurityFilterChain.<init> - Will not secure Ant [pattern='/webjars/**']
2024-10-21 18:30:26.734 o.s.s.web.DefaultSecurityFilterChain.<init> - Will not secure Ant [pattern='/public']
2024-10-21 18:30:26.734 o.s.s.web.DefaultSecurityFilterChain.<init> - Will not secure Ant [pattern='/h2-console/**/**']
2024-10-21 18:30:27.049 o.a.coyote.http11.Http11NioProtocol.log - Starting ProtocolHandler ["http-nio-8081"]
2024-10-21 18:30:27.080 o.s.b.w.e.tomcat.TomcatWebServer.start - Tomcat started on port(s): 8081 (http) with context path ''
2024-10-21 18:30:27.094 com.cleducate.ClEducateApplication.logStarted - Started ClEducateApplication in 16.819 seconds (JVM running for 17.446)
2024-10-21 18:31:00.580 o.a.c.c.C.[Tomcat].[localhost].[/].log - Initializing Spring DispatcherServlet 'dispatcherServlet'
2024-10-21 18:31:00.580 o.s.web.servlet.DispatcherServlet.initServletBean - Initializing Servlet 'dispatcherServlet'
2024-10-21 18:31:00.582 o.s.web.servlet.DispatcherServlet.initServletBean - Completed initialization in 2 ms
2024-10-21 18:31:01.509 o.s.api.AbstractOpenApiResource.getOpenApi - Init duration for springdoc-openapi is: 429 ms
2024-10-21 18:34:08.898 o.s.o.j.LocalContainerEntityManagerFactoryBean.destroy - Closing JPA EntityManagerFactory for persistence unit 'default'
2024-10-21 18:34:08.902 com.zaxxer.hikari.HikariDataSource.close - HikariPool-1 - Shutdown initiated...
2024-10-21 18:34:08.910 com.zaxxer.hikari.HikariDataSource.close - HikariPool-1 - Shutdown completed.
2024-10-21 18:35:12.353 o.h.validator.internal.util.Version.<clinit> - HV000001: Hibernate Validator 6.2.5.Final
2024-10-21 18:35:12.372 com.cleducate.ClEducateApplication.logStarting - Starting ClEducateApplication using Java 1.8.0_411 on INTKHAB-KHAN with PID 18796 (D:\I K\SprinBootPractice\studentInteractiveSystem\target\classes started by AMY4632V in D:\I K\SprinBootPractice\studentInteractiveSystem)
2024-10-21 18:35:12.373 com.cleducate.ClEducateApplication.logStartupProfileInfo - The following 1 profile is active: "local"
2024-10-21 18:35:13.891 o.s.d.r.c.RepositoryConfigurationDelegate.registerRepositoriesIn - Bootstrapping Spring Data JPA repositories in DEFAULT mode.
2024-10-21 18:35:14.325 o.s.d.r.c.RepositoryConfigurationDelegate.registerRepositoriesIn - Finished Spring Data repository scanning in 405 ms. Found 8 JPA repository interfaces.
2024-10-21 18:35:17.010 o.s.b.w.e.tomcat.TomcatWebServer.initialize - Tomcat initialized with port(s): 8081 (http)
2024-10-21 18:35:17.040 o.a.coyote.http11.Http11NioProtocol.log - Initializing ProtocolHandler ["http-nio-8081"]
2024-10-21 18:35:17.043 o.a.catalina.core.StandardService.log - Starting service [Tomcat]
2024-10-21 18:35:17.043 o.a.catalina.core.StandardEngine.log - Starting Servlet engine: [Apache Tomcat/9.0.74]
2024-10-21 18:35:17.531 o.a.c.c.C.[Tomcat].[localhost].[/].log - Initializing Spring embedded WebApplicationContext
2024-10-21 18:35:17.531 o.s.b.w.s.c.ServletWebServerApplicationContext.prepareWebApplicationContext - Root WebApplicationContext: initialization completed in 5091 ms
2024-10-21 18:35:17.959 o.h.jpa.internal.util.LogHelper.logPersistenceUnitInformation - HHH000204: Processing PersistenceUnitInfo [name: default]
2024-10-21 18:35:18.218 org.hibernate.Version.logVersion - HHH000412: Hibernate ORM core version 5.6.15.Final
2024-10-21 18:35:19.340 o.h.annotations.common.Version.<clinit> - HCANN000001: Hibernate Commons Annotations {5.1.2.Final}
2024-10-21 18:35:20.043 com.zaxxer.hikari.HikariDataSource.getConnection - HikariPool-1 - Starting...
2024-10-21 18:35:21.486 com.zaxxer.hikari.HikariDataSource.getConnection - HikariPool-1 - Start completed.
2024-10-21 18:35:21.737 org.hibernate.dialect.Dialect.<init> - HHH000400: Using dialect: org.hibernate.dialect.PostgreSQL10Dialect
2024-10-21 18:35:27.028 o.h.e.t.j.p.i.JtaPlatformInitiator.initiateService - HHH000490: Using JtaPlatform implementation: [org.hibernate.engine.transaction.jta.platform.internal.NoJtaPlatform]
2024-10-21 18:35:27.097 o.s.o.j.LocalContainerEntityManagerFactoryBean.buildNativeEntityManagerFactory - Initialized JPA EntityManagerFactory for persistence unit 'default'
2024-10-21 18:35:31.904 o.s.s.web.DefaultSecurityFilterChain.<init> - Will secure any request with [org.springframework.security.web.session.DisableEncodeUrlFilter@709c6768, org.springframework.security.web.context.request.async.WebAsyncManagerIntegrationFilter@3e356ed6, org.springframework.security.web.context.SecurityContextPersistenceFilter@4a937d43, org.springframework.web.filter.CorsFilter@403b7be3, org.springframework.security.web.authentication.logout.LogoutFilter@5e405eaf, com.cleducate.security.JwtTokenFilter@7ca7bddd, org.springframework.security.web.savedrequest.RequestCacheAwareFilter@19877453, org.springframework.security.web.servletapi.SecurityContextHolderAwareRequestFilter@18711946, org.springframework.security.web.authentication.AnonymousAuthenticationFilter@2a5d9ede, org.springframework.security.web.session.SessionManagementFilter@5d50e7f6, org.springframework.security.web.access.ExceptionTranslationFilter@2cbae0f1, org.springframework.security.web.access.intercept.AuthorizationFilter@15251cc2]
2024-10-21 18:35:31.912 o.s.s.web.DefaultSecurityFilterChain.<init> - Will not secure Ant [pattern='/swagger-resources/**']
2024-10-21 18:35:31.914 o.s.s.web.DefaultSecurityFilterChain.<init> - Will not secure Ant [pattern='/swagger-ui/**']
2024-10-21 18:35:31.915 o.s.s.web.DefaultSecurityFilterChain.<init> - Will not secure Ant [pattern='/v3/api-docs/**']
2024-10-21 18:35:31.916 o.s.s.web.DefaultSecurityFilterChain.<init> - Will not secure Ant [pattern='/configuration/**']
2024-10-21 18:35:31.916 o.s.s.web.DefaultSecurityFilterChain.<init> - Will not secure Ant [pattern='/v3/api-docs/swagger-config']
2024-10-21 18:35:31.917 o.s.s.web.DefaultSecurityFilterChain.<init> - Will not secure Ant [pattern='/webjars/**']
2024-10-21 18:35:31.917 o.s.s.web.DefaultSecurityFilterChain.<init> - Will not secure Ant [pattern='/public']
2024-10-21 18:35:31.918 o.s.s.web.DefaultSecurityFilterChain.<init> - Will not secure Ant [pattern='/h2-console/**/**']
2024-10-21 18:35:32.431 o.a.coyote.http11.Http11NioProtocol.log - Starting ProtocolHandler ["http-nio-8081"]
2024-10-21 18:35:32.486 o.s.b.w.e.tomcat.TomcatWebServer.start - Tomcat started on port(s): 8081 (http) with context path ''
2024-10-21 18:35:32.510 com.cleducate.ClEducateApplication.logStarted - Started ClEducateApplication in 20.995 seconds (JVM running for 22.457)
2024-10-21 18:35:40.965 o.a.c.c.C.[Tomcat].[localhost].[/].log - Initializing Spring DispatcherServlet 'dispatcherServlet'
2024-10-21 18:35:40.966 o.s.web.servlet.DispatcherServlet.initServletBean - Initializing Servlet 'dispatcherServlet'
2024-10-21 18:35:40.967 o.s.web.servlet.DispatcherServlet.initServletBean - Completed initialization in 1 ms
2024-10-21 18:43:19.120 o.s.o.j.LocalContainerEntityManagerFactoryBean.destroy - Closing JPA EntityManagerFactory for persistence unit 'default'
2024-10-21 18:43:19.124 com.zaxxer.hikari.HikariDataSource.close - HikariPool-1 - Shutdown initiated...
2024-10-21 18:43:19.132 com.zaxxer.hikari.HikariDataSource.close - HikariPool-1 - Shutdown completed.
2024-10-21 18:43:58.967 o.h.validator.internal.util.Version.<clinit> - HV000001: Hibernate Validator 6.2.5.Final
2024-10-21 18:43:58.992 com.cleducate.ClEducateApplication.logStarting - Starting ClEducateApplication using Java 1.8.0_411 on INTKHAB-KHAN with PID 27360 (D:\I K\SprinBootPractice\studentInteractiveSystem\target\classes started by AMY4632V in D:\I K\SprinBootPractice\studentInteractiveSystem)
2024-10-21 18:43:58.993 com.cleducate.ClEducateApplication.logStartupProfileInfo - The following 1 profile is active: "local"
2024-10-21 18:44:00.282 o.s.d.r.c.RepositoryConfigurationDelegate.registerRepositoriesIn - Bootstrapping Spring Data JPA repositories in DEFAULT mode.
2024-10-21 18:44:00.624 o.s.d.r.c.RepositoryConfigurationDelegate.registerRepositoriesIn - Finished Spring Data repository scanning in 326 ms. Found 8 JPA repository interfaces.
2024-10-21 18:44:02.343 o.s.b.w.e.tomcat.TomcatWebServer.initialize - Tomcat initialized with port(s): 8081 (http)
2024-10-21 18:44:02.379 o.a.coyote.http11.Http11NioProtocol.log - Initializing ProtocolHandler ["http-nio-8081"]
2024-10-21 18:44:02.382 o.a.catalina.core.StandardService.log - Starting service [Tomcat]
2024-10-21 18:44:02.382 o.a.catalina.core.StandardEngine.log - Starting Servlet engine: [Apache Tomcat/9.0.74]
2024-10-21 18:44:02.783 o.a.c.c.C.[Tomcat].[localhost].[/].log - Initializing Spring embedded WebApplicationContext
2024-10-21 18:44:02.783 o.s.b.w.s.c.ServletWebServerApplicationContext.prepareWebApplicationContext - Root WebApplicationContext: initialization completed in 3713 ms
2024-10-21 18:44:03.119 o.h.jpa.internal.util.LogHelper.logPersistenceUnitInformation - HHH000204: Processing PersistenceUnitInfo [name: default]
2024-10-21 18:44:03.257 org.hibernate.Version.logVersion - HHH000412: Hibernate ORM core version 5.6.15.Final
2024-10-21 18:44:03.704 o.h.annotations.common.Version.<clinit> - HCANN000001: Hibernate Commons Annotations {5.1.2.Final}
2024-10-21 18:44:04.032 com.zaxxer.hikari.HikariDataSource.getConnection - HikariPool-1 - Starting...
2024-10-21 18:44:04.691 com.zaxxer.hikari.HikariDataSource.getConnection - HikariPool-1 - Start completed.
2024-10-21 18:44:04.777 org.hibernate.dialect.Dialect.<init> - HHH000400: Using dialect: org.hibernate.dialect.PostgreSQL10Dialect
2024-10-21 18:44:07.343 o.h.e.t.j.p.i.JtaPlatformInitiator.initiateService - HHH000490: Using JtaPlatform implementation: [org.hibernate.engine.transaction.jta.platform.internal.NoJtaPlatform]
2024-10-21 18:44:07.384 o.s.o.j.LocalContainerEntityManagerFactoryBean.buildNativeEntityManagerFactory - Initialized JPA EntityManagerFactory for persistence unit 'default'
2024-10-21 18:44:11.005 o.s.s.web.DefaultSecurityFilterChain.<init> - Will secure any request with [org.springframework.security.web.session.DisableEncodeUrlFilter@2bc21edd, org.springframework.security.web.context.request.async.WebAsyncManagerIntegrationFilter@3599b7e8, org.springframework.security.web.context.SecurityContextPersistenceFilter@1e205025, org.springframework.web.filter.CorsFilter@2862bac6, org.springframework.security.web.authentication.logout.LogoutFilter@54a5eff, com.cleducate.security.JwtTokenFilter@42fdf45e, org.springframework.security.web.savedrequest.RequestCacheAwareFilter@64096a41, org.springframework.security.web.servletapi.SecurityContextHolderAwareRequestFilter@bb160fb, org.springframework.security.web.authentication.AnonymousAuthenticationFilter@52e5ad71, org.springframework.security.web.session.SessionManagementFilter@35d4fecf, org.springframework.security.web.access.ExceptionTranslationFilter@1a598e30, org.springframework.security.web.access.intercept.AuthorizationFilter@20843604]
2024-10-21 18:44:11.013 o.s.s.web.DefaultSecurityFilterChain.<init> - Will not secure Ant [pattern='/swagger-resources/**']
2024-10-21 18:44:11.016 o.s.s.web.DefaultSecurityFilterChain.<init> - Will not secure Ant [pattern='/swagger-ui/**']
2024-10-21 18:44:11.017 o.s.s.web.DefaultSecurityFilterChain.<init> - Will not secure Ant [pattern='/v3/api-docs/**']
2024-10-21 18:44:11.017 o.s.s.web.DefaultSecurityFilterChain.<init> - Will not secure Ant [pattern='/configuration/**']
2024-10-21 18:44:11.018 o.s.s.web.DefaultSecurityFilterChain.<init> - Will not secure Ant [pattern='/v3/api-docs/swagger-config']
2024-10-21 18:44:11.018 o.s.s.web.DefaultSecurityFilterChain.<init> - Will not secure Ant [pattern='/webjars/**']
2024-10-21 18:44:11.019 o.s.s.web.DefaultSecurityFilterChain.<init> - Will not secure Ant [pattern='/public']
2024-10-21 18:44:11.019 o.s.s.web.DefaultSecurityFilterChain.<init> - Will not secure Ant [pattern='/h2-console/**/**']
2024-10-21 18:44:11.566 o.a.coyote.http11.Http11NioProtocol.log - Starting ProtocolHandler ["http-nio-8081"]
2024-10-21 18:44:11.619 o.s.b.w.e.tomcat.TomcatWebServer.start - Tomcat started on port(s): 8081 (http) with context path ''
2024-10-21 18:44:11.633 com.cleducate.ClEducateApplication.logStarted - Started ClEducateApplication in 13.431 seconds (JVM running for 14.12)
2024-10-21 18:44:24.297 o.a.c.c.C.[Tomcat].[localhost].[/].log - Initializing Spring DispatcherServlet 'dispatcherServlet'
2024-10-21 18:44:24.297 o.s.web.servlet.DispatcherServlet.initServletBean - Initializing Servlet 'dispatcherServlet'
2024-10-21 18:44:24.299 o.s.web.servlet.DispatcherServlet.initServletBean - Completed initialization in 2 ms
2024-10-21 18:53:02.177 o.s.o.j.LocalContainerEntityManagerFactoryBean.destroy - Closing JPA EntityManagerFactory for persistence unit 'default'
2024-10-21 18:53:02.183 com.zaxxer.hikari.HikariDataSource.close - HikariPool-1 - Shutdown initiated...
2024-10-21 18:53:02.198 com.zaxxer.hikari.HikariDataSource.close - HikariPool-1 - Shutdown completed.
2024-10-21 18:53:14.779 o.h.validator.internal.util.Version.<clinit> - HV000001: Hibernate Validator 6.2.5.Final
2024-10-21 18:53:14.806 com.cleducate.ClEducateApplication.logStarting - Starting ClEducateApplication using Java 1.8.0_411 on INTKHAB-KHAN with PID 25316 (D:\I K\SprinBootPractice\studentInteractiveSystem\target\classes started by AMY4632V in D:\I K\SprinBootPractice\studentInteractiveSystem)
2024-10-21 18:53:14.807 com.cleducate.ClEducateApplication.logStartupProfileInfo - The following 1 profile is active: "local"
2024-10-21 18:53:16.202 o.s.d.r.c.RepositoryConfigurationDelegate.registerRepositoriesIn - Bootstrapping Spring Data JPA repositories in DEFAULT mode.
2024-10-21 18:53:16.338 o.s.d.r.c.RepositoryConfigurationDelegate.registerRepositoriesIn - Finished Spring Data repository scanning in 115 ms. Found 8 JPA repository interfaces.
2024-10-21 18:53:17.474 o.s.b.w.e.tomcat.TomcatWebServer.initialize - Tomcat initialized with port(s): 8081 (http)
2024-10-21 18:53:17.490 o.a.coyote.http11.Http11NioProtocol.log - Initializing ProtocolHandler ["http-nio-8081"]
2024-10-21 18:53:17.491 o.a.catalina.core.StandardService.log - Starting service [Tomcat]
2024-10-21 18:53:17.492 o.a.catalina.core.StandardEngine.log - Starting Servlet engine: [Apache Tomcat/9.0.74]
2024-10-21 18:53:17.703 o.a.c.c.C.[Tomcat].[localhost].[/].log - Initializing Spring embedded WebApplicationContext
2024-10-21 18:53:17.703 o.s.b.w.s.c.ServletWebServerApplicationContext.prepareWebApplicationContext - Root WebApplicationContext: initialization completed in 2821 ms
2024-10-21 18:53:17.959 o.h.jpa.internal.util.LogHelper.logPersistenceUnitInformation - HHH000204: Processing PersistenceUnitInfo [name: default]
2024-10-21 18:53:18.036 org.hibernate.Version.logVersion - HHH000412: Hibernate ORM core version 5.6.15.Final
2024-10-21 18:53:18.320 o.h.annotations.common.Version.<clinit> - HCANN000001: Hibernate Commons Annotations {5.1.2.Final}
2024-10-21 18:53:18.490 com.zaxxer.hikari.HikariDataSource.getConnection - HikariPool-1 - Starting...
2024-10-21 18:53:19.148 com.zaxxer.hikari.HikariDataSource.getConnection - HikariPool-1 - Start completed.
2024-10-21 18:53:19.205 org.hibernate.dialect.Dialect.<init> - HHH000400: Using dialect: org.hibernate.dialect.PostgreSQL10Dialect
2024-10-21 18:53:21.500 o.h.e.t.j.p.i.JtaPlatformInitiator.initiateService - HHH000490: Using JtaPlatform implementation: [org.hibernate.engine.transaction.jta.platform.internal.NoJtaPlatform]
2024-10-21 18:53:21.528 o.s.o.j.LocalContainerEntityManagerFactoryBean.buildNativeEntityManagerFactory - Initialized JPA EntityManagerFactory for persistence unit 'default'
2024-10-21 18:53:26.354 o.s.s.web.DefaultSecurityFilterChain.<init> - Will secure any request with [org.springframework.security.web.session.DisableEncodeUrlFilter@6a299b9d, org.springframework.security.web.context.request.async.WebAsyncManagerIntegrationFilter@363fe35a, org.springframework.security.web.context.SecurityContextPersistenceFilter@5ac646b3, org.springframework.web.filter.CorsFilter@a2fb8a5, org.springframework.security.web.authentication.logout.LogoutFilter@3636f2a7, com.cleducate.security.JwtTokenFilter@621392ea, org.springframework.security.web.savedrequest.RequestCacheAwareFilter@5cf072ea, org.springframework.security.web.servletapi.SecurityContextHolderAwareRequestFilter@5909285b, org.springframework.security.web.authentication.AnonymousAuthenticationFilter@350e3fb4, org.springframework.security.web.session.SessionManagementFilter@4a2653a0, org.springframework.security.web.access.ExceptionTranslationFilter@437c1a87, org.springframework.security.web.access.intercept.AuthorizationFilter@12bcf7c6]
2024-10-21 18:53:26.361 o.s.s.web.DefaultSecurityFilterChain.<init> - Will not secure Ant [pattern='/swagger-resources/**']
2024-10-21 18:53:26.363 o.s.s.web.DefaultSecurityFilterChain.<init> - Will not secure Ant [pattern='/swagger-ui/**']
2024-10-21 18:53:26.364 o.s.s.web.DefaultSecurityFilterChain.<init> - Will not secure Ant [pattern='/v3/api-docs/**']
2024-10-21 18:53:26.365 o.s.s.web.DefaultSecurityFilterChain.<init> - Will not secure Ant [pattern='/configuration/**']
2024-10-21 18:53:26.366 o.s.s.web.DefaultSecurityFilterChain.<init> - Will not secure Ant [pattern='/v3/api-docs/swagger-config']
2024-10-21 18:53:26.366 o.s.s.web.DefaultSecurityFilterChain.<init> - Will not secure Ant [pattern='/webjars/**']
2024-10-21 18:53:26.367 o.s.s.web.DefaultSecurityFilterChain.<init> - Will not secure Ant [pattern='/public']
2024-10-21 18:53:26.368 o.s.s.web.DefaultSecurityFilterChain.<init> - Will not secure Ant [pattern='/h2-console/**/**']
2024-10-21 18:53:27.095 o.a.coyote.http11.Http11NioProtocol.log - Starting ProtocolHandler ["http-nio-8081"]
2024-10-21 18:53:27.152 o.s.b.w.e.tomcat.TomcatWebServer.start - Tomcat started on port(s): 8081 (http) with context path ''
2024-10-21 18:53:27.183 com.cleducate.ClEducateApplication.logStarted - Started ClEducateApplication in 13.161 seconds (JVM running for 13.855)
2024-10-21 18:53:35.608 o.a.c.c.C.[Tomcat].[localhost].[/].log - Initializing Spring DispatcherServlet 'dispatcherServlet'
2024-10-21 18:53:35.609 o.s.web.servlet.DispatcherServlet.initServletBean - Initializing Servlet 'dispatcherServlet'
2024-10-21 18:53:35.611 o.s.web.servlet.DispatcherServlet.initServletBean - Completed initialization in 2 ms
2024-10-21 18:58:36.149 o.s.o.j.LocalContainerEntityManagerFactoryBean.destroy - Closing JPA EntityManagerFactory for persistence unit 'default'
2024-10-21 18:58:36.154 com.zaxxer.hikari.HikariDataSource.close - HikariPool-1 - Shutdown initiated...
2024-10-21 18:58:36.163 com.zaxxer.hikari.HikariDataSource.close - HikariPool-1 - Shutdown completed.
2024-10-21 18:58:50.037 o.h.validator.internal.util.Version.<clinit> - HV000001: Hibernate Validator 6.2.5.Final
2024-10-21 18:58:50.060 com.cleducate.ClEducateApplication.logStarting - Starting ClEducateApplication using Java 1.8.0_411 on INTKHAB-KHAN with PID 17492 (D:\I K\SprinBootPractice\studentInteractiveSystem\target\classes started by AMY4632V in D:\I K\SprinBootPractice\studentInteractiveSystem)
2024-10-21 18:58:50.061 com.cleducate.ClEducateApplication.logStartupProfileInfo - The following 1 profile is active: "local"
2024-10-21 18:58:51.271 o.s.d.r.c.RepositoryConfigurationDelegate.registerRepositoriesIn - Bootstrapping Spring Data JPA repositories in DEFAULT mode.
2024-10-21 18:58:51.374 o.s.d.r.c.RepositoryConfigurationDelegate.registerRepositoriesIn - Finished Spring Data repository scanning in 90 ms. Found 8 JPA repository interfaces.
2024-10-21 18:58:52.436 o.s.b.w.e.tomcat.TomcatWebServer.initialize - Tomcat initialized with port(s): 8081 (http)
2024-10-21 18:58:52.447 o.a.coyote.http11.Http11NioProtocol.log - Initializing ProtocolHandler ["http-nio-8081"]
2024-10-21 18:58:52.448 o.a.catalina.core.StandardService.log - Starting service [Tomcat]
2024-10-21 18:58:52.448 o.a.catalina.core.StandardEngine.log - Starting Servlet engine: [Apache Tomcat/9.0.74]
2024-10-21 18:58:52.651 o.a.c.c.C.[Tomcat].[localhost].[/].log - Initializing Spring embedded WebApplicationContext
2024-10-21 18:58:52.652 o.s.b.w.s.c.ServletWebServerApplicationContext.prepareWebApplicationContext - Root WebApplicationContext: initialization completed in 2528 ms
2024-10-21 18:58:52.868 o.h.jpa.internal.util.LogHelper.logPersistenceUnitInformation - HHH000204: Processing PersistenceUnitInfo [name: default]
2024-10-21 18:58:52.947 org.hibernate.Version.logVersion - HHH000412: Hibernate ORM core version 5.6.15.Final
2024-10-21 18:58:53.167 o.h.annotations.common.Version.<clinit> - HCANN000001: Hibernate Commons Annotations {5.1.2.Final}
2024-10-21 18:58:53.298 com.zaxxer.hikari.HikariDataSource.getConnection - HikariPool-1 - Starting...
2024-10-21 18:58:53.765 com.zaxxer.hikari.HikariDataSource.getConnection - HikariPool-1 - Start completed.
2024-10-21 18:58:53.811 org.hibernate.dialect.Dialect.<init> - HHH000400: Using dialect: org.hibernate.dialect.PostgreSQL10Dialect
2024-10-21 18:58:55.622 o.h.e.t.j.p.i.JtaPlatformInitiator.initiateService - HHH000490: Using JtaPlatform implementation: [org.hibernate.engine.transaction.jta.platform.internal.NoJtaPlatform]
2024-10-21 18:58:55.634 o.s.o.j.LocalContainerEntityManagerFactoryBean.buildNativeEntityManagerFactory - Initialized JPA EntityManagerFactory for persistence unit 'default'
2024-10-21 18:58:57.868 o.s.s.web.DefaultSecurityFilterChain.<init> - Will secure any request with [org.springframework.security.web.session.DisableEncodeUrlFilter@24a7d3d3, org.springframework.security.web.context.request.async.WebAsyncManagerIntegrationFilter@43fbc2bf, org.springframework.security.web.context.SecurityContextPersistenceFilter@e5864c2, org.springframework.web.filter.CorsFilter@2c978637, org.springframework.security.web.authentication.logout.LogoutFilter@64540344, com.cleducate.security.JwtTokenFilter@145fe8ab, org.springframework.security.web.savedrequest.RequestCacheAwareFilter@432eb882, org.springframework.security.web.servletapi.SecurityContextHolderAwareRequestFilter@72b10258, org.springframework.security.web.authentication.AnonymousAuthenticationFilter@5e2718b3, org.springframework.security.web.session.SessionManagementFilter@2dc73024, org.springframework.security.web.access.ExceptionTranslationFilter@5cf072ea, org.springframework.security.web.access.intercept.AuthorizationFilter@73a116d]
2024-10-21 18:58:57.874 o.s.s.web.DefaultSecurityFilterChain.<init> - Will not secure Ant [pattern='/swagger-resources/**']
2024-10-21 18:58:57.875 o.s.s.web.DefaultSecurityFilterChain.<init> - Will not secure Ant [pattern='/swagger-ui/**']
2024-10-21 18:58:57.875 o.s.s.web.DefaultSecurityFilterChain.<init> - Will not secure Ant [pattern='/v3/api-docs/**']
2024-10-21 18:58:57.876 o.s.s.web.DefaultSecurityFilterChain.<init> - Will not secure Ant [pattern='/configuration/**']
2024-10-21 18:58:57.876 o.s.s.web.DefaultSecurityFilterChain.<init> - Will not secure Ant [pattern='/v3/api-docs/swagger-config']
2024-10-21 18:58:57.876 o.s.s.web.DefaultSecurityFilterChain.<init> - Will not secure Ant [pattern='/webjars/**']
2024-10-21 18:58:57.876 o.s.s.web.DefaultSecurityFilterChain.<init> - Will not secure Ant [pattern='/public']
2024-10-21 18:58:57.877 o.s.s.web.DefaultSecurityFilterChain.<init> - Will not secure Ant [pattern='/h2-console/**/**']
2024-10-21 18:58:58.233 o.a.coyote.http11.Http11NioProtocol.log - Starting ProtocolHandler ["http-nio-8081"]
2024-10-21 18:58:58.271 o.s.b.w.e.tomcat.TomcatWebServer.start - Tomcat started on port(s): 8081 (http) with context path ''
2024-10-21 18:58:58.285 com.cleducate.ClEducateApplication.logStarted - Started ClEducateApplication in 8.921 seconds (JVM running for 9.543)
2024-10-21 18:59:54.273 o.a.c.c.C.[Tomcat].[localhost].[/].log - Initializing Spring DispatcherServlet 'dispatcherServlet'
2024-10-21 18:59:54.274 o.s.web.servlet.DispatcherServlet.initServletBean - Initializing Servlet 'dispatcherServlet'
2024-10-21 18:59:54.276 o.s.web.servlet.DispatcherServlet.initServletBean - Completed initialization in 2 ms
