2024-10-21 16:15:09.085 o.h.validator.internal.util.Version.<clinit> - HV000001: Hibernate Validator 6.2.5.Final
2024-10-21 16:15:09.109 com.cleducate.ClEducateApplication.logStarting - Starting ClEducateApplication using Java 1.8.0_411 on INTKHAB-KHAN with PID 26084 (D:\I K\SprinBootPractice\studentInteractiveSystem\target\classes started by AMY4632V in D:\I K\SprinBootPractice\studentInteractiveSystem)
2024-10-21 16:15:09.110 com.cleducate.ClEducateApplication.logStartupProfileInfo - The following 1 profile is active: "local"
2024-10-21 16:15:11.025 o.s.d.r.c.RepositoryConfigurationDelegate.registerRepositoriesIn - Bootstrapping Spring Data JPA repositories in DEFAULT mode.
2024-10-21 16:15:11.160 o.s.d.r.c.RepositoryConfigurationDelegate.registerRepositoriesIn - Finished Spring Data repository scanning in 115 ms. Found 8 JPA repository interfaces.
2024-10-21 16:15:12.547 o.s.b.w.e.tomcat.TomcatWebServer.initialize - Tomcat initialized with port(s): 8081 (http)
2024-10-21 16:15:12.566 o.a.coyote.http11.Http11NioProtocol.log - Initializing ProtocolHandler ["http-nio-8081"]
2024-10-21 16:15:12.566 o.a.catalina.core.StandardService.log - Starting service [Tomcat]
2024-10-21 16:15:12.568 o.a.catalina.core.StandardEngine.log - Starting Servlet engine: [Apache Tomcat/9.0.74]
2024-10-21 16:15:15.926 o.a.c.c.C.[Tomcat].[localhost].[/].log - Initializing Spring embedded WebApplicationContext
2024-10-21 16:15:15.926 o.s.b.w.s.c.ServletWebServerApplicationContext.prepareWebApplicationContext - Root WebApplicationContext: initialization completed in 6758 ms
2024-10-21 16:15:16.086 o.h.jpa.internal.util.LogHelper.logPersistenceUnitInformation - HHH000204: Processing PersistenceUnitInfo [name: default]
2024-10-21 16:15:16.171 org.hibernate.Version.logVersion - HHH000412: Hibernate ORM core version 5.6.15.Final
2024-10-21 16:15:16.470 o.h.annotations.common.Version.<clinit> - HCANN000001: Hibernate Commons Annotations {5.1.2.Final}
2024-10-21 16:15:16.609 com.zaxxer.hikari.HikariDataSource.getConnection - HikariPool-1 - Starting...
2024-10-21 16:15:17.077 com.zaxxer.hikari.HikariDataSource.getConnection - HikariPool-1 - Start completed.
2024-10-21 16:15:17.127 org.hibernate.dialect.Dialect.<init> - HHH000400: Using dialect: org.hibernate.dialect.PostgreSQL10Dialect
2024-10-21 16:15:18.788 o.h.e.t.j.p.i.JtaPlatformInitiator.initiateService - HHH000490: Using JtaPlatform implementation: [org.hibernate.engine.transaction.jta.platform.internal.NoJtaPlatform]
2024-10-21 16:15:18.800 o.s.o.j.LocalContainerEntityManagerFactoryBean.buildNativeEntityManagerFactory - Initialized JPA EntityManagerFactory for persistence unit 'default'
2024-10-21 16:15:20.771 o.s.s.web.DefaultSecurityFilterChain.<init> - Will secure any request with [org.springframework.security.web.session.DisableEncodeUrlFilter@9de1b85, org.springframework.security.web.context.request.async.WebAsyncManagerIntegrationFilter@3d405fe5, org.springframework.security.web.context.SecurityContextPersistenceFilter@21688427, org.springframework.web.filter.CorsFilter@52c6e959, org.springframework.security.web.authentication.logout.LogoutFilter@40b70f31, com.cleducate.security.JwtTokenFilter@49fe0bcd, org.springframework.security.web.savedrequest.RequestCacheAwareFilter@3e2578ea, org.springframework.security.web.servletapi.SecurityContextHolderAwareRequestFilter@3e595da3, org.springframework.security.web.authentication.AnonymousAuthenticationFilter@4b475742, org.springframework.security.web.session.SessionManagementFilter@5621a671, org.springframework.security.web.access.ExceptionTranslationFilter@6ad3fbe4, org.springframework.security.web.access.intercept.AuthorizationFilter@6c8e5ac4]
2024-10-21 16:15:20.797 o.s.s.web.DefaultSecurityFilterChain.<init> - Will not secure Ant [pattern='/swagger-resources/**']
2024-10-21 16:15:20.799 o.s.s.web.DefaultSecurityFilterChain.<init> - Will not secure Ant [pattern='/swagger-ui/**']
2024-10-21 16:15:20.799 o.s.s.web.DefaultSecurityFilterChain.<init> - Will not secure Ant [pattern='/v3/api-docs/**']
2024-10-21 16:15:20.799 o.s.s.web.DefaultSecurityFilterChain.<init> - Will not secure Ant [pattern='/configuration/**']
2024-10-21 16:15:20.800 o.s.s.web.DefaultSecurityFilterChain.<init> - Will not secure Ant [pattern='/v3/api-docs/swagger-config']
2024-10-21 16:15:20.800 o.s.s.web.DefaultSecurityFilterChain.<init> - Will not secure Ant [pattern='/webjars/**']
2024-10-21 16:15:20.801 o.s.s.web.DefaultSecurityFilterChain.<init> - Will not secure Ant [pattern='/public']
2024-10-21 16:15:20.801 o.s.s.web.DefaultSecurityFilterChain.<init> - Will not secure Ant [pattern='/h2-console/**/**']
2024-10-21 16:15:21.215 o.a.coyote.http11.Http11NioProtocol.log - Starting ProtocolHandler ["http-nio-8081"]
2024-10-21 16:15:21.253 o.s.b.w.e.tomcat.TomcatWebServer.start - Tomcat started on port(s): 8081 (http) with context path ''
2024-10-21 16:15:21.266 com.cleducate.ClEducateApplication.logStarted - Started ClEducateApplication in 12.869 seconds (JVM running for 13.66)
2024-10-21 16:17:12.352 o.a.c.c.C.[Tomcat].[localhost].[/].log - Initializing Spring DispatcherServlet 'dispatcherServlet'
2024-10-21 16:17:12.353 o.s.web.servlet.DispatcherServlet.initServletBean - Initializing Servlet 'dispatcherServlet'
2024-10-21 16:17:12.353 o.s.web.servlet.DispatcherServlet.initServletBean - Completed initialization in 0 ms
2024-10-21 16:17:12.981 o.s.api.AbstractOpenApiResource.getOpenApi - Init duration for springdoc-openapi is: 330 ms
