2024-10-22 15:32:55.540 o.s.o.j.LocalContainerEntityManagerFactoryBean.destroy - Closing JPA EntityManagerFactory for persistence unit 'default'
2024-10-22 15:32:55.547 com.zaxxer.hikari.HikariDataSource.close - HikariPool-1 - Shutdown initiated...
2024-10-22 15:32:55.556 com.zaxxer.hikari.HikariDataSource.close - HikariPool-1 - Shutdown completed.
2024-10-22 15:33:04.288 o.h.validator.internal.util.Version.<clinit> - HV000001: Hibernate Validator 6.2.5.Final
2024-10-22 15:33:04.308 com.cleducate.ClEducateApplication.logStarting - Starting ClEducateApplication using Java 1.8.0_411 on INTKHAB-KHAN with PID 16348 (D:\I K\SprinBootPractice\studentInteractiveSystem\target\classes started by AMY4632V in D:\I K\SprinBootPractice\studentInteractiveSystem)
2024-10-22 15:33:04.309 com.cleducate.ClEducateApplication.logStartupProfileInfo - The following 1 profile is active: "local"
2024-10-22 15:33:06.494 o.s.d.r.c.RepositoryConfigurationDelegate.registerRepositoriesIn - Bootstrapping Spring Data JPA repositories in DEFAULT mode.
2024-10-22 15:33:06.661 o.s.d.r.c.RepositoryConfigurationDelegate.registerRepositoriesIn - Finished Spring Data repository scanning in 143 ms. Found 8 JPA repository interfaces.
2024-10-22 15:33:07.956 o.s.b.w.e.tomcat.TomcatWebServer.initialize - Tomcat initialized with port(s): 8081 (http)
2024-10-22 15:33:07.972 o.a.coyote.http11.Http11NioProtocol.log - Initializing ProtocolHandler ["http-nio-8081"]
2024-10-22 15:33:07.973 o.a.catalina.core.StandardService.log - Starting service [Tomcat]
2024-10-22 15:33:07.973 o.a.catalina.core.StandardEngine.log - Starting Servlet engine: [Apache Tomcat/9.0.74]
2024-10-22 15:33:08.207 o.a.c.c.C.[Tomcat].[localhost].[/].log - Initializing Spring embedded WebApplicationContext
2024-10-22 15:33:08.208 o.s.b.w.s.c.ServletWebServerApplicationContext.prepareWebApplicationContext - Root WebApplicationContext: initialization completed in 3807 ms
2024-10-22 15:33:08.469 o.h.jpa.internal.util.LogHelper.logPersistenceUnitInformation - HHH000204: Processing PersistenceUnitInfo [name: default]
2024-10-22 15:33:08.584 org.hibernate.Version.logVersion - HHH000412: Hibernate ORM core version 5.6.15.Final
2024-10-22 15:33:08.867 o.h.annotations.common.Version.<clinit> - HCANN000001: Hibernate Commons Annotations {5.1.2.Final}
2024-10-22 15:33:09.029 com.zaxxer.hikari.HikariDataSource.getConnection - HikariPool-1 - Starting...
2024-10-22 15:33:09.609 com.zaxxer.hikari.HikariDataSource.getConnection - HikariPool-1 - Start completed.
2024-10-22 15:33:09.692 org.hibernate.dialect.Dialect.<init> - HHH000400: Using dialect: org.hibernate.dialect.PostgreSQL10Dialect
2024-10-22 15:33:11.956 o.h.e.t.j.p.i.JtaPlatformInitiator.initiateService - HHH000490: Using JtaPlatform implementation: [org.hibernate.engine.transaction.jta.platform.internal.NoJtaPlatform]
2024-10-22 15:33:11.969 o.s.o.j.LocalContainerEntityManagerFactoryBean.buildNativeEntityManagerFactory - Initialized JPA EntityManagerFactory for persistence unit 'default'
2024-10-22 15:33:14.809 o.s.s.web.DefaultSecurityFilterChain.<init> - Will secure any request with [org.springframework.security.web.session.DisableEncodeUrlFilter@4d79d187, org.springframework.security.web.context.request.async.WebAsyncManagerIntegrationFilter@3e63bd6b, org.springframework.security.web.context.SecurityContextPersistenceFilter@1aaaabd1, org.springframework.web.filter.CorsFilter@48144f1a, org.springframework.security.web.authentication.logout.LogoutFilter@2059f785, com.cleducate.security.JwtTokenFilter@1dd64243, org.springframework.security.web.savedrequest.RequestCacheAwareFilter@40b70f31, org.springframework.security.web.servletapi.SecurityContextHolderAwareRequestFilter@559c4e06, org.springframework.security.web.authentication.AnonymousAuthenticationFilter@6f7b8ae1, org.springframework.security.web.session.SessionManagementFilter@7bc8ffbc, org.springframework.security.web.access.ExceptionTranslationFilter@79e90571, org.springframework.security.web.access.intercept.AuthorizationFilter@24842b8e]
2024-10-22 15:33:14.826 o.s.s.web.DefaultSecurityFilterChain.<init> - Will not secure Ant [pattern='/swagger-resources/**']
2024-10-22 15:33:14.827 o.s.s.web.DefaultSecurityFilterChain.<init> - Will not secure Ant [pattern='/swagger-ui/**']
2024-10-22 15:33:14.828 o.s.s.web.DefaultSecurityFilterChain.<init> - Will not secure Ant [pattern='/v3/api-docs/**']
2024-10-22 15:33:14.828 o.s.s.web.DefaultSecurityFilterChain.<init> - Will not secure Ant [pattern='/configuration/**']
2024-10-22 15:33:14.829 o.s.s.web.DefaultSecurityFilterChain.<init> - Will not secure Ant [pattern='/v3/api-docs/swagger-config']
2024-10-22 15:33:14.829 o.s.s.web.DefaultSecurityFilterChain.<init> - Will not secure Ant [pattern='/webjars/**']
2024-10-22 15:33:14.829 o.s.s.web.DefaultSecurityFilterChain.<init> - Will not secure Ant [pattern='/public']
2024-10-22 15:33:14.830 o.s.s.web.DefaultSecurityFilterChain.<init> - Will not secure Ant [pattern='/h2-console/**/**']
2024-10-22 15:33:15.277 o.a.coyote.http11.Http11NioProtocol.log - Starting ProtocolHandler ["http-nio-8081"]
2024-10-22 15:33:15.313 o.s.b.w.e.tomcat.TomcatWebServer.start - Tomcat started on port(s): 8081 (http) with context path ''
2024-10-22 15:33:15.329 com.cleducate.ClEducateApplication.logStarted - Started ClEducateApplication in 12.029 seconds (JVM running for 12.84)
2024-10-22 15:33:28.072 o.a.c.c.C.[Tomcat].[localhost].[/].log - Initializing Spring DispatcherServlet 'dispatcherServlet'
2024-10-22 15:33:28.073 o.s.web.servlet.DispatcherServlet.initServletBean - Initializing Servlet 'dispatcherServlet'
2024-10-22 15:33:28.074 o.s.web.servlet.DispatcherServlet.initServletBean - Completed initialization in 1 ms
2024-10-22 15:34:13.592 c.cleducate.service.EmailServiceImpl.lambda$sendEmail$0 - MAIL SENT SUCCESSFULLY TO EMAIL_ID :: aarav.sharma@yopmail.com , EMAIL_SUBJECT :: Your Account Is Successfully Created!!!, TEMPLATE_NAME :: sendEmailOnClientRegistration
2024-10-22 15:35:56.232 c.cleducate.service.EmailServiceImpl.lambda$sendEmail$0 - MAIL SENT SUCCESSFULLY TO EMAIL_ID :: aarav.sharma@yopmail.com , EMAIL_SUBJECT :: Your Profile Is Successfully Created!!!, TEMPLATE_NAME :: sendEmailOnClientProfileCompletion
2024-10-22 15:39:07.771 c.cleducate.service.EmailServiceImpl.lambda$sendEmail$0 - MAIL SENT SUCCESSFULLY TO EMAIL_ID :: aarav.sharma@yopmail.com , EMAIL_SUBJECT :: Welcome! You have been enrolled in a new course., TEMPLATE_NAME :: sendEmailOnClientCourseEnrollment
2024-10-22 15:39:08.723 c.cleducate.service.EmailServiceImpl.lambda$sendEmail$0 - MAIL SENT SUCCESSFULLY TO EMAIL_ID :: intkhabkhanofficial@gmail.com , EMAIL_SUBJECT :: New User Enrollment: A user has been enrolled in a course., TEMPLATE_NAME :: sendEmailToAdminOnClientCourseEnrollment
2024-10-22 15:46:36.984 o.s.o.j.LocalContainerEntityManagerFactoryBean.destroy - Closing JPA EntityManagerFactory for persistence unit 'default'
2024-10-22 15:46:36.987 com.zaxxer.hikari.HikariDataSource.close - HikariPool-1 - Shutdown initiated...
2024-10-22 15:46:36.992 com.zaxxer.hikari.HikariDataSource.close - HikariPool-1 - Shutdown completed.
