2024-10-22 13:51:12.495 o.s.o.j.LocalContainerEntityManagerFactoryBean.destroy - Closing JPA EntityManagerFactory for persistence unit 'default'
2024-10-22 13:51:12.500 com.zaxxer.hikari.HikariDataSource.close - HikariPool-1 - Shutdown initiated...
2024-10-22 13:51:12.506 com.zaxxer.hikari.HikariDataSource.close - HikariPool-1 - Shutdown completed.
2024-10-22 13:56:30.384 o.h.validator.internal.util.Version.<clinit> - HV000001: Hibernate Validator 6.2.5.Final
2024-10-22 13:56:30.417 com.cleducate.ClEducateApplication.logStarting - Starting ClEducateApplication using Java 1.8.0_411 on INTKHAB-KHAN with PID 19228 (D:\I K\SprinBootPractice\studentInteractiveSystem\target\classes started by AMY4632V in D:\I K\SprinBootPractice\studentInteractiveSystem)
2024-10-22 13:56:30.418 com.cleducate.ClEducateApplication.logStartupProfileInfo - The following 1 profile is active: "local"
2024-10-22 13:56:32.003 o.s.d.r.c.RepositoryConfigurationDelegate.registerRepositoriesIn - Bootstrapping Spring Data JPA repositories in DEFAULT mode.
2024-10-22 13:56:32.099 o.s.d.r.c.RepositoryConfigurationDelegate.registerRepositoriesIn - Finished Spring Data repository scanning in 82 ms. Found 8 JPA repository interfaces.
2024-10-22 13:56:33.068 o.s.b.w.e.tomcat.TomcatWebServer.initialize - Tomcat initialized with port(s): 8081 (http)
2024-10-22 13:56:33.081 o.a.coyote.http11.Http11NioProtocol.log - Initializing ProtocolHandler ["http-nio-8081"]
2024-10-22 13:56:33.082 o.a.catalina.core.StandardService.log - Starting service [Tomcat]
2024-10-22 13:56:33.082 o.a.catalina.core.StandardEngine.log - Starting Servlet engine: [Apache Tomcat/9.0.74]
2024-10-22 13:56:33.771 o.a.c.c.C.[Tomcat].[localhost].[/].log - Initializing Spring embedded WebApplicationContext
2024-10-22 13:56:33.771 o.s.b.w.s.c.ServletWebServerApplicationContext.prepareWebApplicationContext - Root WebApplicationContext: initialization completed in 3291 ms
2024-10-22 13:56:33.961 o.h.jpa.internal.util.LogHelper.logPersistenceUnitInformation - HHH000204: Processing PersistenceUnitInfo [name: default]
2024-10-22 13:56:34.072 org.hibernate.Version.logVersion - HHH000412: Hibernate ORM core version 5.6.15.Final
2024-10-22 13:56:34.305 o.h.annotations.common.Version.<clinit> - HCANN000001: Hibernate Commons Annotations {5.1.2.Final}
2024-10-22 13:56:34.458 com.zaxxer.hikari.HikariDataSource.getConnection - HikariPool-1 - Starting...
2024-10-22 13:56:34.913 com.zaxxer.hikari.HikariDataSource.getConnection - HikariPool-1 - Start completed.
2024-10-22 13:56:34.960 org.hibernate.dialect.Dialect.<init> - HHH000400: Using dialect: org.hibernate.dialect.PostgreSQL10Dialect
2024-10-22 13:56:36.393 o.h.e.t.j.p.i.JtaPlatformInitiator.initiateService - HHH000490: Using JtaPlatform implementation: [org.hibernate.engine.transaction.jta.platform.internal.NoJtaPlatform]
2024-10-22 13:56:36.404 o.s.o.j.LocalContainerEntityManagerFactoryBean.buildNativeEntityManagerFactory - Initialized JPA EntityManagerFactory for persistence unit 'default'
2024-10-22 13:56:38.487 o.s.s.web.DefaultSecurityFilterChain.<init> - Will secure any request with [org.springframework.security.web.session.DisableEncodeUrlFilter@13cc31df, org.springframework.security.web.context.request.async.WebAsyncManagerIntegrationFilter@24a7d3d3, org.springframework.security.web.context.SecurityContextPersistenceFilter@42cd0fc6, org.springframework.web.filter.CorsFilter@43fbc2bf, org.springframework.security.web.authentication.logout.LogoutFilter@1123d461, com.cleducate.security.JwtTokenFilter@145fe8ab, org.springframework.security.web.savedrequest.RequestCacheAwareFilter@577cf459, org.springframework.security.web.servletapi.SecurityContextHolderAwareRequestFilter@22368ddc, org.springframework.security.web.authentication.AnonymousAuthenticationFilter@2c978637, org.springframework.security.web.session.SessionManagementFilter@3d9c8c3c, org.springframework.security.web.access.ExceptionTranslationFilter@24b38e8f, org.springframework.security.web.access.intercept.AuthorizationFilter@7cec3975]
2024-10-22 13:56:38.491 o.s.s.web.DefaultSecurityFilterChain.<init> - Will not secure Ant [pattern='/swagger-resources/**']
2024-10-22 13:56:38.492 o.s.s.web.DefaultSecurityFilterChain.<init> - Will not secure Ant [pattern='/swagger-ui/**']
2024-10-22 13:56:38.492 o.s.s.web.DefaultSecurityFilterChain.<init> - Will not secure Ant [pattern='/v3/api-docs/**']
2024-10-22 13:56:38.492 o.s.s.web.DefaultSecurityFilterChain.<init> - Will not secure Ant [pattern='/configuration/**']
2024-10-22 13:56:38.493 o.s.s.web.DefaultSecurityFilterChain.<init> - Will not secure Ant [pattern='/v3/api-docs/swagger-config']
2024-10-22 13:56:38.493 o.s.s.web.DefaultSecurityFilterChain.<init> - Will not secure Ant [pattern='/webjars/**']
2024-10-22 13:56:38.493 o.s.s.web.DefaultSecurityFilterChain.<init> - Will not secure Ant [pattern='/public']
2024-10-22 13:56:38.494 o.s.s.web.DefaultSecurityFilterChain.<init> - Will not secure Ant [pattern='/h2-console/**/**']
2024-10-22 13:56:38.766 o.a.coyote.http11.Http11NioProtocol.log - Starting ProtocolHandler ["http-nio-8081"]
2024-10-22 13:56:38.784 o.s.b.w.e.tomcat.TomcatWebServer.start - Tomcat started on port(s): 8081 (http) with context path ''
2024-10-22 13:56:38.792 com.cleducate.ClEducateApplication.logStarted - Started ClEducateApplication in 8.998 seconds (JVM running for 9.644)
2024-10-22 13:56:49.895 o.a.c.c.C.[Tomcat].[localhost].[/].log - Initializing Spring DispatcherServlet 'dispatcherServlet'
2024-10-22 13:56:49.895 o.s.web.servlet.DispatcherServlet.initServletBean - Initializing Servlet 'dispatcherServlet'
2024-10-22 13:56:49.896 o.s.web.servlet.DispatcherServlet.initServletBean - Completed initialization in 1 ms
2024-10-22 13:56:55.686 o.s.api.AbstractOpenApiResource.getOpenApi - Init duration for springdoc-openapi is: 330 ms
