2024-10-12 20:16:06.001 o.s.b.d.LoggingFailureAnalysisReporter.report - 

***************************
APPLICATION FAILED TO START
***************************

Description:

Parameter 1 of constructor in com.cleducate.service.RegisterClientServiceImpl required a bean of type 'org.springframework.security.crypto.bcrypt.BCryptPasswordEncoder' that could not be found.


Action:

Consider defining a bean of type 'org.springframework.security.crypto.bcrypt.BCryptPasswordEncoder' in your configuration.

2024-10-12 20:16:37.271 o.s.b.d.LoggingFailureAnalysisReporter.report - 

***************************
APPLICATION FAILED TO START
***************************

Description:

Parameter 1 of constructor in com.cleducate.service.RegisterClientServiceImpl required a bean of type 'org.springframework.security.crypto.bcrypt.BCryptPasswordEncoder' that could not be found.


Action:

Consider defining a bean of type 'org.springframework.security.crypto.bcrypt.BCryptPasswordEncoder' in your configuration.

2024-10-12 20:47:13.702 c.c.controller.AdminController.registerClient - EXCEPTION OCCURRED :: 
2024-10-12 20:48:21.093 c.c.controller.AdminController.registerClient - EXCEPTION OCCURRED :: 
2024-10-12 20:48:47.486 c.c.controller.AdminController.registerClient - EXCEPTION OCCURRED :: 
2024-10-12 20:52:50.272 c.c.controller.AdminController.registerClient - EXCEPTION OCCURRED :: 
