2024-10-17 17:00:56.226 o.s.o.j.LocalContainerEntityManagerFactoryBean.destroy - Closing JPA EntityManagerFactory for persistence unit 'default'
2024-10-17 17:00:56.230 com.zaxxer.hikari.HikariDataSource.close - HikariPool-1 - Shutdown initiated...
2024-10-17 17:00:56.241 com.zaxxer.hikari.HikariDataSource.close - HikariPool-1 - Shutdown completed.
2024-10-17 17:01:03.109 o.h.validator.internal.util.Version.<clinit> - HV000001: Hibernate Validator 6.2.5.Final
2024-10-17 17:01:03.119 com.cleducate.ClEducateApplication.logStarting - Starting ClEducateApplication using Java 1.8.0_411 on INTKHAB-KHAN with PID 35640 (D:\I K\SprinBootPractice\studentInteractiveSystem\target\classes started by AMY4632V in D:\I K\SprinBootPractice\studentInteractiveSystem)
2024-10-17 17:01:03.121 com.cleducate.ClEducateApplication.logStartupProfileInfo - The following 1 profile is active: "local"
2024-10-17 17:01:04.175 o.s.d.r.c.RepositoryConfigurationDelegate.registerRepositoriesIn - Bootstrapping Spring Data JPA repositories in DEFAULT mode.
2024-10-17 17:01:04.428 o.s.d.r.c.RepositoryConfigurationDelegate.registerRepositoriesIn - Finished Spring Data repository scanning in 239 ms. Found 7 JPA repository interfaces.
2024-10-17 17:01:06.343 o.s.b.w.e.tomcat.TomcatWebServer.initialize - Tomcat initialized with port(s): 8081 (http)
2024-10-17 17:01:06.362 o.a.coyote.http11.Http11NioProtocol.log - Initializing ProtocolHandler ["http-nio-8081"]
2024-10-17 17:01:06.364 o.a.catalina.core.StandardService.log - Starting service [Tomcat]
2024-10-17 17:01:06.364 o.a.catalina.core.StandardEngine.log - Starting Servlet engine: [Apache Tomcat/9.0.74]
2024-10-17 17:01:06.698 o.a.c.c.C.[Tomcat].[localhost].[/].log - Initializing Spring embedded WebApplicationContext
2024-10-17 17:01:06.698 o.s.b.w.s.c.ServletWebServerApplicationContext.prepareWebApplicationContext - Root WebApplicationContext: initialization completed in 3515 ms
2024-10-17 17:01:06.985 o.h.jpa.internal.util.LogHelper.logPersistenceUnitInformation - HHH000204: Processing PersistenceUnitInfo [name: default]
2024-10-17 17:01:07.107 org.hibernate.Version.logVersion - HHH000412: Hibernate ORM core version 5.6.15.Final
2024-10-17 17:01:07.694 o.h.annotations.common.Version.<clinit> - HCANN000001: Hibernate Commons Annotations {5.1.2.Final}
2024-10-17 17:01:08.211 com.zaxxer.hikari.HikariDataSource.getConnection - HikariPool-1 - Starting...
2024-10-17 17:01:09.241 com.zaxxer.hikari.HikariDataSource.getConnection - HikariPool-1 - Start completed.
2024-10-17 17:01:09.309 org.hibernate.dialect.Dialect.<init> - HHH000400: Using dialect: org.hibernate.dialect.PostgreSQL10Dialect
2024-10-17 17:01:11.364 o.h.e.t.j.p.i.JtaPlatformInitiator.initiateService - HHH000490: Using JtaPlatform implementation: [org.hibernate.engine.transaction.jta.platform.internal.NoJtaPlatform]
2024-10-17 17:01:11.406 o.s.o.j.LocalContainerEntityManagerFactoryBean.buildNativeEntityManagerFactory - Initialized JPA EntityManagerFactory for persistence unit 'default'
2024-10-17 17:01:14.490 o.s.s.web.DefaultSecurityFilterChain.<init> - Will secure any request with [org.springframework.security.web.session.DisableEncodeUrlFilter@42fc744, org.springframework.security.web.context.request.async.WebAsyncManagerIntegrationFilter@3db145f7, org.springframework.security.web.context.SecurityContextPersistenceFilter@6b7ebac1, org.springframework.web.filter.CorsFilter@25bd68ea, org.springframework.security.web.authentication.logout.LogoutFilter@5cbaafbd, com.cleducate.security.JwtTokenFilter@74ed7111, org.springframework.security.web.savedrequest.RequestCacheAwareFilter@1b897ffb, org.springframework.security.web.servletapi.SecurityContextHolderAwareRequestFilter@2eed6331, org.springframework.security.web.authentication.AnonymousAuthenticationFilter@7915111a, org.springframework.security.web.session.SessionManagementFilter@5b312863, org.springframework.security.web.access.ExceptionTranslationFilter@2a5c115b, org.springframework.security.web.access.intercept.AuthorizationFilter@6805415d]
2024-10-17 17:01:14.509 o.s.s.web.DefaultSecurityFilterChain.<init> - Will not secure Ant [pattern='/swagger-resources/**']
2024-10-17 17:01:14.514 o.s.s.web.DefaultSecurityFilterChain.<init> - Will not secure Ant [pattern='/swagger-ui/**']
2024-10-17 17:01:14.514 o.s.s.web.DefaultSecurityFilterChain.<init> - Will not secure Ant [pattern='/v3/api-docs/**']
2024-10-17 17:01:14.515 o.s.s.web.DefaultSecurityFilterChain.<init> - Will not secure Ant [pattern='/configuration/**']
2024-10-17 17:01:14.515 o.s.s.web.DefaultSecurityFilterChain.<init> - Will not secure Ant [pattern='/v3/api-docs/swagger-config']
2024-10-17 17:01:14.515 o.s.s.web.DefaultSecurityFilterChain.<init> - Will not secure Ant [pattern='/webjars/**']
2024-10-17 17:01:14.516 o.s.s.web.DefaultSecurityFilterChain.<init> - Will not secure Ant [pattern='/public']
2024-10-17 17:01:14.516 o.s.s.web.DefaultSecurityFilterChain.<init> - Will not secure Ant [pattern='/h2-console/**/**']
2024-10-17 17:01:15.019 o.a.coyote.http11.Http11NioProtocol.log - Starting ProtocolHandler ["http-nio-8081"]
2024-10-17 17:01:15.097 o.s.b.w.e.tomcat.TomcatWebServer.start - Tomcat started on port(s): 8081 (http) with context path ''
2024-10-17 17:01:15.114 com.cleducate.ClEducateApplication.logStarted - Started ClEducateApplication in 12.672 seconds (JVM running for 13.457)
2024-10-17 17:01:34.946 o.a.c.c.C.[Tomcat].[localhost].[/].log - Initializing Spring DispatcherServlet 'dispatcherServlet'
2024-10-17 17:01:34.946 o.s.web.servlet.DispatcherServlet.initServletBean - Initializing Servlet 'dispatcherServlet'
2024-10-17 17:01:34.947 o.s.web.servlet.DispatcherServlet.initServletBean - Completed initialization in 1 ms
2024-10-17 17:02:40.450 o.s.o.j.LocalContainerEntityManagerFactoryBean.destroy - Closing JPA EntityManagerFactory for persistence unit 'default'
2024-10-17 17:02:40.452 com.zaxxer.hikari.HikariDataSource.close - HikariPool-1 - Shutdown initiated...
2024-10-17 17:02:40.458 com.zaxxer.hikari.HikariDataSource.close - HikariPool-1 - Shutdown completed.
2024-10-17 17:11:19.213 o.h.validator.internal.util.Version.<clinit> - HV000001: Hibernate Validator 6.2.5.Final
2024-10-17 17:11:19.227 com.cleducate.ClEducateApplication.logStarting - Starting ClEducateApplication using Java 1.8.0_411 on INTKHAB-KHAN with PID 36304 (D:\I K\SprinBootPractice\studentInteractiveSystem\target\classes started by AMY4632V in D:\I K\SprinBootPractice\studentInteractiveSystem)
2024-10-17 17:11:19.227 com.cleducate.ClEducateApplication.logStartupProfileInfo - The following 1 profile is active: "local"
2024-10-17 17:11:20.165 o.s.d.r.c.RepositoryConfigurationDelegate.registerRepositoriesIn - Bootstrapping Spring Data JPA repositories in DEFAULT mode.
2024-10-17 17:11:20.254 o.s.d.r.c.RepositoryConfigurationDelegate.registerRepositoriesIn - Finished Spring Data repository scanning in 75 ms. Found 7 JPA repository interfaces.
2024-10-17 17:11:21.090 o.s.b.w.e.tomcat.TomcatWebServer.initialize - Tomcat initialized with port(s): 8081 (http)
2024-10-17 17:11:21.098 o.a.coyote.http11.Http11NioProtocol.log - Initializing ProtocolHandler ["http-nio-8081"]
2024-10-17 17:11:21.099 o.a.catalina.core.StandardService.log - Starting service [Tomcat]
2024-10-17 17:11:21.099 o.a.catalina.core.StandardEngine.log - Starting Servlet engine: [Apache Tomcat/9.0.74]
2024-10-17 17:11:21.254 o.a.c.c.C.[Tomcat].[localhost].[/].log - Initializing Spring embedded WebApplicationContext
2024-10-17 17:11:21.255 o.s.b.w.s.c.ServletWebServerApplicationContext.prepareWebApplicationContext - Root WebApplicationContext: initialization completed in 1972 ms
2024-10-17 17:11:21.421 o.h.jpa.internal.util.LogHelper.logPersistenceUnitInformation - HHH000204: Processing PersistenceUnitInfo [name: default]
2024-10-17 17:11:21.480 org.hibernate.Version.logVersion - HHH000412: Hibernate ORM core version 5.6.15.Final
2024-10-17 17:11:21.647 o.h.annotations.common.Version.<clinit> - HCANN000001: Hibernate Commons Annotations {5.1.2.Final}
2024-10-17 17:11:21.751 com.zaxxer.hikari.HikariDataSource.getConnection - HikariPool-1 - Starting...
2024-10-17 17:11:22.150 com.zaxxer.hikari.HikariDataSource.getConnection - HikariPool-1 - Start completed.
2024-10-17 17:11:22.187 org.hibernate.dialect.Dialect.<init> - HHH000400: Using dialect: org.hibernate.dialect.PostgreSQL10Dialect
2024-10-17 17:11:23.475 o.h.e.t.j.p.i.JtaPlatformInitiator.initiateService - HHH000490: Using JtaPlatform implementation: [org.hibernate.engine.transaction.jta.platform.internal.NoJtaPlatform]
2024-10-17 17:11:23.486 o.s.o.j.LocalContainerEntityManagerFactoryBean.buildNativeEntityManagerFactory - Initialized JPA EntityManagerFactory for persistence unit 'default'
2024-10-17 17:11:25.248 o.s.s.web.DefaultSecurityFilterChain.<init> - Will secure any request with [org.springframework.security.web.session.DisableEncodeUrlFilter@69419d59, org.springframework.security.web.context.request.async.WebAsyncManagerIntegrationFilter@7affee54, org.springframework.security.web.context.SecurityContextPersistenceFilter@43090195, org.springframework.web.filter.CorsFilter@96075c0, org.springframework.security.web.authentication.logout.LogoutFilter@24258b54, com.cleducate.security.JwtTokenFilter@5ee581db, org.springframework.security.web.savedrequest.RequestCacheAwareFilter@6fc28e5b, org.springframework.security.web.servletapi.SecurityContextHolderAwareRequestFilter@415262a0, org.springframework.security.web.authentication.AnonymousAuthenticationFilter@2337bf27, org.springframework.security.web.session.SessionManagementFilter@4d0b7fd5, org.springframework.security.web.access.ExceptionTranslationFilter@217b0952, org.springframework.security.web.access.intercept.AuthorizationFilter@73e399cc]
2024-10-17 17:11:25.261 o.s.s.web.DefaultSecurityFilterChain.<init> - Will not secure Ant [pattern='/swagger-resources/**']
2024-10-17 17:11:25.262 o.s.s.web.DefaultSecurityFilterChain.<init> - Will not secure Ant [pattern='/swagger-ui/**']
2024-10-17 17:11:25.262 o.s.s.web.DefaultSecurityFilterChain.<init> - Will not secure Ant [pattern='/v3/api-docs/**']
2024-10-17 17:11:25.262 o.s.s.web.DefaultSecurityFilterChain.<init> - Will not secure Ant [pattern='/configuration/**']
2024-10-17 17:11:25.262 o.s.s.web.DefaultSecurityFilterChain.<init> - Will not secure Ant [pattern='/v3/api-docs/swagger-config']
2024-10-17 17:11:25.262 o.s.s.web.DefaultSecurityFilterChain.<init> - Will not secure Ant [pattern='/webjars/**']
2024-10-17 17:11:25.263 o.s.s.web.DefaultSecurityFilterChain.<init> - Will not secure Ant [pattern='/public']
2024-10-17 17:11:25.263 o.s.s.web.DefaultSecurityFilterChain.<init> - Will not secure Ant [pattern='/h2-console/**/**']
2024-10-17 17:11:25.557 o.a.coyote.http11.Http11NioProtocol.log - Starting ProtocolHandler ["http-nio-8081"]
2024-10-17 17:11:25.588 o.s.b.w.e.tomcat.TomcatWebServer.start - Tomcat started on port(s): 8081 (http) with context path ''
2024-10-17 17:11:25.597 com.cleducate.ClEducateApplication.logStarted - Started ClEducateApplication in 6.966 seconds (JVM running for 7.483)
2024-10-17 17:11:40.845 o.a.c.c.C.[Tomcat].[localhost].[/].log - Initializing Spring DispatcherServlet 'dispatcherServlet'
2024-10-17 17:11:40.846 o.s.web.servlet.DispatcherServlet.initServletBean - Initializing Servlet 'dispatcherServlet'
2024-10-17 17:11:40.847 o.s.web.servlet.DispatcherServlet.initServletBean - Completed initialization in 1 ms
2024-10-17 17:16:25.520 o.s.o.j.LocalContainerEntityManagerFactoryBean.destroy - Closing JPA EntityManagerFactory for persistence unit 'default'
2024-10-17 17:16:25.522 com.zaxxer.hikari.HikariDataSource.close - HikariPool-1 - Shutdown initiated...
2024-10-17 17:16:25.527 com.zaxxer.hikari.HikariDataSource.close - HikariPool-1 - Shutdown completed.
2024-10-17 17:16:32.759 o.h.validator.internal.util.Version.<clinit> - HV000001: Hibernate Validator 6.2.5.Final
2024-10-17 17:16:32.778 com.cleducate.ClEducateApplication.logStarting - Starting ClEducateApplication using Java 1.8.0_411 on INTKHAB-KHAN with PID 35344 (D:\I K\SprinBootPractice\studentInteractiveSystem\target\classes started by AMY4632V in D:\I K\SprinBootPractice\studentInteractiveSystem)
2024-10-17 17:16:32.778 com.cleducate.ClEducateApplication.logStartupProfileInfo - The following 1 profile is active: "local"
2024-10-17 17:16:33.674 o.s.d.r.c.RepositoryConfigurationDelegate.registerRepositoriesIn - Bootstrapping Spring Data JPA repositories in DEFAULT mode.
2024-10-17 17:16:33.754 o.s.d.r.c.RepositoryConfigurationDelegate.registerRepositoriesIn - Finished Spring Data repository scanning in 70 ms. Found 7 JPA repository interfaces.
2024-10-17 17:16:34.751 o.s.b.w.e.tomcat.TomcatWebServer.initialize - Tomcat initialized with port(s): 8081 (http)
2024-10-17 17:16:34.759 o.a.coyote.http11.Http11NioProtocol.log - Initializing ProtocolHandler ["http-nio-8081"]
2024-10-17 17:16:34.760 o.a.catalina.core.StandardService.log - Starting service [Tomcat]
2024-10-17 17:16:34.760 o.a.catalina.core.StandardEngine.log - Starting Servlet engine: [Apache Tomcat/9.0.74]
2024-10-17 17:16:34.920 o.a.c.c.C.[Tomcat].[localhost].[/].log - Initializing Spring embedded WebApplicationContext
2024-10-17 17:16:34.921 o.s.b.w.s.c.ServletWebServerApplicationContext.prepareWebApplicationContext - Root WebApplicationContext: initialization completed in 2090 ms
2024-10-17 17:16:35.111 o.h.jpa.internal.util.LogHelper.logPersistenceUnitInformation - HHH000204: Processing PersistenceUnitInfo [name: default]
2024-10-17 17:16:35.173 org.hibernate.Version.logVersion - HHH000412: Hibernate ORM core version 5.6.15.Final
2024-10-17 17:16:35.347 o.h.annotations.common.Version.<clinit> - HCANN000001: Hibernate Commons Annotations {5.1.2.Final}
2024-10-17 17:16:35.449 com.zaxxer.hikari.HikariDataSource.getConnection - HikariPool-1 - Starting...
2024-10-17 17:16:35.849 com.zaxxer.hikari.HikariDataSource.getConnection - HikariPool-1 - Start completed.
2024-10-17 17:16:35.890 org.hibernate.dialect.Dialect.<init> - HHH000400: Using dialect: org.hibernate.dialect.PostgreSQL10Dialect
2024-10-17 17:16:37.208 o.h.e.t.j.p.i.JtaPlatformInitiator.initiateService - HHH000490: Using JtaPlatform implementation: [org.hibernate.engine.transaction.jta.platform.internal.NoJtaPlatform]
2024-10-17 17:16:37.217 o.s.o.j.LocalContainerEntityManagerFactoryBean.buildNativeEntityManagerFactory - Initialized JPA EntityManagerFactory for persistence unit 'default'
2024-10-17 17:16:39.046 o.s.s.web.DefaultSecurityFilterChain.<init> - Will secure any request with [org.springframework.security.web.session.DisableEncodeUrlFilter@3d2eb7fa, org.springframework.security.web.context.request.async.WebAsyncManagerIntegrationFilter@56fa0ef, org.springframework.security.web.context.SecurityContextPersistenceFilter@493968a9, org.springframework.web.filter.CorsFilter@5e278e25, org.springframework.security.web.authentication.logout.LogoutFilter@2a9f8d47, com.cleducate.security.JwtTokenFilter@2c15034f, org.springframework.security.web.savedrequest.RequestCacheAwareFilter@3c65f00e, org.springframework.security.web.servletapi.SecurityContextHolderAwareRequestFilter@2211e731, org.springframework.security.web.authentication.AnonymousAuthenticationFilter@62ee1c89, org.springframework.security.web.session.SessionManagementFilter@3dd66ff5, org.springframework.security.web.access.ExceptionTranslationFilter@603c2dee, org.springframework.security.web.access.intercept.AuthorizationFilter@6dcee890]
2024-10-17 17:16:39.051 o.s.s.web.DefaultSecurityFilterChain.<init> - Will not secure Ant [pattern='/swagger-resources/**']
2024-10-17 17:16:39.052 o.s.s.web.DefaultSecurityFilterChain.<init> - Will not secure Ant [pattern='/swagger-ui/**']
2024-10-17 17:16:39.052 o.s.s.web.DefaultSecurityFilterChain.<init> - Will not secure Ant [pattern='/v3/api-docs/**']
2024-10-17 17:16:39.053 o.s.s.web.DefaultSecurityFilterChain.<init> - Will not secure Ant [pattern='/configuration/**']
2024-10-17 17:16:39.053 o.s.s.web.DefaultSecurityFilterChain.<init> - Will not secure Ant [pattern='/v3/api-docs/swagger-config']
2024-10-17 17:16:39.053 o.s.s.web.DefaultSecurityFilterChain.<init> - Will not secure Ant [pattern='/webjars/**']
2024-10-17 17:16:39.053 o.s.s.web.DefaultSecurityFilterChain.<init> - Will not secure Ant [pattern='/public']
2024-10-17 17:16:39.054 o.s.s.web.DefaultSecurityFilterChain.<init> - Will not secure Ant [pattern='/h2-console/**/**']
2024-10-17 17:16:39.339 o.a.coyote.http11.Http11NioProtocol.log - Starting ProtocolHandler ["http-nio-8081"]
2024-10-17 17:16:39.370 o.s.b.w.e.tomcat.TomcatWebServer.start - Tomcat started on port(s): 8081 (http) with context path ''
2024-10-17 17:16:39.382 com.cleducate.ClEducateApplication.logStarted - Started ClEducateApplication in 7.198 seconds (JVM running for 7.726)
2024-10-17 17:16:48.785 o.a.c.c.C.[Tomcat].[localhost].[/].log - Initializing Spring DispatcherServlet 'dispatcherServlet'
2024-10-17 17:16:48.785 o.s.web.servlet.DispatcherServlet.initServletBean - Initializing Servlet 'dispatcherServlet'
2024-10-17 17:16:48.786 o.s.web.servlet.DispatcherServlet.initServletBean - Completed initialization in 1 ms
2024-10-17 17:16:54.505 c.cleducate.service.EmailServiceImpl.sendEmail - MAIL SENT SUCCESSFULLY TO EMAIL_ID :: intkhabkhanofficial@gmail.com , EMAIL_SUBJECT :: sendEmailToAdminOnClientCourseEnrollment, TEMPLATE_NAME :: sendEmailToAdminOnClientCourseEnrollment
2024-10-17 17:16:58.484 c.cleducate.service.EmailServiceImpl.sendEmail - MAIL SENT SUCCESSFULLY TO EMAIL_ID :: alamsaif86@gmail.com , EMAIL_SUBJECT :: sendEmailOnClientCourseEnrollment, TEMPLATE_NAME :: sendEmailOnClientCourseEnrollment
2024-10-17 17:18:40.793 o.s.o.j.LocalContainerEntityManagerFactoryBean.destroy - Closing JPA EntityManagerFactory for persistence unit 'default'
2024-10-17 17:18:40.796 com.zaxxer.hikari.HikariDataSource.close - HikariPool-1 - Shutdown initiated...
2024-10-17 17:18:40.801 com.zaxxer.hikari.HikariDataSource.close - HikariPool-1 - Shutdown completed.
