2024-10-16 16:06:52.886 o.s.o.j.LocalContainerEntityManagerFactoryBean.destroy - Closing JPA EntityManagerFactory for persistence unit 'default'
2024-10-16 16:06:52.893 com.zaxxer.hikari.HikariDataSource.close - HikariPool-1 - Shutdown initiated...
2024-10-16 16:06:52.909 com.zaxxer.hikari.HikariDataSource.close - HikariPool-1 - Shutdown completed.
2024-10-16 16:11:43.638 o.h.validator.internal.util.Version.<clinit> - HV000001: Hibernate Validator 6.2.5.Final
2024-10-16 16:11:43.663 com.cleducate.ClEducateApplication.logStarting - Starting ClEducateApplication using Java 1.8.0_411 on INTKHAB-KHAN with PID 46932 (D:\I K\SprinBootPractice\studentInteractiveSystem\target\classes started by AMY4632V in D:\I K\SprinBootPractice\studentInteractiveSystem)
2024-10-16 16:11:43.665 com.cleducate.ClEducateApplication.logStartupProfileInfo - The following 1 profile is active: "local"
2024-10-16 16:11:45.128 o.s.d.r.c.RepositoryConfigurationDelegate.registerRepositoriesIn - Bootstrapping Spring Data JPA repositories in DEFAULT mode.
2024-10-16 16:11:45.244 o.s.d.r.c.RepositoryConfigurationDelegate.registerRepositoriesIn - Finished Spring Data repository scanning in 101 ms. Found 7 JPA repository interfaces.
2024-10-16 16:11:46.360 o.s.b.w.e.tomcat.TomcatWebServer.initialize - Tomcat initialized with port(s): 8081 (http)
2024-10-16 16:11:46.369 o.a.coyote.http11.Http11NioProtocol.log - Initializing ProtocolHandler ["http-nio-8081"]
2024-10-16 16:11:46.370 o.a.catalina.core.StandardService.log - Starting service [Tomcat]
2024-10-16 16:11:46.370 o.a.catalina.core.StandardEngine.log - Starting Servlet engine: [Apache Tomcat/9.0.74]
2024-10-16 16:11:46.607 o.a.c.c.C.[Tomcat].[localhost].[/].log - Initializing Spring embedded WebApplicationContext
2024-10-16 16:11:46.608 o.s.b.w.s.c.ServletWebServerApplicationContext.prepareWebApplicationContext - Root WebApplicationContext: initialization completed in 2871 ms
2024-10-16 16:11:46.814 o.h.jpa.internal.util.LogHelper.logPersistenceUnitInformation - HHH000204: Processing PersistenceUnitInfo [name: default]
2024-10-16 16:11:46.894 org.hibernate.Version.logVersion - HHH000412: Hibernate ORM core version 5.6.15.Final
2024-10-16 16:11:47.112 o.h.annotations.common.Version.<clinit> - HCANN000001: Hibernate Commons Annotations {5.1.2.Final}
2024-10-16 16:11:47.254 com.zaxxer.hikari.HikariDataSource.getConnection - HikariPool-1 - Starting...
2024-10-16 16:11:47.775 com.zaxxer.hikari.HikariDataSource.getConnection - HikariPool-1 - Start completed.
2024-10-16 16:11:47.826 org.hibernate.dialect.Dialect.<init> - HHH000400: Using dialect: org.hibernate.dialect.PostgreSQL10Dialect
2024-10-16 16:11:49.562 o.h.e.t.j.p.i.JtaPlatformInitiator.initiateService - HHH000490: Using JtaPlatform implementation: [org.hibernate.engine.transaction.jta.platform.internal.NoJtaPlatform]
2024-10-16 16:11:49.576 o.s.o.j.LocalContainerEntityManagerFactoryBean.buildNativeEntityManagerFactory - Initialized JPA EntityManagerFactory for persistence unit 'default'
2024-10-16 16:11:52.190 o.s.s.web.DefaultSecurityFilterChain.<init> - Will secure any request with [org.springframework.security.web.session.DisableEncodeUrlFilter@10e4ee33, org.springframework.security.web.context.request.async.WebAsyncManagerIntegrationFilter@6e90cec8, org.springframework.security.web.context.SecurityContextPersistenceFilter@5ffd35dd, org.springframework.web.filter.CorsFilter@13f182b9, org.springframework.security.web.authentication.logout.LogoutFilter@17332039, com.cleducate.security.JwtTokenFilter@66048ac4, org.springframework.security.web.savedrequest.RequestCacheAwareFilter@4cacccbf, org.springframework.security.web.servletapi.SecurityContextHolderAwareRequestFilter@114b2414, org.springframework.security.web.authentication.AnonymousAuthenticationFilter@5ee0cf64, org.springframework.security.web.session.SessionManagementFilter@2c0a3826, org.springframework.security.web.access.ExceptionTranslationFilter@34f48d1, org.springframework.security.web.access.intercept.AuthorizationFilter@3d8bd881]
2024-10-16 16:11:52.211 o.s.s.web.DefaultSecurityFilterChain.<init> - Will not secure Ant [pattern='/swagger-resources/**']
2024-10-16 16:11:52.212 o.s.s.web.DefaultSecurityFilterChain.<init> - Will not secure Ant [pattern='/swagger-ui/**']
2024-10-16 16:11:52.212 o.s.s.web.DefaultSecurityFilterChain.<init> - Will not secure Ant [pattern='/v3/api-docs/**']
2024-10-16 16:11:52.213 o.s.s.web.DefaultSecurityFilterChain.<init> - Will not secure Ant [pattern='/configuration/**']
2024-10-16 16:11:52.213 o.s.s.web.DefaultSecurityFilterChain.<init> - Will not secure Ant [pattern='/v3/api-docs/swagger-config']
2024-10-16 16:11:52.213 o.s.s.web.DefaultSecurityFilterChain.<init> - Will not secure Ant [pattern='/webjars/**']
2024-10-16 16:11:52.213 o.s.s.web.DefaultSecurityFilterChain.<init> - Will not secure Ant [pattern='/public']
2024-10-16 16:11:52.214 o.s.s.web.DefaultSecurityFilterChain.<init> - Will not secure Ant [pattern='/h2-console/**/**']
2024-10-16 16:11:52.674 o.a.coyote.http11.Http11NioProtocol.log - Starting ProtocolHandler ["http-nio-8081"]
2024-10-16 16:11:52.707 o.s.b.w.e.tomcat.TomcatWebServer.start - Tomcat started on port(s): 8081 (http) with context path ''
2024-10-16 16:11:52.720 com.cleducate.ClEducateApplication.logStarted - Started ClEducateApplication in 9.81 seconds (JVM running for 10.508)
2024-10-16 16:12:09.581 o.a.c.c.C.[Tomcat].[localhost].[/].log - Initializing Spring DispatcherServlet 'dispatcherServlet'
2024-10-16 16:12:09.582 o.s.web.servlet.DispatcherServlet.initServletBean - Initializing Servlet 'dispatcherServlet'
2024-10-16 16:12:09.584 o.s.web.servlet.DispatcherServlet.initServletBean - Completed initialization in 2 ms
2024-10-16 16:31:13.434 o.s.o.j.LocalContainerEntityManagerFactoryBean.destroy - Closing JPA EntityManagerFactory for persistence unit 'default'
2024-10-16 16:31:13.440 com.zaxxer.hikari.HikariDataSource.close - HikariPool-1 - Shutdown initiated...
2024-10-16 16:31:13.450 com.zaxxer.hikari.HikariDataSource.close - HikariPool-1 - Shutdown completed.
