2024-10-26 22:23:57.005 c.cleducate.service.EmailServiceImpl.lambda$sendEmail$0 - MAIL SENT SUCCESSFULLY TO EMAIL_ID :: priya.patel@yopmail.com , EMAIL_SUBJECT :: Your Account Is Successfully Created!!!, TEMPLATE_NAME :: sendEmailOnClientRegistration
2024-10-26 22:49:34.167 o.s.o.j.LocalContainerEntityManagerFactoryBean.destroy - Closing JPA EntityManagerFactory for persistence unit 'default'
2024-10-26 22:49:34.173 com.zaxxer.hikari.HikariDataSource.close - HikariPool-1 - Shutdown initiated...
2024-10-26 22:49:34.184 com.zaxxer.hikari.HikariDataSource.close - HikariPool-1 - Shutdown completed.
2024-10-26 22:50:54.220 o.h.validator.internal.util.Version.<clinit> - HV000001: Hibernate Validator 6.2.5.Final
2024-10-26 22:50:54.234 com.cleducate.ClEducateApplication.logStarting - Starting ClEducateApplication using Java 1.8.0_411 on INTKHAB-KHAN with PID 440 (D:\I K\SprinBootPractice\studentInteractiveSystem\target\classes started by AMY4632V in D:\I K\SprinBootPractice\studentInteractiveSystem)
2024-10-26 22:50:54.235 com.cleducate.ClEducateApplication.logStartupProfileInfo - The following 1 profile is active: "local"
2024-10-26 22:50:55.431 o.s.d.r.c.RepositoryConfigurationDelegate.registerRepositoriesIn - Bootstrapping Spring Data JPA repositories in DEFAULT mode.
2024-10-26 22:50:55.588 o.s.d.r.c.RepositoryConfigurationDelegate.registerRepositoriesIn - Finished Spring Data repository scanning in 134 ms. Found 8 JPA repository interfaces.
2024-10-26 22:50:56.654 o.s.b.w.e.tomcat.TomcatWebServer.initialize - Tomcat initialized with port(s): 8081 (http)
2024-10-26 22:50:56.669 o.a.coyote.http11.Http11NioProtocol.log - Initializing ProtocolHandler ["http-nio-8081"]
2024-10-26 22:50:56.670 o.a.catalina.core.StandardService.log - Starting service [Tomcat]
2024-10-26 22:50:56.671 o.a.catalina.core.StandardEngine.log - Starting Servlet engine: [Apache Tomcat/9.0.74]
2024-10-26 22:50:56.882 o.a.c.c.C.[Tomcat].[localhost].[/].log - Initializing Spring embedded WebApplicationContext
2024-10-26 22:50:56.882 o.s.b.w.s.c.ServletWebServerApplicationContext.prepareWebApplicationContext - Root WebApplicationContext: initialization completed in 2579 ms
2024-10-26 22:50:57.070 o.h.jpa.internal.util.LogHelper.logPersistenceUnitInformation - HHH000204: Processing PersistenceUnitInfo [name: default]
2024-10-26 22:50:57.152 org.hibernate.Version.logVersion - HHH000412: Hibernate ORM core version 5.6.15.Final
2024-10-26 22:50:57.377 o.h.annotations.common.Version.<clinit> - HCANN000001: Hibernate Commons Annotations {5.1.2.Final}
2024-10-26 22:50:57.514 com.zaxxer.hikari.HikariDataSource.getConnection - HikariPool-1 - Starting...
2024-10-26 22:50:57.997 com.zaxxer.hikari.HikariDataSource.getConnection - HikariPool-1 - Start completed.
2024-10-26 22:50:58.046 org.hibernate.dialect.Dialect.<init> - HHH000400: Using dialect: org.hibernate.dialect.PostgreSQL10Dialect
2024-10-26 22:50:59.782 o.h.e.t.j.p.i.JtaPlatformInitiator.initiateService - HHH000490: Using JtaPlatform implementation: [org.hibernate.engine.transaction.jta.platform.internal.NoJtaPlatform]
2024-10-26 22:50:59.797 o.s.o.j.LocalContainerEntityManagerFactoryBean.buildNativeEntityManagerFactory - Initialized JPA EntityManagerFactory for persistence unit 'default'
2024-10-26 22:51:02.215 o.s.s.web.DefaultSecurityFilterChain.<init> - Will secure any request with [org.springframework.security.web.session.DisableEncodeUrlFilter@5a31abe9, org.springframework.security.web.context.request.async.WebAsyncManagerIntegrationFilter@2dacda9a, org.springframework.security.web.context.SecurityContextPersistenceFilter@4ebed2b3, org.springframework.web.filter.CorsFilter@699bb304, org.springframework.security.web.authentication.logout.LogoutFilter@4a0c512b, com.cleducate.security.JwtTokenFilter@3199a202, org.springframework.security.web.savedrequest.RequestCacheAwareFilter@5909285b, org.springframework.security.web.servletapi.SecurityContextHolderAwareRequestFilter@42cd0fc6, org.springframework.security.web.authentication.AnonymousAuthenticationFilter@17477bbb, org.springframework.security.web.session.SessionManagementFilter@1edac3b4, org.springframework.security.web.access.ExceptionTranslationFilter@4e357792, org.springframework.security.web.access.intercept.AuthorizationFilter@b2d8dcd]
2024-10-26 22:51:02.221 o.s.s.web.DefaultSecurityFilterChain.<init> - Will not secure Ant [pattern='/swagger-resources/**']
2024-10-26 22:51:02.222 o.s.s.web.DefaultSecurityFilterChain.<init> - Will not secure Ant [pattern='/swagger-ui/**']
2024-10-26 22:51:02.223 o.s.s.web.DefaultSecurityFilterChain.<init> - Will not secure Ant [pattern='/v3/api-docs/**']
2024-10-26 22:51:02.223 o.s.s.web.DefaultSecurityFilterChain.<init> - Will not secure Ant [pattern='/configuration/**']
2024-10-26 22:51:02.223 o.s.s.web.DefaultSecurityFilterChain.<init> - Will not secure Ant [pattern='/v3/api-docs/swagger-config']
2024-10-26 22:51:02.224 o.s.s.web.DefaultSecurityFilterChain.<init> - Will not secure Ant [pattern='/webjars/**']
2024-10-26 22:51:02.224 o.s.s.web.DefaultSecurityFilterChain.<init> - Will not secure Ant [pattern='/public']
2024-10-26 22:51:02.225 o.s.s.web.DefaultSecurityFilterChain.<init> - Will not secure Ant [pattern='/h2-console/**/**']
2024-10-26 22:51:02.564 o.a.coyote.http11.Http11NioProtocol.log - Starting ProtocolHandler ["http-nio-8081"]
2024-10-26 22:51:02.594 o.s.b.w.e.tomcat.TomcatWebServer.start - Tomcat started on port(s): 8081 (http) with context path ''
2024-10-26 22:51:02.607 com.cleducate.ClEducateApplication.logStarted - Started ClEducateApplication in 9.128 seconds (JVM running for 9.695)
2024-10-26 22:52:11.421 o.a.c.c.C.[Tomcat].[localhost].[/].log - Initializing Spring DispatcherServlet 'dispatcherServlet'
2024-10-26 22:52:11.421 o.s.web.servlet.DispatcherServlet.initServletBean - Initializing Servlet 'dispatcherServlet'
2024-10-26 22:52:11.425 o.s.web.servlet.DispatcherServlet.initServletBean - Completed initialization in 2 ms
2024-10-26 22:53:02.487 o.s.api.AbstractOpenApiResource.getOpenApi - Init duration for springdoc-openapi is: 788 ms
