2024-10-17 02:09:18.230 o.s.o.j.LocalContainerEntityManagerFactoryBean.destroy - Closing JPA EntityManagerFactory for persistence unit 'default'
2024-10-17 02:09:18.238 com.zaxxer.hikari.HikariDataSource.close - HikariPool-1 - Shutdown initiated...
2024-10-17 02:09:18.249 com.zaxxer.hikari.HikariDataSource.close - HikariPool-1 - Shutdown completed.
2024-10-17 02:09:32.651 o.h.validator.internal.util.Version.<clinit> - HV000001: Hibernate Validator 6.2.5.Final
2024-10-17 02:09:32.668 com.cleducate.ClEducateApplication.logStarting - Starting ClEducateApplication using Java 1.8.0_411 on INTKHAB-KHAN with PID 34416 (D:\I K\SprinBootPractice\studentInteractiveSystem\target\classes started by AMY4632V in D:\I K\SprinBootPractice\studentInteractiveSystem)
2024-10-17 02:09:32.670 com.cleducate.ClEducateApplication.logStartupProfileInfo - The following 1 profile is active: "local"
2024-10-17 02:09:33.994 o.s.d.r.c.RepositoryConfigurationDelegate.registerRepositoriesIn - Bootstrapping Spring Data JPA repositories in DEFAULT mode.
2024-10-17 02:09:34.101 o.s.d.r.c.RepositoryConfigurationDelegate.registerRepositoriesIn - Finished Spring Data repository scanning in 96 ms. Found 7 JPA repository interfaces.
2024-10-17 02:09:35.280 o.s.b.w.e.tomcat.TomcatWebServer.initialize - Tomcat initialized with port(s): 8081 (http)
2024-10-17 02:09:35.294 o.a.coyote.http11.Http11NioProtocol.log - Initializing ProtocolHandler ["http-nio-8081"]
2024-10-17 02:09:35.295 o.a.catalina.core.StandardService.log - Starting service [Tomcat]
2024-10-17 02:09:35.296 o.a.catalina.core.StandardEngine.log - Starting Servlet engine: [Apache Tomcat/9.0.74]
2024-10-17 02:09:35.501 o.a.c.c.C.[Tomcat].[localhost].[/].log - Initializing Spring embedded WebApplicationContext
2024-10-17 02:09:35.501 o.s.b.w.s.c.ServletWebServerApplicationContext.prepareWebApplicationContext - Root WebApplicationContext: initialization completed in 2769 ms
2024-10-17 02:09:35.709 o.h.jpa.internal.util.LogHelper.logPersistenceUnitInformation - HHH000204: Processing PersistenceUnitInfo [name: default]
2024-10-17 02:09:35.809 org.hibernate.Version.logVersion - HHH000412: Hibernate ORM core version 5.6.15.Final
2024-10-17 02:09:36.027 o.h.annotations.common.Version.<clinit> - HCANN000001: Hibernate Commons Annotations {5.1.2.Final}
2024-10-17 02:09:36.163 com.zaxxer.hikari.HikariDataSource.getConnection - HikariPool-1 - Starting...
2024-10-17 02:09:36.627 com.zaxxer.hikari.HikariDataSource.getConnection - HikariPool-1 - Start completed.
2024-10-17 02:09:36.673 org.hibernate.dialect.Dialect.<init> - HHH000400: Using dialect: org.hibernate.dialect.PostgreSQL10Dialect
2024-10-17 02:09:38.084 o.h.e.t.j.p.i.JtaPlatformInitiator.initiateService - HHH000490: Using JtaPlatform implementation: [org.hibernate.engine.transaction.jta.platform.internal.NoJtaPlatform]
2024-10-17 02:09:38.094 o.s.o.j.LocalContainerEntityManagerFactoryBean.buildNativeEntityManagerFactory - Initialized JPA EntityManagerFactory for persistence unit 'default'
2024-10-17 02:09:40.155 o.s.s.web.DefaultSecurityFilterChain.<init> - Will secure any request with [org.springframework.security.web.session.DisableEncodeUrlFilter@1760e688, org.springframework.security.web.context.request.async.WebAsyncManagerIntegrationFilter@53fc870f, org.springframework.security.web.context.SecurityContextPersistenceFilter@3580134d, org.springframework.web.filter.CorsFilter@18f4086e, org.springframework.security.web.authentication.logout.LogoutFilter@7921a37d, com.cleducate.security.JwtTokenFilter@51d88c38, org.springframework.security.web.savedrequest.RequestCacheAwareFilter@7b7e4b20, org.springframework.security.web.servletapi.SecurityContextHolderAwareRequestFilter@37142579, org.springframework.security.web.authentication.AnonymousAuthenticationFilter@43cbafa6, org.springframework.security.web.session.SessionManagementFilter@76d1f6ea, org.springframework.security.web.access.ExceptionTranslationFilter@66682e8f, org.springframework.security.web.access.intercept.AuthorizationFilter@3d02ff64]
2024-10-17 02:09:40.159 o.s.s.web.DefaultSecurityFilterChain.<init> - Will not secure Ant [pattern='/swagger-resources/**']
2024-10-17 02:09:40.160 o.s.s.web.DefaultSecurityFilterChain.<init> - Will not secure Ant [pattern='/swagger-ui/**']
2024-10-17 02:09:40.160 o.s.s.web.DefaultSecurityFilterChain.<init> - Will not secure Ant [pattern='/v3/api-docs/**']
2024-10-17 02:09:40.160 o.s.s.web.DefaultSecurityFilterChain.<init> - Will not secure Ant [pattern='/configuration/**']
2024-10-17 02:09:40.161 o.s.s.web.DefaultSecurityFilterChain.<init> - Will not secure Ant [pattern='/v3/api-docs/swagger-config']
2024-10-17 02:09:40.161 o.s.s.web.DefaultSecurityFilterChain.<init> - Will not secure Ant [pattern='/webjars/**']
2024-10-17 02:09:40.161 o.s.s.web.DefaultSecurityFilterChain.<init> - Will not secure Ant [pattern='/public']
2024-10-17 02:09:40.161 o.s.s.web.DefaultSecurityFilterChain.<init> - Will not secure Ant [pattern='/h2-console/**/**']
2024-10-17 02:09:40.499 o.a.coyote.http11.Http11NioProtocol.log - Starting ProtocolHandler ["http-nio-8081"]
2024-10-17 02:09:40.528 o.s.b.w.e.tomcat.TomcatWebServer.start - Tomcat started on port(s): 8081 (http) with context path ''
2024-10-17 02:09:40.540 com.cleducate.ClEducateApplication.logStarted - Started ClEducateApplication in 8.551 seconds (JVM running for 9.17)
2024-10-17 02:09:45.496 o.a.c.c.C.[Tomcat].[localhost].[/].log - Initializing Spring DispatcherServlet 'dispatcherServlet'
2024-10-17 02:09:45.496 o.s.web.servlet.DispatcherServlet.initServletBean - Initializing Servlet 'dispatcherServlet'
2024-10-17 02:09:45.497 o.s.web.servlet.DispatcherServlet.initServletBean - Completed initialization in 1 ms
2024-10-17 02:20:42.168 o.s.o.j.LocalContainerEntityManagerFactoryBean.destroy - Closing JPA EntityManagerFactory for persistence unit 'default'
2024-10-17 02:20:42.172 com.zaxxer.hikari.HikariDataSource.close - HikariPool-1 - Shutdown initiated...
2024-10-17 02:20:42.179 com.zaxxer.hikari.HikariDataSource.close - HikariPool-1 - Shutdown completed.
