2024-10-11 16:26:49.429 o.h.validator.internal.util.Version.<clinit> - HV000001: Hibernate Validator 6.2.5.Final
2024-10-11 16:26:49.455 com.cleducate.ClEducateApplication.logStarting - Starting ClEducateApplication using Java 1.8.0_411 on INTKHAB-KHAN with PID 37956 (D:\I K\SprinBootPractice\studentInteractiveSystem\target\classes started by AMY4632V in D:\I K\SprinBootPractice\studentInteractiveSystem)
2024-10-11 16:26:49.456 com.cleducate.ClEducateApplication.logStartupProfileInfo - The following 1 profile is active: "local"
2024-10-11 16:26:50.470 o.s.d.r.c.RepositoryConfigurationDelegate.registerRepositoriesIn - Bootstrapping Spring Data JPA repositories in DEFAULT mode.
2024-10-11 16:26:50.528 o.s.d.r.c.RepositoryConfigurationDelegate.registerRepositoriesIn - Finished Spring Data repository scanning in 47 ms. Found 1 JPA repository interfaces.
2024-10-11 16:26:51.423 o.s.b.w.e.tomcat.TomcatWebServer.initialize - Tomcat initialized with port(s): 8081 (http)
2024-10-11 16:26:51.432 o.a.coyote.http11.Http11NioProtocol.log - Initializing ProtocolHandler ["http-nio-8081"]
2024-10-11 16:26:51.433 o.a.catalina.core.StandardService.log - Starting service [Tomcat]
2024-10-11 16:26:51.433 o.a.catalina.core.StandardEngine.log - Starting Servlet engine: [Apache Tomcat/9.0.74]
2024-10-11 16:26:53.804 o.a.c.c.C.[Tomcat].[localhost].[/].log - Initializing Spring embedded WebApplicationContext
2024-10-11 16:26:53.804 o.s.b.w.s.c.ServletWebServerApplicationContext.prepareWebApplicationContext - Root WebApplicationContext: initialization completed in 4294 ms
2024-10-11 16:26:53.974 o.h.jpa.internal.util.LogHelper.logPersistenceUnitInformation - HHH000204: Processing PersistenceUnitInfo [name: default]
2024-10-11 16:26:54.081 org.hibernate.Version.logVersion - HHH000412: Hibernate ORM core version 5.6.15.Final
2024-10-11 16:26:54.346 o.h.annotations.common.Version.<clinit> - HCANN000001: Hibernate Commons Annotations {5.1.2.Final}
2024-10-11 16:26:54.513 com.zaxxer.hikari.HikariDataSource.getConnection - HikariPool-1 - Starting...
2024-10-11 16:26:55.000 com.zaxxer.hikari.HikariDataSource.getConnection - HikariPool-1 - Start completed.
2024-10-11 16:26:55.053 org.hibernate.dialect.Dialect.<init> - HHH000400: Using dialect: org.hibernate.dialect.PostgreSQL10Dialect
2024-10-11 16:26:56.567 o.h.e.t.j.p.i.JtaPlatformInitiator.initiateService - HHH000490: Using JtaPlatform implementation: [org.hibernate.engine.transaction.jta.platform.internal.NoJtaPlatform]
2024-10-11 16:26:56.580 o.s.o.j.LocalContainerEntityManagerFactoryBean.buildNativeEntityManagerFactory - Initialized JPA EntityManagerFactory for persistence unit 'default'
2024-10-11 16:26:57.685 o.s.s.web.DefaultSecurityFilterChain.<init> - Will secure any request with [org.springframework.security.web.session.DisableEncodeUrlFilter@6585df70, org.springframework.security.web.context.request.async.WebAsyncManagerIntegrationFilter@5d93ff21, org.springframework.security.web.context.SecurityContextPersistenceFilter@2095c331, org.springframework.security.web.header.HeaderWriterFilter@578d472a, org.springframework.security.web.csrf.CsrfFilter@2bc2e022, org.springframework.security.web.authentication.logout.LogoutFilter@5e80d5, org.springframework.security.web.authentication.UsernamePasswordAuthenticationFilter@1d5bb5c, org.springframework.security.web.authentication.ui.DefaultLoginPageGeneratingFilter@56ba8e8c, org.springframework.security.web.authentication.ui.DefaultLogoutPageGeneratingFilter@51fb5fe6, org.springframework.security.web.authentication.www.BasicAuthenticationFilter@70f91ae3, org.springframework.security.web.savedrequest.RequestCacheAwareFilter@7b795db7, org.springframework.security.web.servletapi.SecurityContextHolderAwareRequestFilter@b849fa6, org.springframework.security.web.authentication.AnonymousAuthenticationFilter@5ca4c88a, org.springframework.security.web.session.SessionManagementFilter@54b2d002, org.springframework.security.web.access.ExceptionTranslationFilter@7296fe0b, org.springframework.security.web.access.intercept.FilterSecurityInterceptor@401b67a9]
2024-10-11 16:26:57.724 o.a.coyote.http11.Http11NioProtocol.log - Starting ProtocolHandler ["http-nio-8081"]
2024-10-11 16:26:57.748 o.s.b.w.e.tomcat.TomcatWebServer.start - Tomcat started on port(s): 8081 (http) with context path ''
2024-10-11 16:26:57.757 com.cleducate.ClEducateApplication.logStarted - Started ClEducateApplication in 8.957 seconds (JVM running for 9.615)
2024-10-11 16:27:27.317 o.a.c.c.C.[Tomcat].[localhost].[/].log - Initializing Spring DispatcherServlet 'dispatcherServlet'
2024-10-11 16:27:27.317 o.s.web.servlet.DispatcherServlet.initServletBean - Initializing Servlet 'dispatcherServlet'
2024-10-11 16:27:27.319 o.s.web.servlet.DispatcherServlet.initServletBean - Completed initialization in 2 ms
2024-10-11 16:28:01.641 o.s.o.j.LocalContainerEntityManagerFactoryBean.destroy - Closing JPA EntityManagerFactory for persistence unit 'default'
2024-10-11 16:28:01.647 com.zaxxer.hikari.HikariDataSource.close - HikariPool-1 - Shutdown initiated...
2024-10-11 16:28:01.652 com.zaxxer.hikari.HikariDataSource.close - HikariPool-1 - Shutdown completed.
