2024-10-27 19:04:39.108 o.s.o.j.LocalContainerEntityManagerFactoryBean.destroy - Closing JPA EntityManagerFactory for persistence unit 'default'
2024-10-27 19:04:39.121 com.zaxxer.hikari.HikariDataSource.close - HikariPool-1 - Shutdown initiated...
2024-10-27 19:04:39.136 com.zaxxer.hikari.HikariDataSource.close - HikariPool-1 - Shutdown completed.
2024-10-27 19:07:15.123 o.h.validator.internal.util.Version.<clinit> - HV000001: Hibernate Validator 6.2.5.Final
2024-10-27 19:07:15.140 com.cleducate.ClEducateApplication.logStarting - Starting ClEducateApplication using Java 1.8.0_411 on INTKHAB-KHAN with PID 28692 (D:\I K\SprinBootPractice\studentInteractiveSystem\target\classes started by AMY4632V in D:\I K\SprinBootPractice\studentInteractiveSystem)
2024-10-27 19:07:15.141 com.cleducate.ClEducateApplication.logStartupProfileInfo - The following 1 profile is active: "local"
2024-10-27 19:07:18.805 o.s.d.r.c.RepositoryConfigurationDelegate.registerRepositoriesIn - Bootstrapping Spring Data JPA repositories in DEFAULT mode.
2024-10-27 19:07:19.043 o.s.d.r.c.RepositoryConfigurationDelegate.registerRepositoriesIn - Finished Spring Data repository scanning in 206 ms. Found 8 JPA repository interfaces.
2024-10-27 19:07:20.437 o.s.b.w.e.tomcat.TomcatWebServer.initialize - Tomcat initialized with port(s): 8081 (http)
2024-10-27 19:07:20.460 o.a.coyote.http11.Http11NioProtocol.log - Initializing ProtocolHandler ["http-nio-8081"]
2024-10-27 19:07:20.461 o.a.catalina.core.StandardService.log - Starting service [Tomcat]
2024-10-27 19:07:20.462 o.a.catalina.core.StandardEngine.log - Starting Servlet engine: [Apache Tomcat/9.0.74]
2024-10-27 19:07:29.036 o.a.c.c.C.[Tomcat].[localhost].[/].log - Initializing Spring embedded WebApplicationContext
2024-10-27 19:07:29.037 o.s.b.w.s.c.ServletWebServerApplicationContext.prepareWebApplicationContext - Root WebApplicationContext: initialization completed in 13829 ms
2024-10-27 19:07:29.457 o.h.jpa.internal.util.LogHelper.logPersistenceUnitInformation - HHH000204: Processing PersistenceUnitInfo [name: default]
2024-10-27 19:07:29.658 org.hibernate.Version.logVersion - HHH000412: Hibernate ORM core version 5.6.15.Final
2024-10-27 19:07:30.194 o.h.annotations.common.Version.<clinit> - HCANN000001: Hibernate Commons Annotations {5.1.2.Final}
2024-10-27 19:07:30.542 com.zaxxer.hikari.HikariDataSource.getConnection - HikariPool-1 - Starting...
2024-10-27 19:07:31.538 com.zaxxer.hikari.HikariDataSource.getConnection - HikariPool-1 - Start completed.
2024-10-27 19:07:31.656 org.hibernate.dialect.Dialect.<init> - HHH000400: Using dialect: org.hibernate.dialect.PostgreSQL10Dialect
2024-10-27 19:07:34.995 o.h.e.t.j.p.i.JtaPlatformInitiator.initiateService - HHH000490: Using JtaPlatform implementation: [org.hibernate.engine.transaction.jta.platform.internal.NoJtaPlatform]
2024-10-27 19:07:35.025 o.s.o.j.LocalContainerEntityManagerFactoryBean.buildNativeEntityManagerFactory - Initialized JPA EntityManagerFactory for persistence unit 'default'
2024-10-27 19:07:39.796 o.s.s.web.DefaultSecurityFilterChain.<init> - Will secure any request with [org.springframework.security.web.session.DisableEncodeUrlFilter@3ffa0f38, org.springframework.security.web.context.request.async.WebAsyncManagerIntegrationFilter@13cc31df, org.springframework.security.web.context.SecurityContextPersistenceFilter@2dc73024, org.springframework.web.filter.CorsFilter@24a7d3d3, org.springframework.security.web.authentication.logout.LogoutFilter@2066e897, com.cleducate.security.JwtTokenFilter@1dd64243, org.springframework.security.web.savedrequest.RequestCacheAwareFilter@e5864c2, org.springframework.security.web.servletapi.SecurityContextHolderAwareRequestFilter@146add7b, org.springframework.security.web.authentication.AnonymousAuthenticationFilter@43fbc2bf, org.springframework.security.web.session.SessionManagementFilter@18ca9277, org.springframework.security.web.access.ExceptionTranslationFilter@5ac646b3, org.springframework.security.web.access.intercept.AuthorizationFilter@453a30f8]
2024-10-27 19:07:39.806 o.s.s.web.DefaultSecurityFilterChain.<init> - Will not secure Ant [pattern='/swagger-resources/**']
2024-10-27 19:07:39.808 o.s.s.web.DefaultSecurityFilterChain.<init> - Will not secure Ant [pattern='/swagger-ui/**']
2024-10-27 19:07:39.809 o.s.s.web.DefaultSecurityFilterChain.<init> - Will not secure Ant [pattern='/v3/api-docs/**']
2024-10-27 19:07:39.810 o.s.s.web.DefaultSecurityFilterChain.<init> - Will not secure Ant [pattern='/configuration/**']
2024-10-27 19:07:39.810 o.s.s.web.DefaultSecurityFilterChain.<init> - Will not secure Ant [pattern='/v3/api-docs/swagger-config']
2024-10-27 19:07:39.811 o.s.s.web.DefaultSecurityFilterChain.<init> - Will not secure Ant [pattern='/webjars/**']
2024-10-27 19:07:39.812 o.s.s.web.DefaultSecurityFilterChain.<init> - Will not secure Ant [pattern='/public']
2024-10-27 19:07:39.813 o.s.s.web.DefaultSecurityFilterChain.<init> - Will not secure Ant [pattern='/h2-console/**/**']
2024-10-27 19:07:40.444 o.a.coyote.http11.Http11NioProtocol.log - Starting ProtocolHandler ["http-nio-8081"]
2024-10-27 19:07:40.504 o.s.b.w.e.tomcat.TomcatWebServer.start - Tomcat started on port(s): 8081 (http) with context path ''
2024-10-27 19:07:40.529 com.cleducate.ClEducateApplication.logStarted - Started ClEducateApplication in 26.27 seconds (JVM running for 27.214)
2024-10-27 19:07:47.816 o.a.c.c.C.[Tomcat].[localhost].[/].log - Initializing Spring DispatcherServlet 'dispatcherServlet'
2024-10-27 19:07:47.817 o.s.web.servlet.DispatcherServlet.initServletBean - Initializing Servlet 'dispatcherServlet'
2024-10-27 19:07:47.821 o.s.web.servlet.DispatcherServlet.initServletBean - Completed initialization in 4 ms
2024-10-27 19:11:34.367 o.s.api.AbstractOpenApiResource.getOpenApi - Init duration for springdoc-openapi is: 872 ms
