2024-10-12 16:13:25.512 o.h.validator.internal.util.Version.<clinit> - HV000001: Hibernate Validator 6.2.5.Final
2024-10-12 16:13:25.533 com.cleducate.ClEducateApplication.logStarting - Starting ClEducateApplication using Java 1.8.0_411 on INTKHAB-KHAN with PID 24800 (D:\I K\SprinBootPractice\studentInteractiveSystem\target\classes started by AMY4632V in D:\I K\SprinBootPractice\studentInteractiveSystem)
2024-10-12 16:13:25.534 com.cleducate.ClEducateApplication.logStartupProfileInfo - The following 1 profile is active: "local"
2024-10-12 16:13:26.549 o.s.d.r.c.RepositoryConfigurationDelegate.registerRepositoriesIn - Bootstrapping Spring Data JPA repositories in DEFAULT mode.
2024-10-12 16:13:26.627 o.s.d.r.c.RepositoryConfigurationDelegate.registerRepositoriesIn - Finished Spring Data repository scanning in 65 ms. Found 2 JPA repository interfaces.
2024-10-12 16:13:27.701 o.s.b.w.e.tomcat.TomcatWebServer.initialize - Tomcat initialized with port(s): 8081 (http)
2024-10-12 16:13:27.716 o.a.coyote.http11.Http11NioProtocol.log - Initializing ProtocolHandler ["http-nio-8081"]
2024-10-12 16:13:27.717 o.a.catalina.core.StandardService.log - Starting service [Tomcat]
2024-10-12 16:13:27.718 o.a.catalina.core.StandardEngine.log - Starting Servlet engine: [Apache Tomcat/9.0.74]
2024-10-12 16:13:27.926 o.a.c.c.C.[Tomcat].[localhost].[/].log - Initializing Spring embedded WebApplicationContext
2024-10-12 16:13:27.927 o.s.b.w.s.c.ServletWebServerApplicationContext.prepareWebApplicationContext - Root WebApplicationContext: initialization completed in 2333 ms
2024-10-12 16:13:28.123 o.h.jpa.internal.util.LogHelper.logPersistenceUnitInformation - HHH000204: Processing PersistenceUnitInfo [name: default]
2024-10-12 16:13:28.190 org.hibernate.Version.logVersion - HHH000412: Hibernate ORM core version 5.6.15.Final
2024-10-12 16:13:28.401 o.h.annotations.common.Version.<clinit> - HCANN000001: Hibernate Commons Annotations {5.1.2.Final}
2024-10-12 16:13:28.536 com.zaxxer.hikari.HikariDataSource.getConnection - HikariPool-1 - Starting...
2024-10-12 16:13:29.077 com.zaxxer.hikari.HikariDataSource.getConnection - HikariPool-1 - Start completed.
2024-10-12 16:13:29.133 org.hibernate.dialect.Dialect.<init> - HHH000400: Using dialect: org.hibernate.dialect.PostgreSQL10Dialect
2024-10-12 16:13:30.821 o.h.e.t.j.p.i.JtaPlatformInitiator.initiateService - HHH000490: Using JtaPlatform implementation: [org.hibernate.engine.transaction.jta.platform.internal.NoJtaPlatform]
2024-10-12 16:13:30.840 o.s.o.j.LocalContainerEntityManagerFactoryBean.buildNativeEntityManagerFactory - Initialized JPA EntityManagerFactory for persistence unit 'default'
2024-10-12 16:13:32.005 o.s.s.web.DefaultSecurityFilterChain.<init> - Will secure any request with [org.springframework.security.web.session.DisableEncodeUrlFilter@2b80497f, org.springframework.security.web.context.request.async.WebAsyncManagerIntegrationFilter@6ef4297d, org.springframework.security.web.context.SecurityContextPersistenceFilter@26cdd4af, org.springframework.web.filter.CorsFilter@4c000cc4, org.springframework.security.web.authentication.logout.LogoutFilter@4ae958b0, com.cleducate.security.JwtTokenFilter@1f48fa72, org.springframework.security.web.savedrequest.RequestCacheAwareFilter@4b8a0d03, org.springframework.security.web.servletapi.SecurityContextHolderAwareRequestFilter@42cfd794, org.springframework.security.web.authentication.AnonymousAuthenticationFilter@6c36051c, org.springframework.security.web.session.SessionManagementFilter@3f908bc0, org.springframework.security.web.access.ExceptionTranslationFilter@42d0e41, org.springframework.security.web.access.intercept.AuthorizationFilter@126254ec]
2024-10-12 16:13:32.220 o.a.coyote.http11.Http11NioProtocol.log - Starting ProtocolHandler ["http-nio-8081"]
2024-10-12 16:13:32.248 o.s.b.w.e.tomcat.TomcatWebServer.start - Tomcat started on port(s): 8081 (http) with context path ''
2024-10-12 16:13:32.260 com.cleducate.ClEducateApplication.logStarted - Started ClEducateApplication in 7.466 seconds (JVM running for 8.002)
2024-10-12 16:13:45.399 o.a.c.c.C.[Tomcat].[localhost].[/].log - Initializing Spring DispatcherServlet 'dispatcherServlet'
2024-10-12 16:13:45.400 o.s.web.servlet.DispatcherServlet.initServletBean - Initializing Servlet 'dispatcherServlet'
2024-10-12 16:13:45.402 o.s.web.servlet.DispatcherServlet.initServletBean - Completed initialization in 1 ms
2024-10-12 16:16:00.219 o.s.o.j.LocalContainerEntityManagerFactoryBean.destroy - Closing JPA EntityManagerFactory for persistence unit 'default'
2024-10-12 16:16:00.221 com.zaxxer.hikari.HikariDataSource.close - HikariPool-1 - Shutdown initiated...
2024-10-12 16:16:00.227 com.zaxxer.hikari.HikariDataSource.close - HikariPool-1 - Shutdown completed.
