2024-10-13 16:09:15.482 o.s.o.j.LocalContainerEntityManagerFactoryBean.destroy - Closing JPA EntityManagerFactory for persistence unit 'default'
2024-10-13 16:09:15.488 com.zaxxer.hikari.HikariDataSource.close - HikariPool-1 - Shutdown initiated...
2024-10-13 16:09:15.498 com.zaxxer.hikari.HikariDataSource.close - HikariPool-1 - Shutdown completed.
2024-10-13 16:09:38.185 o.h.validator.internal.util.Version.<clinit> - HV000001: Hibernate Validator 6.2.5.Final
2024-10-13 16:09:38.216 com.cleducate.ClEducateApplication.logStarting - Starting ClEducateApplication using Java 1.8.0_411 on INTKHAB-KHAN with PID 10024 (D:\I K\SprinBootPractice\studentInteractiveSystem\target\classes started by AMY4632V in D:\I K\SprinBootPractice\studentInteractiveSystem)
2024-10-13 16:09:38.218 com.cleducate.ClEducateApplication.logStartupProfileInfo - The following 1 profile is active: "local"
2024-10-13 16:09:41.031 o.s.d.r.c.RepositoryConfigurationDelegate.registerRepositoriesIn - Bootstrapping Spring Data JPA repositories in DEFAULT mode.
2024-10-13 16:09:41.302 o.s.d.r.c.RepositoryConfigurationDelegate.registerRepositoriesIn - Finished Spring Data repository scanning in 230 ms. Found 4 JPA repository interfaces.
2024-10-13 16:09:43.591 o.s.b.w.e.tomcat.TomcatWebServer.initialize - Tomcat initialized with port(s): 8081 (http)
2024-10-13 16:09:43.634 o.a.coyote.http11.Http11NioProtocol.log - Initializing ProtocolHandler ["http-nio-8081"]
2024-10-13 16:09:43.638 o.a.catalina.core.StandardService.log - Starting service [Tomcat]
2024-10-13 16:09:43.639 o.a.catalina.core.StandardEngine.log - Starting Servlet engine: [Apache Tomcat/9.0.74]
2024-10-13 16:09:44.138 o.a.c.c.C.[Tomcat].[localhost].[/].log - Initializing Spring embedded WebApplicationContext
2024-10-13 16:09:44.138 o.s.b.w.s.c.ServletWebServerApplicationContext.prepareWebApplicationContext - Root WebApplicationContext: initialization completed in 5787 ms
2024-10-13 16:09:44.604 o.h.jpa.internal.util.LogHelper.logPersistenceUnitInformation - HHH000204: Processing PersistenceUnitInfo [name: default]
2024-10-13 16:09:44.808 org.hibernate.Version.logVersion - HHH000412: Hibernate ORM core version 5.6.15.Final
2024-10-13 16:09:45.626 o.h.annotations.common.Version.<clinit> - HCANN000001: Hibernate Commons Annotations {5.1.2.Final}
2024-10-13 16:09:46.277 com.zaxxer.hikari.HikariDataSource.getConnection - HikariPool-1 - Starting...
2024-10-13 16:09:47.467 com.zaxxer.hikari.HikariDataSource.getConnection - HikariPool-1 - Start completed.
2024-10-13 16:09:47.656 org.hibernate.dialect.Dialect.<init> - HHH000400: Using dialect: org.hibernate.dialect.PostgreSQL10Dialect
2024-10-13 16:09:51.430 o.h.e.t.j.p.i.JtaPlatformInitiator.initiateService - HHH000490: Using JtaPlatform implementation: [org.hibernate.engine.transaction.jta.platform.internal.NoJtaPlatform]
2024-10-13 16:09:51.487 o.s.o.j.LocalContainerEntityManagerFactoryBean.buildNativeEntityManagerFactory - Initialized JPA EntityManagerFactory for persistence unit 'default'
2024-10-13 16:10:05.514 o.s.s.web.DefaultSecurityFilterChain.<init> - Will secure any request with [org.springframework.security.web.session.DisableEncodeUrlFilter@623bdc46, org.springframework.security.web.context.request.async.WebAsyncManagerIntegrationFilter@411576c7, org.springframework.security.web.context.SecurityContextPersistenceFilter@6ba02f70, org.springframework.web.filter.CorsFilter@332610ad, org.springframework.security.web.authentication.logout.LogoutFilter@18ab513d, com.cleducate.security.JwtTokenFilter@c247b02, org.springframework.security.web.savedrequest.RequestCacheAwareFilter@2148849f, org.springframework.security.web.servletapi.SecurityContextHolderAwareRequestFilter@6dc5e857, org.springframework.security.web.authentication.AnonymousAuthenticationFilter@45bbb3e8, org.springframework.security.web.session.SessionManagementFilter@397f925e, org.springframework.security.web.access.ExceptionTranslationFilter@4a225014, org.springframework.security.web.access.intercept.AuthorizationFilter@363a09a2]
2024-10-13 16:10:06.094 o.a.coyote.http11.Http11NioProtocol.log - Starting ProtocolHandler ["http-nio-8081"]
2024-10-13 16:10:06.186 o.s.b.w.e.tomcat.TomcatWebServer.start - Tomcat started on port(s): 8081 (http) with context path ''
2024-10-13 16:10:06.211 com.cleducate.ClEducateApplication.logStarted - Started ClEducateApplication in 29.061 seconds (JVM running for 30.28)
2024-10-13 16:10:10.566 o.a.c.c.C.[Tomcat].[localhost].[/].log - Initializing Spring DispatcherServlet 'dispatcherServlet'
2024-10-13 16:10:10.567 o.s.web.servlet.DispatcherServlet.initServletBean - Initializing Servlet 'dispatcherServlet'
2024-10-13 16:10:10.567 o.s.web.servlet.DispatcherServlet.initServletBean - Completed initialization in 0 ms
2024-10-13 16:17:38.530 o.s.o.j.LocalContainerEntityManagerFactoryBean.destroy - Closing JPA EntityManagerFactory for persistence unit 'default'
2024-10-13 16:17:38.534 com.zaxxer.hikari.HikariDataSource.close - HikariPool-1 - Shutdown initiated...
2024-10-13 16:17:38.548 com.zaxxer.hikari.HikariDataSource.close - HikariPool-1 - Shutdown completed.
2024-10-13 16:43:49.952 o.h.validator.internal.util.Version.<clinit> - HV000001: Hibernate Validator 6.2.5.Final
2024-10-13 16:43:49.980 com.cleducate.ClEducateApplication.logStarting - Starting ClEducateApplication using Java 1.8.0_411 on INTKHAB-KHAN with PID 27108 (D:\I K\SprinBootPractice\studentInteractiveSystem\target\classes started by AMY4632V in D:\I K\SprinBootPractice\studentInteractiveSystem)
2024-10-13 16:43:49.980 com.cleducate.ClEducateApplication.logStartupProfileInfo - The following 1 profile is active: "local"
2024-10-13 16:43:51.545 o.s.d.r.c.RepositoryConfigurationDelegate.registerRepositoriesIn - Bootstrapping Spring Data JPA repositories in DEFAULT mode.
2024-10-13 16:43:51.694 o.s.d.r.c.RepositoryConfigurationDelegate.registerRepositoriesIn - Finished Spring Data repository scanning in 129 ms. Found 4 JPA repository interfaces.
2024-10-13 16:43:53.389 o.s.b.w.e.tomcat.TomcatWebServer.initialize - Tomcat initialized with port(s): 8081 (http)
2024-10-13 16:43:53.405 o.a.coyote.http11.Http11NioProtocol.log - Initializing ProtocolHandler ["http-nio-8081"]
2024-10-13 16:43:53.405 o.a.catalina.core.StandardService.log - Starting service [Tomcat]
2024-10-13 16:43:53.406 o.a.catalina.core.StandardEngine.log - Starting Servlet engine: [Apache Tomcat/9.0.74]
2024-10-13 16:43:53.718 o.a.c.c.C.[Tomcat].[localhost].[/].log - Initializing Spring embedded WebApplicationContext
2024-10-13 16:43:53.719 o.s.b.w.s.c.ServletWebServerApplicationContext.prepareWebApplicationContext - Root WebApplicationContext: initialization completed in 3632 ms
2024-10-13 16:43:54.013 o.h.jpa.internal.util.LogHelper.logPersistenceUnitInformation - HHH000204: Processing PersistenceUnitInfo [name: default]
2024-10-13 16:43:54.158 org.hibernate.Version.logVersion - HHH000412: Hibernate ORM core version 5.6.15.Final
2024-10-13 16:43:54.547 o.h.annotations.common.Version.<clinit> - HCANN000001: Hibernate Commons Annotations {5.1.2.Final}
2024-10-13 16:43:54.820 com.zaxxer.hikari.HikariDataSource.getConnection - HikariPool-1 - Starting...
2024-10-13 16:43:55.553 com.zaxxer.hikari.HikariDataSource.getConnection - HikariPool-1 - Start completed.
2024-10-13 16:43:55.640 org.hibernate.dialect.Dialect.<init> - HHH000400: Using dialect: org.hibernate.dialect.PostgreSQL10Dialect
2024-10-13 16:43:58.233 o.h.e.t.j.p.i.JtaPlatformInitiator.initiateService - HHH000490: Using JtaPlatform implementation: [org.hibernate.engine.transaction.jta.platform.internal.NoJtaPlatform]
2024-10-13 16:43:58.256 o.s.o.j.LocalContainerEntityManagerFactoryBean.buildNativeEntityManagerFactory - Initialized JPA EntityManagerFactory for persistence unit 'default'
2024-10-13 16:44:01.012 o.s.s.web.DefaultSecurityFilterChain.<init> - Will secure any request with [org.springframework.security.web.session.DisableEncodeUrlFilter@1fca53a7, org.springframework.security.web.context.request.async.WebAsyncManagerIntegrationFilter@40dee07b, org.springframework.security.web.context.SecurityContextPersistenceFilter@2932e15f, org.springframework.web.filter.CorsFilter@21e39b82, org.springframework.security.web.authentication.logout.LogoutFilter@4f4d05b3, com.cleducate.security.JwtTokenFilter@6814262d, org.springframework.security.web.savedrequest.RequestCacheAwareFilter@2375a976, org.springframework.security.web.servletapi.SecurityContextHolderAwareRequestFilter@5eee3da9, org.springframework.security.web.authentication.AnonymousAuthenticationFilter@5f9a8ddc, org.springframework.security.web.session.SessionManagementFilter@5b88af70, org.springframework.security.web.access.ExceptionTranslationFilter@4449b273, org.springframework.security.web.access.intercept.AuthorizationFilter@34bddf43]
2024-10-13 16:44:01.603 o.a.coyote.http11.Http11NioProtocol.log - Starting ProtocolHandler ["http-nio-8081"]
2024-10-13 16:44:01.660 o.s.b.w.e.tomcat.TomcatWebServer.start - Tomcat started on port(s): 8081 (http) with context path ''
2024-10-13 16:44:01.689 com.cleducate.ClEducateApplication.logStarted - Started ClEducateApplication in 12.634 seconds (JVM running for 13.348)
2024-10-13 16:44:46.770 o.a.c.c.C.[Tomcat].[localhost].[/].log - Initializing Spring DispatcherServlet 'dispatcherServlet'
2024-10-13 16:44:46.772 o.s.web.servlet.DispatcherServlet.initServletBean - Initializing Servlet 'dispatcherServlet'
2024-10-13 16:44:46.774 o.s.web.servlet.DispatcherServlet.initServletBean - Completed initialization in 2 ms
