2024-10-13 01:25:52.514 o.h.validator.internal.util.Version.<clinit> - HV000001: Hibernate Validator 6.2.5.Final
2024-10-13 01:25:52.542 com.cleducate.ClEducateApplication.logStarting - Starting ClEducateApplication using Java 1.8.0_411 on INTKHAB-KHAN with PID 40888 (D:\I K\SprinBootPractice\studentInteractiveSystem\target\classes started by AMY4632V in D:\I K\SprinBootPractice\studentInteractiveSystem)
2024-10-13 01:25:52.543 com.cleducate.ClEducateApplication.logStartupProfileInfo - The following 1 profile is active: "local"
2024-10-13 01:25:53.670 o.s.d.r.c.RepositoryConfigurationDelegate.registerRepositoriesIn - Bootstrapping Spring Data JPA repositories in DEFAULT mode.
2024-10-13 01:25:53.769 o.s.d.r.c.RepositoryConfigurationDelegate.registerRepositoriesIn - Finished Spring Data repository scanning in 85 ms. Found 2 JPA repository interfaces.
2024-10-13 01:25:54.826 o.s.b.w.e.tomcat.TomcatWebServer.initialize - Tomcat initialized with port(s): 8081 (http)
2024-10-13 01:25:54.837 o.a.coyote.http11.Http11NioProtocol.log - Initializing ProtocolHandler ["http-nio-8081"]
2024-10-13 01:25:54.837 o.a.catalina.core.StandardService.log - Starting service [Tomcat]
2024-10-13 01:25:54.838 o.a.catalina.core.StandardEngine.log - Starting Servlet engine: [Apache Tomcat/9.0.74]
2024-10-13 01:25:55.052 o.a.c.c.C.[Tomcat].[localhost].[/].log - Initializing Spring embedded WebApplicationContext
2024-10-13 01:25:55.053 o.s.b.w.s.c.ServletWebServerApplicationContext.prepareWebApplicationContext - Root WebApplicationContext: initialization completed in 2427 ms
2024-10-13 01:25:55.261 o.h.jpa.internal.util.LogHelper.logPersistenceUnitInformation - HHH000204: Processing PersistenceUnitInfo [name: default]
2024-10-13 01:25:55.362 org.hibernate.Version.logVersion - HHH000412: Hibernate ORM core version 5.6.15.Final
2024-10-13 01:25:55.648 o.h.annotations.common.Version.<clinit> - HCANN000001: Hibernate Commons Annotations {5.1.2.Final}
2024-10-13 01:25:55.832 com.zaxxer.hikari.HikariDataSource.getConnection - HikariPool-1 - Starting...
2024-10-13 01:25:56.323 com.zaxxer.hikari.HikariDataSource.getConnection - HikariPool-1 - Start completed.
2024-10-13 01:25:56.402 org.hibernate.dialect.Dialect.<init> - HHH000400: Using dialect: org.hibernate.dialect.PostgreSQL10Dialect
2024-10-13 01:25:58.221 o.h.e.t.j.p.i.JtaPlatformInitiator.initiateService - HHH000490: Using JtaPlatform implementation: [org.hibernate.engine.transaction.jta.platform.internal.NoJtaPlatform]
2024-10-13 01:25:58.238 o.s.o.j.LocalContainerEntityManagerFactoryBean.buildNativeEntityManagerFactory - Initialized JPA EntityManagerFactory for persistence unit 'default'
2024-10-13 01:26:00.660 o.s.s.web.DefaultSecurityFilterChain.<init> - Will secure any request with [org.springframework.security.web.session.DisableEncodeUrlFilter@1ae90cb9, org.springframework.security.web.context.request.async.WebAsyncManagerIntegrationFilter@3b62c51e, org.springframework.security.web.context.SecurityContextPersistenceFilter@3ef7fb04, org.springframework.web.filter.CorsFilter@7db679, org.springframework.security.web.authentication.logout.LogoutFilter@51d34f02, com.cleducate.security.JwtTokenFilter@47400608, org.springframework.security.web.savedrequest.RequestCacheAwareFilter@2d4f1ddd, org.springframework.security.web.servletapi.SecurityContextHolderAwareRequestFilter@1e37cb10, org.springframework.security.web.authentication.AnonymousAuthenticationFilter@7dc9b41a, org.springframework.security.web.session.SessionManagementFilter@3a6409ec, org.springframework.security.web.access.ExceptionTranslationFilter@3724ab90, org.springframework.security.web.access.intercept.AuthorizationFilter@6f12fca0]
2024-10-13 01:26:01.064 o.a.coyote.http11.Http11NioProtocol.log - Starting ProtocolHandler ["http-nio-8081"]
2024-10-13 01:26:01.129 o.s.b.w.e.tomcat.TomcatWebServer.start - Tomcat started on port(s): 8081 (http) with context path ''
2024-10-13 01:26:01.147 com.cleducate.ClEducateApplication.logStarted - Started ClEducateApplication in 9.391 seconds (JVM running for 10.132)
2024-10-13 01:27:22.881 o.a.c.c.C.[Tomcat].[localhost].[/].log - Initializing Spring DispatcherServlet 'dispatcherServlet'
2024-10-13 01:27:22.882 o.s.web.servlet.DispatcherServlet.initServletBean - Initializing Servlet 'dispatcherServlet'
2024-10-13 01:27:22.884 o.s.web.servlet.DispatcherServlet.initServletBean - Completed initialization in 2 ms
2024-10-13 01:27:42.124 o.h.e.j.b.internal.AbstractBatchImpl.release - HHH000010: On release of batch it still contained JDBC statements
2024-10-13 01:31:04.359 o.h.e.j.b.internal.AbstractBatchImpl.release - HHH000010: On release of batch it still contained JDBC statements
2024-10-13 01:33:55.143 o.s.o.j.LocalContainerEntityManagerFactoryBean.destroy - Closing JPA EntityManagerFactory for persistence unit 'default'
2024-10-13 01:33:55.149 com.zaxxer.hikari.HikariDataSource.close - HikariPool-1 - Shutdown initiated...
2024-10-13 01:33:55.163 com.zaxxer.hikari.HikariDataSource.close - HikariPool-1 - Shutdown completed.
2024-10-13 01:43:28.696 o.h.validator.internal.util.Version.<clinit> - HV000001: Hibernate Validator 6.2.5.Final
2024-10-13 01:43:28.737 com.cleducate.ClEducateApplication.logStarting - Starting ClEducateApplication using Java 1.8.0_411 on INTKHAB-KHAN with PID 35560 (D:\I K\SprinBootPractice\studentInteractiveSystem\target\classes started by AMY4632V in D:\I K\SprinBootPractice\studentInteractiveSystem)
2024-10-13 01:43:28.739 com.cleducate.ClEducateApplication.logStartupProfileInfo - The following 1 profile is active: "local"
2024-10-13 01:43:29.925 o.s.d.r.c.RepositoryConfigurationDelegate.registerRepositoriesIn - Bootstrapping Spring Data JPA repositories in DEFAULT mode.
2024-10-13 01:43:30.066 o.s.d.r.c.RepositoryConfigurationDelegate.registerRepositoriesIn - Finished Spring Data repository scanning in 120 ms. Found 3 JPA repository interfaces.
2024-10-13 01:43:31.310 o.s.b.w.e.tomcat.TomcatWebServer.initialize - Tomcat initialized with port(s): 8081 (http)
2024-10-13 01:43:31.326 o.a.coyote.http11.Http11NioProtocol.log - Initializing ProtocolHandler ["http-nio-8081"]
2024-10-13 01:43:31.327 o.a.catalina.core.StandardService.log - Starting service [Tomcat]
2024-10-13 01:43:31.327 o.a.catalina.core.StandardEngine.log - Starting Servlet engine: [Apache Tomcat/9.0.74]
2024-10-13 01:43:31.584 o.a.c.c.C.[Tomcat].[localhost].[/].log - Initializing Spring embedded WebApplicationContext
2024-10-13 01:43:31.584 o.s.b.w.s.c.ServletWebServerApplicationContext.prepareWebApplicationContext - Root WebApplicationContext: initialization completed in 2759 ms
2024-10-13 01:43:31.820 o.h.jpa.internal.util.LogHelper.logPersistenceUnitInformation - HHH000204: Processing PersistenceUnitInfo [name: default]
2024-10-13 01:43:31.895 org.hibernate.Version.logVersion - HHH000412: Hibernate ORM core version 5.6.15.Final
2024-10-13 01:43:32.198 o.h.annotations.common.Version.<clinit> - HCANN000001: Hibernate Commons Annotations {5.1.2.Final}
2024-10-13 01:43:32.381 com.zaxxer.hikari.HikariDataSource.getConnection - HikariPool-1 - Starting...
2024-10-13 01:43:33.059 com.zaxxer.hikari.HikariDataSource.getConnection - HikariPool-1 - Start completed.
2024-10-13 01:43:33.125 org.hibernate.dialect.Dialect.<init> - HHH000400: Using dialect: org.hibernate.dialect.PostgreSQL10Dialect
2024-10-13 01:43:35.076 o.h.e.t.j.p.i.JtaPlatformInitiator.initiateService - HHH000490: Using JtaPlatform implementation: [org.hibernate.engine.transaction.jta.platform.internal.NoJtaPlatform]
2024-10-13 01:43:35.090 o.s.o.j.LocalContainerEntityManagerFactoryBean.buildNativeEntityManagerFactory - Initialized JPA EntityManagerFactory for persistence unit 'default'
2024-10-13 01:43:36.478 o.s.o.j.LocalContainerEntityManagerFactoryBean.destroy - Closing JPA EntityManagerFactory for persistence unit 'default'
2024-10-13 01:43:36.485 com.zaxxer.hikari.HikariDataSource.close - HikariPool-1 - Shutdown initiated...
2024-10-13 01:43:36.497 com.zaxxer.hikari.HikariDataSource.close - HikariPool-1 - Shutdown completed.
2024-10-13 01:43:36.503 o.a.catalina.core.StandardService.log - Stopping service [Tomcat]
2024-10-13 01:43:36.523 o.s.b.a.l.ConditionEvaluationReportLoggingListener.logMessage - 

Error starting ApplicationContext. To display the conditions report re-run your application with 'debug' enabled.
2024-10-13 01:47:37.396 o.h.validator.internal.util.Version.<clinit> - HV000001: Hibernate Validator 6.2.5.Final
2024-10-13 01:47:37.415 com.cleducate.ClEducateApplication.logStarting - Starting ClEducateApplication using Java 1.8.0_411 on INTKHAB-KHAN with PID 42032 (D:\I K\SprinBootPractice\studentInteractiveSystem\target\classes started by AMY4632V in D:\I K\SprinBootPractice\studentInteractiveSystem)
2024-10-13 01:47:37.416 com.cleducate.ClEducateApplication.logStartupProfileInfo - The following 1 profile is active: "local"
2024-10-13 01:47:38.528 o.s.d.r.c.RepositoryConfigurationDelegate.registerRepositoriesIn - Bootstrapping Spring Data JPA repositories in DEFAULT mode.
2024-10-13 01:47:38.649 o.s.d.r.c.RepositoryConfigurationDelegate.registerRepositoriesIn - Finished Spring Data repository scanning in 101 ms. Found 3 JPA repository interfaces.
2024-10-13 01:47:39.867 o.s.b.w.e.tomcat.TomcatWebServer.initialize - Tomcat initialized with port(s): 8081 (http)
2024-10-13 01:47:39.883 o.a.coyote.http11.Http11NioProtocol.log - Initializing ProtocolHandler ["http-nio-8081"]
2024-10-13 01:47:39.885 o.a.catalina.core.StandardService.log - Starting service [Tomcat]
2024-10-13 01:47:39.885 o.a.catalina.core.StandardEngine.log - Starting Servlet engine: [Apache Tomcat/9.0.74]
2024-10-13 01:47:40.200 o.a.c.c.C.[Tomcat].[localhost].[/].log - Initializing Spring embedded WebApplicationContext
2024-10-13 01:47:40.200 o.s.b.w.s.c.ServletWebServerApplicationContext.prepareWebApplicationContext - Root WebApplicationContext: initialization completed in 2708 ms
2024-10-13 01:47:40.406 o.h.jpa.internal.util.LogHelper.logPersistenceUnitInformation - HHH000204: Processing PersistenceUnitInfo [name: default]
2024-10-13 01:47:40.487 org.hibernate.Version.logVersion - HHH000412: Hibernate ORM core version 5.6.15.Final
2024-10-13 01:47:40.794 o.h.annotations.common.Version.<clinit> - HCANN000001: Hibernate Commons Annotations {5.1.2.Final}
2024-10-13 01:47:40.967 com.zaxxer.hikari.HikariDataSource.getConnection - HikariPool-1 - Starting...
2024-10-13 01:47:41.718 com.zaxxer.hikari.HikariDataSource.getConnection - HikariPool-1 - Start completed.
2024-10-13 01:47:41.773 org.hibernate.dialect.Dialect.<init> - HHH000400: Using dialect: org.hibernate.dialect.PostgreSQL10Dialect
2024-10-13 01:47:43.793 o.h.e.t.j.p.i.JtaPlatformInitiator.initiateService - HHH000490: Using JtaPlatform implementation: [org.hibernate.engine.transaction.jta.platform.internal.NoJtaPlatform]
2024-10-13 01:47:43.809 o.s.o.j.LocalContainerEntityManagerFactoryBean.buildNativeEntityManagerFactory - Initialized JPA EntityManagerFactory for persistence unit 'default'
2024-10-13 01:47:46.096 o.s.s.web.DefaultSecurityFilterChain.<init> - Will secure any request with [org.springframework.security.web.session.DisableEncodeUrlFilter@62158618, org.springframework.security.web.context.request.async.WebAsyncManagerIntegrationFilter@7c31e01f, org.springframework.security.web.context.SecurityContextPersistenceFilter@2ecf4b3e, org.springframework.web.filter.CorsFilter@7945986a, org.springframework.security.web.authentication.logout.LogoutFilter@3fe11091, com.cleducate.security.JwtTokenFilter@7e9ed4df, org.springframework.security.web.savedrequest.RequestCacheAwareFilter@5364b481, org.springframework.security.web.servletapi.SecurityContextHolderAwareRequestFilter@7d3a2459, org.springframework.security.web.authentication.AnonymousAuthenticationFilter@442151d1, org.springframework.security.web.session.SessionManagementFilter@490704a5, org.springframework.security.web.access.ExceptionTranslationFilter@502b9399, org.springframework.security.web.access.intercept.AuthorizationFilter@65b7678a]
2024-10-13 01:47:46.559 o.a.coyote.http11.Http11NioProtocol.log - Starting ProtocolHandler ["http-nio-8081"]
2024-10-13 01:47:46.618 o.s.b.w.e.tomcat.TomcatWebServer.start - Tomcat started on port(s): 8081 (http) with context path ''
2024-10-13 01:47:46.633 com.cleducate.ClEducateApplication.logStarted - Started ClEducateApplication in 10.112 seconds (JVM running for 10.923)
2024-10-13 01:48:14.201 o.a.c.c.C.[Tomcat].[localhost].[/].log - Initializing Spring DispatcherServlet 'dispatcherServlet'
2024-10-13 01:48:14.202 o.s.web.servlet.DispatcherServlet.initServletBean - Initializing Servlet 'dispatcherServlet'
2024-10-13 01:48:14.204 o.s.web.servlet.DispatcherServlet.initServletBean - Completed initialization in 1 ms
