2024-10-26 21:32:48.208 o.h.validator.internal.util.Version.<clinit> - HV000001: Hibernate Validator 6.2.5.Final
2024-10-26 21:32:48.467 com.cleducate.ClEducateApplication.logStarting - Starting ClEducateApplication using Java 1.8.0_411 on INTKHAB-KHAN with PID 2152 (D:\I K\SprinBootPractice\studentInteractiveSystem\target\classes started by AMY4632V in D:\I K\SprinBootPractice\studentInteractiveSystem)
2024-10-26 21:32:48.467 com.cleducate.ClEducateApplication.logStartupProfileInfo - The following 1 profile is active: "local"
2024-10-26 21:32:51.511 o.s.d.r.c.RepositoryConfigurationDelegate.registerRepositoriesIn - Bootstrapping Spring Data JPA repositories in DEFAULT mode.
2024-10-26 21:32:51.860 o.s.d.r.c.RepositoryConfigurationDelegate.registerRepositoriesIn - Finished Spring Data repository scanning in 264 ms. Found 8 JPA repository interfaces.
2024-10-26 21:32:53.543 o.s.b.w.e.tomcat.TomcatWebServer.initialize - Tomcat initialized with port(s): 8081 (http)
2024-10-26 21:32:53.559 o.a.coyote.http11.Http11NioProtocol.log - Initializing ProtocolHandler ["http-nio-8081"]
2024-10-26 21:32:53.559 o.a.catalina.core.StandardService.log - Starting service [Tomcat]
2024-10-26 21:32:53.559 o.a.catalina.core.StandardEngine.log - Starting Servlet engine: [Apache Tomcat/9.0.74]
2024-10-26 21:32:55.107 o.a.c.c.C.[Tomcat].[localhost].[/].log - Initializing Spring embedded WebApplicationContext
2024-10-26 21:32:55.107 o.s.b.w.s.c.ServletWebServerApplicationContext.prepareWebApplicationContext - Root WebApplicationContext: initialization completed in 6409 ms
2024-10-26 21:32:55.300 o.h.jpa.internal.util.LogHelper.logPersistenceUnitInformation - HHH000204: Processing PersistenceUnitInfo [name: default]
2024-10-26 21:32:55.580 org.hibernate.Version.logVersion - HHH000412: Hibernate ORM core version 5.6.15.Final
2024-10-26 21:32:55.923 o.h.annotations.common.Version.<clinit> - HCANN000001: Hibernate Commons Annotations {5.1.2.Final}
2024-10-26 21:32:56.086 com.zaxxer.hikari.HikariDataSource.getConnection - HikariPool-1 - Starting...
2024-10-26 21:32:56.912 com.zaxxer.hikari.HikariDataSource.getConnection - HikariPool-1 - Start completed.
2024-10-26 21:32:57.402 org.hibernate.dialect.Dialect.<init> - HHH000400: Using dialect: org.hibernate.dialect.PostgreSQL10Dialect
2024-10-26 21:32:59.153 o.h.e.t.j.p.i.JtaPlatformInitiator.initiateService - HHH000490: Using JtaPlatform implementation: [org.hibernate.engine.transaction.jta.platform.internal.NoJtaPlatform]
2024-10-26 21:32:59.153 o.s.o.j.LocalContainerEntityManagerFactoryBean.buildNativeEntityManagerFactory - Initialized JPA EntityManagerFactory for persistence unit 'default'
2024-10-26 21:33:01.520 o.s.s.web.DefaultSecurityFilterChain.<init> - Will secure any request with [org.springframework.security.web.session.DisableEncodeUrlFilter@6f7b8ae1, org.springframework.security.web.context.request.async.WebAsyncManagerIntegrationFilter@6c8d8b60, org.springframework.security.web.context.SecurityContextPersistenceFilter@3adde4ea, org.springframework.web.filter.CorsFilter@4fa6fb7f, org.springframework.security.web.authentication.logout.LogoutFilter@2dc73024, com.cleducate.security.JwtTokenFilter@1dd64243, org.springframework.security.web.savedrequest.RequestCacheAwareFilter@780546f8, org.springframework.security.web.servletapi.SecurityContextHolderAwareRequestFilter@5b55c3d6, org.springframework.security.web.authentication.AnonymousAuthenticationFilter@2520010e, org.springframework.security.web.session.SessionManagementFilter@7cbe3a05, org.springframework.security.web.access.ExceptionTranslationFilter@43e7f104, org.springframework.security.web.access.intercept.AuthorizationFilter@72b10258]
2024-10-26 21:33:01.536 o.s.s.web.DefaultSecurityFilterChain.<init> - Will not secure Ant [pattern='/swagger-resources/**']
2024-10-26 21:33:01.536 o.s.s.web.DefaultSecurityFilterChain.<init> - Will not secure Ant [pattern='/swagger-ui/**']
2024-10-26 21:33:01.536 o.s.s.web.DefaultSecurityFilterChain.<init> - Will not secure Ant [pattern='/v3/api-docs/**']
2024-10-26 21:33:01.536 o.s.s.web.DefaultSecurityFilterChain.<init> - Will not secure Ant [pattern='/configuration/**']
2024-10-26 21:33:01.536 o.s.s.web.DefaultSecurityFilterChain.<init> - Will not secure Ant [pattern='/v3/api-docs/swagger-config']
2024-10-26 21:33:01.536 o.s.s.web.DefaultSecurityFilterChain.<init> - Will not secure Ant [pattern='/webjars/**']
2024-10-26 21:33:01.536 o.s.s.web.DefaultSecurityFilterChain.<init> - Will not secure Ant [pattern='/public']
2024-10-26 21:33:01.536 o.s.s.web.DefaultSecurityFilterChain.<init> - Will not secure Ant [pattern='/h2-console/**/**']
2024-10-26 21:33:01.863 o.a.coyote.http11.Http11NioProtocol.log - Starting ProtocolHandler ["http-nio-8081"]
2024-10-26 21:33:01.896 o.s.b.w.e.tomcat.TomcatWebServer.start - Tomcat started on port(s): 8081 (http) with context path ''
2024-10-26 21:33:01.912 com.cleducate.ClEducateApplication.logStarted - Started ClEducateApplication in 15.291 seconds (JVM running for 16.226)
2024-10-26 21:33:18.727 o.a.c.c.C.[Tomcat].[localhost].[/].log - Initializing Spring DispatcherServlet 'dispatcherServlet'
2024-10-26 21:33:18.727 o.s.web.servlet.DispatcherServlet.initServletBean - Initializing Servlet 'dispatcherServlet'
2024-10-26 21:33:18.729 o.s.web.servlet.DispatcherServlet.initServletBean - Completed initialization in 2 ms
2024-10-26 21:33:20.008 o.s.api.AbstractOpenApiResource.getOpenApi - Init duration for springdoc-openapi is: 807 ms
