2024-10-15 17:10:50.430 o.s.o.j.LocalContainerEntityManagerFactoryBean.destroy - Closing JPA EntityManagerFactory for persistence unit 'default'
2024-10-15 17:10:50.435 com.zaxxer.hikari.HikariDataSource.close - HikariPool-1 - Shutdown initiated...
2024-10-15 17:10:50.446 com.zaxxer.hikari.HikariDataSource.close - HikariPool-1 - Shutdown completed.
2024-10-15 17:11:05.251 o.h.validator.internal.util.Version.<clinit> - HV000001: Hibernate Validator 6.2.5.Final
2024-10-15 17:11:05.275 com.cleducate.ClEducateApplication.logStarting - Starting ClEducateApplication using Java 1.8.0_411 on INTKHAB-KHAN with PID 32832 (D:\I K\SprinBootPractice\studentInteractiveSystem\target\classes started by AMY4632V in D:\I K\SprinBootPractice\studentInteractiveSystem)
2024-10-15 17:11:05.278 com.cleducate.ClEducateApplication.logStartupProfileInfo - The following 1 profile is active: "local"
2024-10-15 17:11:06.514 o.s.d.r.c.RepositoryConfigurationDelegate.registerRepositoriesIn - Bootstrapping Spring Data JPA repositories in DEFAULT mode.
2024-10-15 17:11:06.844 o.s.d.r.c.RepositoryConfigurationDelegate.registerRepositoriesIn - Finished Spring Data repository scanning in 312 ms. Found 7 JPA repository interfaces.
2024-10-15 17:11:08.689 o.s.b.w.e.tomcat.TomcatWebServer.initialize - Tomcat initialized with port(s): 8081 (http)
2024-10-15 17:11:08.709 o.a.coyote.http11.Http11NioProtocol.log - Initializing ProtocolHandler ["http-nio-8081"]
2024-10-15 17:11:08.711 o.a.catalina.core.StandardService.log - Starting service [Tomcat]
2024-10-15 17:11:08.711 o.a.catalina.core.StandardEngine.log - Starting Servlet engine: [Apache Tomcat/9.0.74]
2024-10-15 17:11:09.110 o.a.c.c.C.[Tomcat].[localhost].[/].log - Initializing Spring embedded WebApplicationContext
2024-10-15 17:11:09.110 o.s.b.w.s.c.ServletWebServerApplicationContext.prepareWebApplicationContext - Root WebApplicationContext: initialization completed in 3746 ms
2024-10-15 17:11:09.475 o.h.jpa.internal.util.LogHelper.logPersistenceUnitInformation - HHH000204: Processing PersistenceUnitInfo [name: default]
2024-10-15 17:11:09.622 org.hibernate.Version.logVersion - HHH000412: Hibernate ORM core version 5.6.15.Final
2024-10-15 17:11:10.091 o.h.annotations.common.Version.<clinit> - HCANN000001: Hibernate Commons Annotations {5.1.2.Final}
2024-10-15 17:11:10.391 com.zaxxer.hikari.HikariDataSource.getConnection - HikariPool-1 - Starting...
2024-10-15 17:11:11.113 com.zaxxer.hikari.HikariDataSource.getConnection - HikariPool-1 - Start completed.
2024-10-15 17:11:11.217 org.hibernate.dialect.Dialect.<init> - HHH000400: Using dialect: org.hibernate.dialect.PostgreSQL10Dialect
2024-10-15 17:11:13.923 o.h.e.t.j.p.i.JtaPlatformInitiator.initiateService - HHH000490: Using JtaPlatform implementation: [org.hibernate.engine.transaction.jta.platform.internal.NoJtaPlatform]
2024-10-15 17:11:13.958 o.s.o.j.LocalContainerEntityManagerFactoryBean.buildNativeEntityManagerFactory - Initialized JPA EntityManagerFactory for persistence unit 'default'
2024-10-15 17:11:17.438 o.s.s.web.DefaultSecurityFilterChain.<init> - Will secure any request with [org.springframework.security.web.session.DisableEncodeUrlFilter@79827e71, org.springframework.security.web.context.request.async.WebAsyncManagerIntegrationFilter@3c20abd6, org.springframework.security.web.context.SecurityContextPersistenceFilter@562ec518, org.springframework.web.filter.CorsFilter@7cd2d3b6, org.springframework.security.web.authentication.logout.LogoutFilter@3a22d69f, com.cleducate.security.JwtTokenFilter@1659d7d, org.springframework.security.web.savedrequest.RequestCacheAwareFilter@4b1ad751, org.springframework.security.web.servletapi.SecurityContextHolderAwareRequestFilter@476dc0af, org.springframework.security.web.authentication.AnonymousAuthenticationFilter@7f922523, org.springframework.security.web.session.SessionManagementFilter@4199761d, org.springframework.security.web.access.ExceptionTranslationFilter@33b4c775, org.springframework.security.web.access.intercept.AuthorizationFilter@701bd6e8]
2024-10-15 17:11:17.448 o.s.s.web.DefaultSecurityFilterChain.<init> - Will not secure Ant [pattern='/swagger-resources/**']
2024-10-15 17:11:17.450 o.s.s.web.DefaultSecurityFilterChain.<init> - Will not secure Ant [pattern='/swagger-ui/**']
2024-10-15 17:11:17.450 o.s.s.web.DefaultSecurityFilterChain.<init> - Will not secure Ant [pattern='/v3/api-docs/**']
2024-10-15 17:11:17.450 o.s.s.web.DefaultSecurityFilterChain.<init> - Will not secure Ant [pattern='/configuration/**']
2024-10-15 17:11:17.450 o.s.s.web.DefaultSecurityFilterChain.<init> - Will not secure Ant [pattern='/v3/api-docs/swagger-config']
2024-10-15 17:11:17.451 o.s.s.web.DefaultSecurityFilterChain.<init> - Will not secure Ant [pattern='/webjars/**']
2024-10-15 17:11:17.451 o.s.s.web.DefaultSecurityFilterChain.<init> - Will not secure Ant [pattern='/public']
2024-10-15 17:11:17.451 o.s.s.web.DefaultSecurityFilterChain.<init> - Will not secure Ant [pattern='/h2-console/**/**']
2024-10-15 17:11:18.060 o.a.coyote.http11.Http11NioProtocol.log - Starting ProtocolHandler ["http-nio-8081"]
2024-10-15 17:11:18.120 o.s.b.w.e.tomcat.TomcatWebServer.start - Tomcat started on port(s): 8081 (http) with context path ''
2024-10-15 17:11:18.135 com.cleducate.ClEducateApplication.logStarted - Started ClEducateApplication in 13.611 seconds (JVM running for 14.445)
2024-10-15 17:11:26.103 o.a.c.c.C.[Tomcat].[localhost].[/].log - Initializing Spring DispatcherServlet 'dispatcherServlet'
2024-10-15 17:11:26.104 o.s.web.servlet.DispatcherServlet.initServletBean - Initializing Servlet 'dispatcherServlet'
2024-10-15 17:11:26.105 o.s.web.servlet.DispatcherServlet.initServletBean - Completed initialization in 0 ms
2024-10-15 17:15:13.034 o.s.o.j.LocalContainerEntityManagerFactoryBean.destroy - Closing JPA EntityManagerFactory for persistence unit 'default'
2024-10-15 17:15:13.037 com.zaxxer.hikari.HikariDataSource.close - HikariPool-1 - Shutdown initiated...
2024-10-15 17:15:13.046 com.zaxxer.hikari.HikariDataSource.close - HikariPool-1 - Shutdown completed.
2024-10-15 17:33:26.592 o.h.validator.internal.util.Version.<clinit> - HV000001: Hibernate Validator 6.2.5.Final
2024-10-15 17:33:26.616 com.cleducate.ClEducateApplication.logStarting - Starting ClEducateApplication using Java 1.8.0_411 on INTKHAB-KHAN with PID 42776 (D:\I K\SprinBootPractice\studentInteractiveSystem\target\classes started by AMY4632V in D:\I K\SprinBootPractice\studentInteractiveSystem)
2024-10-15 17:33:26.617 com.cleducate.ClEducateApplication.logStartupProfileInfo - The following 1 profile is active: "local"
2024-10-15 17:33:27.866 o.s.d.r.c.RepositoryConfigurationDelegate.registerRepositoriesIn - Bootstrapping Spring Data JPA repositories in DEFAULT mode.
2024-10-15 17:33:28.191 o.s.d.r.c.RepositoryConfigurationDelegate.registerRepositoriesIn - Finished Spring Data repository scanning in 302 ms. Found 7 JPA repository interfaces.
2024-10-15 17:33:29.961 o.s.b.w.e.tomcat.TomcatWebServer.initialize - Tomcat initialized with port(s): 8081 (http)
2024-10-15 17:33:29.990 o.a.coyote.http11.Http11NioProtocol.log - Initializing ProtocolHandler ["http-nio-8081"]
2024-10-15 17:33:29.993 o.a.catalina.core.StandardService.log - Starting service [Tomcat]
2024-10-15 17:33:29.993 o.a.catalina.core.StandardEngine.log - Starting Servlet engine: [Apache Tomcat/9.0.74]
2024-10-15 17:33:30.411 o.a.c.c.C.[Tomcat].[localhost].[/].log - Initializing Spring embedded WebApplicationContext
2024-10-15 17:33:30.411 o.s.b.w.s.c.ServletWebServerApplicationContext.prepareWebApplicationContext - Root WebApplicationContext: initialization completed in 3721 ms
2024-10-15 17:33:30.726 o.h.jpa.internal.util.LogHelper.logPersistenceUnitInformation - HHH000204: Processing PersistenceUnitInfo [name: default]
2024-10-15 17:33:30.876 org.hibernate.Version.logVersion - HHH000412: Hibernate ORM core version 5.6.15.Final
2024-10-15 17:33:31.306 o.h.annotations.common.Version.<clinit> - HCANN000001: Hibernate Commons Annotations {5.1.2.Final}
2024-10-15 17:33:31.583 com.zaxxer.hikari.HikariDataSource.getConnection - HikariPool-1 - Starting...
2024-10-15 17:33:32.335 com.zaxxer.hikari.HikariDataSource.getConnection - HikariPool-1 - Start completed.
2024-10-15 17:33:32.443 org.hibernate.dialect.Dialect.<init> - HHH000400: Using dialect: org.hibernate.dialect.PostgreSQL10Dialect
2024-10-15 17:33:35.330 o.h.e.t.j.p.i.JtaPlatformInitiator.initiateService - HHH000490: Using JtaPlatform implementation: [org.hibernate.engine.transaction.jta.platform.internal.NoJtaPlatform]
2024-10-15 17:33:35.360 o.s.o.j.LocalContainerEntityManagerFactoryBean.buildNativeEntityManagerFactory - Initialized JPA EntityManagerFactory for persistence unit 'default'
2024-10-15 17:33:39.100 o.s.s.web.DefaultSecurityFilterChain.<init> - Will secure any request with [org.springframework.security.web.session.DisableEncodeUrlFilter@407ff25f, org.springframework.security.web.context.request.async.WebAsyncManagerIntegrationFilter@3ba8fbc8, org.springframework.security.web.context.SecurityContextPersistenceFilter@1c3400df, org.springframework.web.filter.CorsFilter@113a89c5, org.springframework.security.web.authentication.logout.LogoutFilter@476dc0af, com.cleducate.security.JwtTokenFilter@76ebd595, org.springframework.security.web.savedrequest.RequestCacheAwareFilter@7e864fa4, org.springframework.security.web.servletapi.SecurityContextHolderAwareRequestFilter@40f931ec, org.springframework.security.web.authentication.AnonymousAuthenticationFilter@55da6bf, org.springframework.security.web.session.SessionManagementFilter@2cf97875, org.springframework.security.web.access.ExceptionTranslationFilter@6715a6da, org.springframework.security.web.access.intercept.AuthorizationFilter@206de1f]
2024-10-15 17:33:39.106 o.s.s.web.DefaultSecurityFilterChain.<init> - Will not secure Ant [pattern='/swagger-resources/**']
2024-10-15 17:33:39.108 o.s.s.web.DefaultSecurityFilterChain.<init> - Will not secure Ant [pattern='/swagger-ui/**']
2024-10-15 17:33:39.108 o.s.s.web.DefaultSecurityFilterChain.<init> - Will not secure Ant [pattern='/v3/api-docs/**']
2024-10-15 17:33:39.108 o.s.s.web.DefaultSecurityFilterChain.<init> - Will not secure Ant [pattern='/configuration/**']
2024-10-15 17:33:39.108 o.s.s.web.DefaultSecurityFilterChain.<init> - Will not secure Ant [pattern='/v3/api-docs/swagger-config']
2024-10-15 17:33:39.109 o.s.s.web.DefaultSecurityFilterChain.<init> - Will not secure Ant [pattern='/webjars/**']
2024-10-15 17:33:39.109 o.s.s.web.DefaultSecurityFilterChain.<init> - Will not secure Ant [pattern='/public']
2024-10-15 17:33:39.109 o.s.s.web.DefaultSecurityFilterChain.<init> - Will not secure Ant [pattern='/h2-console/**/**']
2024-10-15 17:33:39.720 o.a.coyote.http11.Http11NioProtocol.log - Starting ProtocolHandler ["http-nio-8081"]
2024-10-15 17:33:39.795 o.s.b.w.e.tomcat.TomcatWebServer.start - Tomcat started on port(s): 8081 (http) with context path ''
2024-10-15 17:33:39.821 com.cleducate.ClEducateApplication.logStarted - Started ClEducateApplication in 13.968 seconds (JVM running for 14.775)
2024-10-15 17:33:53.236 o.a.c.c.C.[Tomcat].[localhost].[/].log - Initializing Spring DispatcherServlet 'dispatcherServlet'
2024-10-15 17:33:53.236 o.s.web.servlet.DispatcherServlet.initServletBean - Initializing Servlet 'dispatcherServlet'
2024-10-15 17:33:53.237 o.s.web.servlet.DispatcherServlet.initServletBean - Completed initialization in 1 ms
2024-10-15 17:38:21.659 o.s.o.j.LocalContainerEntityManagerFactoryBean.destroy - Closing JPA EntityManagerFactory for persistence unit 'default'
2024-10-15 17:38:21.663 com.zaxxer.hikari.HikariDataSource.close - HikariPool-1 - Shutdown initiated...
2024-10-15 17:38:21.672 com.zaxxer.hikari.HikariDataSource.close - HikariPool-1 - Shutdown completed.
2024-10-15 17:39:08.826 o.h.validator.internal.util.Version.<clinit> - HV000001: Hibernate Validator 6.2.5.Final
2024-10-15 17:39:08.844 com.cleducate.ClEducateApplication.logStarting - Starting ClEducateApplication using Java 1.8.0_411 on INTKHAB-KHAN with PID 42864 (D:\I K\SprinBootPractice\studentInteractiveSystem\target\classes started by AMY4632V in D:\I K\SprinBootPractice\studentInteractiveSystem)
2024-10-15 17:39:08.845 com.cleducate.ClEducateApplication.logStartupProfileInfo - The following 1 profile is active: "local"
2024-10-15 17:39:10.071 o.s.d.r.c.RepositoryConfigurationDelegate.registerRepositoriesIn - Bootstrapping Spring Data JPA repositories in DEFAULT mode.
2024-10-15 17:39:10.179 o.s.d.r.c.RepositoryConfigurationDelegate.registerRepositoriesIn - Finished Spring Data repository scanning in 98 ms. Found 7 JPA repository interfaces.
2024-10-15 17:39:11.110 o.s.b.w.e.tomcat.TomcatWebServer.initialize - Tomcat initialized with port(s): 8081 (http)
2024-10-15 17:39:11.118 o.a.coyote.http11.Http11NioProtocol.log - Initializing ProtocolHandler ["http-nio-8081"]
2024-10-15 17:39:11.118 o.a.catalina.core.StandardService.log - Starting service [Tomcat]
2024-10-15 17:39:11.119 o.a.catalina.core.StandardEngine.log - Starting Servlet engine: [Apache Tomcat/9.0.74]
2024-10-15 17:39:11.296 o.a.c.c.C.[Tomcat].[localhost].[/].log - Initializing Spring embedded WebApplicationContext
2024-10-15 17:39:11.297 o.s.b.w.s.c.ServletWebServerApplicationContext.prepareWebApplicationContext - Root WebApplicationContext: initialization completed in 2388 ms
2024-10-15 17:39:11.502 o.h.jpa.internal.util.LogHelper.logPersistenceUnitInformation - HHH000204: Processing PersistenceUnitInfo [name: default]
2024-10-15 17:39:11.561 org.hibernate.Version.logVersion - HHH000412: Hibernate ORM core version 5.6.15.Final
2024-10-15 17:39:11.777 o.h.annotations.common.Version.<clinit> - HCANN000001: Hibernate Commons Annotations {5.1.2.Final}
2024-10-15 17:39:11.890 com.zaxxer.hikari.HikariDataSource.getConnection - HikariPool-1 - Starting...
2024-10-15 17:39:12.368 com.zaxxer.hikari.HikariDataSource.getConnection - HikariPool-1 - Start completed.
2024-10-15 17:39:12.404 org.hibernate.dialect.Dialect.<init> - HHH000400: Using dialect: org.hibernate.dialect.PostgreSQL10Dialect
2024-10-15 17:39:13.843 o.h.e.t.j.p.i.JtaPlatformInitiator.initiateService - HHH000490: Using JtaPlatform implementation: [org.hibernate.engine.transaction.jta.platform.internal.NoJtaPlatform]
2024-10-15 17:39:13.853 o.s.o.j.LocalContainerEntityManagerFactoryBean.buildNativeEntityManagerFactory - Initialized JPA EntityManagerFactory for persistence unit 'default'
2024-10-15 17:39:15.996 o.s.s.web.DefaultSecurityFilterChain.<init> - Will secure any request with [org.springframework.security.web.session.DisableEncodeUrlFilter@46748b04, org.springframework.security.web.context.request.async.WebAsyncManagerIntegrationFilter@3e71a1f8, org.springframework.security.web.context.SecurityContextPersistenceFilter@114b2414, org.springframework.web.filter.CorsFilter@5d4a34ff, org.springframework.security.web.authentication.logout.LogoutFilter@106802ea, com.cleducate.security.JwtTokenFilter@47ffdbba, org.springframework.security.web.savedrequest.RequestCacheAwareFilter@465d1345, org.springframework.security.web.servletapi.SecurityContextHolderAwareRequestFilter@5d5cd210, org.springframework.security.web.authentication.AnonymousAuthenticationFilter@7cbede2b, org.springframework.security.web.session.SessionManagementFilter@674ed201, org.springframework.security.web.access.ExceptionTranslationFilter@18887028, org.springframework.security.web.access.intercept.AuthorizationFilter@2d2af12e]
2024-10-15 17:39:15.999 o.s.s.web.DefaultSecurityFilterChain.<init> - Will not secure Ant [pattern='/swagger-resources/**']
2024-10-15 17:39:16.000 o.s.s.web.DefaultSecurityFilterChain.<init> - Will not secure Ant [pattern='/swagger-ui/**']
2024-10-15 17:39:16.000 o.s.s.web.DefaultSecurityFilterChain.<init> - Will not secure Ant [pattern='/v3/api-docs/**']
2024-10-15 17:39:16.001 o.s.s.web.DefaultSecurityFilterChain.<init> - Will not secure Ant [pattern='/configuration/**']
2024-10-15 17:39:16.001 o.s.s.web.DefaultSecurityFilterChain.<init> - Will not secure Ant [pattern='/v3/api-docs/swagger-config']
2024-10-15 17:39:16.001 o.s.s.web.DefaultSecurityFilterChain.<init> - Will not secure Ant [pattern='/webjars/**']
2024-10-15 17:39:16.001 o.s.s.web.DefaultSecurityFilterChain.<init> - Will not secure Ant [pattern='/public']
2024-10-15 17:39:16.001 o.s.s.web.DefaultSecurityFilterChain.<init> - Will not secure Ant [pattern='/h2-console/**/**']
2024-10-15 17:39:16.353 o.a.coyote.http11.Http11NioProtocol.log - Starting ProtocolHandler ["http-nio-8081"]
2024-10-15 17:39:16.378 o.s.b.w.e.tomcat.TomcatWebServer.start - Tomcat started on port(s): 8081 (http) with context path ''
2024-10-15 17:39:16.389 com.cleducate.ClEducateApplication.logStarted - Started ClEducateApplication in 8.168 seconds (JVM running for 8.703)
2024-10-15 17:39:37.835 o.a.c.c.C.[Tomcat].[localhost].[/].log - Initializing Spring DispatcherServlet 'dispatcherServlet'
2024-10-15 17:39:37.836 o.s.web.servlet.DispatcherServlet.initServletBean - Initializing Servlet 'dispatcherServlet'
2024-10-15 17:39:37.837 o.s.web.servlet.DispatcherServlet.initServletBean - Completed initialization in 1 ms
2024-10-15 17:40:45.459 o.s.api.AbstractOpenApiResource.getOpenApi - Init duration for springdoc-openapi is: 585 ms
2024-10-15 17:42:54.676 o.s.o.j.LocalContainerEntityManagerFactoryBean.destroy - Closing JPA EntityManagerFactory for persistence unit 'default'
2024-10-15 17:42:54.678 com.zaxxer.hikari.HikariDataSource.close - HikariPool-1 - Shutdown initiated...
2024-10-15 17:42:54.686 com.zaxxer.hikari.HikariDataSource.close - HikariPool-1 - Shutdown completed.
2024-10-15 17:43:31.367 o.h.validator.internal.util.Version.<clinit> - HV000001: Hibernate Validator 6.2.5.Final
2024-10-15 17:43:31.404 com.cleducate.ClEducateApplication.logStarting - Starting ClEducateApplication using Java 1.8.0_411 on INTKHAB-KHAN with PID 40468 (D:\I K\SprinBootPractice\studentInteractiveSystem\target\classes started by AMY4632V in D:\I K\SprinBootPractice\studentInteractiveSystem)
2024-10-15 17:43:31.404 com.cleducate.ClEducateApplication.logStartupProfileInfo - The following 1 profile is active: "local"
2024-10-15 17:43:32.534 o.s.d.r.c.RepositoryConfigurationDelegate.registerRepositoriesIn - Bootstrapping Spring Data JPA repositories in DEFAULT mode.
2024-10-15 17:43:32.644 o.s.d.r.c.RepositoryConfigurationDelegate.registerRepositoriesIn - Finished Spring Data repository scanning in 99 ms. Found 7 JPA repository interfaces.
2024-10-15 17:43:33.655 o.s.b.w.e.tomcat.TomcatWebServer.initialize - Tomcat initialized with port(s): 8081 (http)
2024-10-15 17:43:33.663 o.a.coyote.http11.Http11NioProtocol.log - Initializing ProtocolHandler ["http-nio-8081"]
2024-10-15 17:43:33.664 o.a.catalina.core.StandardService.log - Starting service [Tomcat]
2024-10-15 17:43:33.664 o.a.catalina.core.StandardEngine.log - Starting Servlet engine: [Apache Tomcat/9.0.74]
2024-10-15 17:43:33.868 o.a.c.c.C.[Tomcat].[localhost].[/].log - Initializing Spring embedded WebApplicationContext
2024-10-15 17:43:33.868 o.s.b.w.s.c.ServletWebServerApplicationContext.prepareWebApplicationContext - Root WebApplicationContext: initialization completed in 2399 ms
2024-10-15 17:43:34.066 o.h.jpa.internal.util.LogHelper.logPersistenceUnitInformation - HHH000204: Processing PersistenceUnitInfo [name: default]
2024-10-15 17:43:34.152 org.hibernate.Version.logVersion - HHH000412: Hibernate ORM core version 5.6.15.Final
2024-10-15 17:43:34.387 o.h.annotations.common.Version.<clinit> - HCANN000001: Hibernate Commons Annotations {5.1.2.Final}
2024-10-15 17:43:34.493 com.zaxxer.hikari.HikariDataSource.getConnection - HikariPool-1 - Starting...
2024-10-15 17:43:34.990 com.zaxxer.hikari.HikariDataSource.getConnection - HikariPool-1 - Start completed.
2024-10-15 17:43:35.028 org.hibernate.dialect.Dialect.<init> - HHH000400: Using dialect: org.hibernate.dialect.PostgreSQL10Dialect
2024-10-15 17:43:36.381 o.h.e.t.j.p.i.JtaPlatformInitiator.initiateService - HHH000490: Using JtaPlatform implementation: [org.hibernate.engine.transaction.jta.platform.internal.NoJtaPlatform]
2024-10-15 17:43:36.391 o.s.o.j.LocalContainerEntityManagerFactoryBean.buildNativeEntityManagerFactory - Initialized JPA EntityManagerFactory for persistence unit 'default'
2024-10-15 17:43:38.438 o.s.s.web.DefaultSecurityFilterChain.<init> - Will secure any request with [org.springframework.security.web.session.DisableEncodeUrlFilter@7c5d36c3, org.springframework.security.web.context.request.async.WebAsyncManagerIntegrationFilter@31de27c, org.springframework.security.web.context.SecurityContextPersistenceFilter@4bf10fe1, org.springframework.web.filter.CorsFilter@7ebfe01a, org.springframework.security.web.authentication.logout.LogoutFilter@465d1345, com.cleducate.security.JwtTokenFilter@4f8900b0, org.springframework.security.web.savedrequest.RequestCacheAwareFilter@399c408c, org.springframework.security.web.servletapi.SecurityContextHolderAwareRequestFilter@34fc315d, org.springframework.security.web.authentication.AnonymousAuthenticationFilter@154b0748, org.springframework.security.web.session.SessionManagementFilter@1c8e2850, org.springframework.security.web.access.ExceptionTranslationFilter@515c732d, org.springframework.security.web.access.intercept.AuthorizationFilter@4e20a985]
2024-10-15 17:43:38.448 o.s.s.web.DefaultSecurityFilterChain.<init> - Will not secure Ant [pattern='/swagger-resources/**']
2024-10-15 17:43:38.448 o.s.s.web.DefaultSecurityFilterChain.<init> - Will not secure Ant [pattern='/swagger-ui/**']
2024-10-15 17:43:38.449 o.s.s.web.DefaultSecurityFilterChain.<init> - Will not secure Ant [pattern='/v3/api-docs/**']
2024-10-15 17:43:38.449 o.s.s.web.DefaultSecurityFilterChain.<init> - Will not secure Ant [pattern='/configuration/**']
2024-10-15 17:43:38.449 o.s.s.web.DefaultSecurityFilterChain.<init> - Will not secure Ant [pattern='/v3/api-docs/swagger-config']
2024-10-15 17:43:38.449 o.s.s.web.DefaultSecurityFilterChain.<init> - Will not secure Ant [pattern='/webjars/**']
2024-10-15 17:43:38.450 o.s.s.web.DefaultSecurityFilterChain.<init> - Will not secure Ant [pattern='/public']
2024-10-15 17:43:38.450 o.s.s.web.DefaultSecurityFilterChain.<init> - Will not secure Ant [pattern='/h2-console/**/**']
2024-10-15 17:43:38.805 o.a.coyote.http11.Http11NioProtocol.log - Starting ProtocolHandler ["http-nio-8081"]
2024-10-15 17:43:38.833 o.s.b.w.e.tomcat.TomcatWebServer.start - Tomcat started on port(s): 8081 (http) with context path ''
2024-10-15 17:43:38.846 com.cleducate.ClEducateApplication.logStarted - Started ClEducateApplication in 8.045 seconds (JVM running for 8.58)
2024-10-15 17:43:47.042 o.a.c.c.C.[Tomcat].[localhost].[/].log - Initializing Spring DispatcherServlet 'dispatcherServlet'
2024-10-15 17:43:47.043 o.s.web.servlet.DispatcherServlet.initServletBean - Initializing Servlet 'dispatcherServlet'
2024-10-15 17:43:47.046 o.s.web.servlet.DispatcherServlet.initServletBean - Completed initialization in 3 ms
2024-10-15 17:44:31.858 o.s.o.j.LocalContainerEntityManagerFactoryBean.destroy - Closing JPA EntityManagerFactory for persistence unit 'default'
2024-10-15 17:44:31.861 com.zaxxer.hikari.HikariDataSource.close - HikariPool-1 - Shutdown initiated...
2024-10-15 17:44:31.868 com.zaxxer.hikari.HikariDataSource.close - HikariPool-1 - Shutdown completed.
2024-10-15 17:46:00.318 o.h.validator.internal.util.Version.<clinit> - HV000001: Hibernate Validator 6.2.5.Final
2024-10-15 17:46:00.334 com.cleducate.ClEducateApplication.logStarting - Starting ClEducateApplication using Java 1.8.0_411 on INTKHAB-KHAN with PID 45156 (D:\I K\SprinBootPractice\studentInteractiveSystem\target\classes started by AMY4632V in D:\I K\SprinBootPractice\studentInteractiveSystem)
2024-10-15 17:46:00.334 com.cleducate.ClEducateApplication.logStartupProfileInfo - The following 1 profile is active: "local"
2024-10-15 17:46:01.516 o.s.d.r.c.RepositoryConfigurationDelegate.registerRepositoriesIn - Bootstrapping Spring Data JPA repositories in DEFAULT mode.
2024-10-15 17:46:01.618 o.s.d.r.c.RepositoryConfigurationDelegate.registerRepositoriesIn - Finished Spring Data repository scanning in 90 ms. Found 7 JPA repository interfaces.
2024-10-15 17:46:02.541 o.s.b.w.e.tomcat.TomcatWebServer.initialize - Tomcat initialized with port(s): 8081 (http)
2024-10-15 17:46:02.549 o.a.coyote.http11.Http11NioProtocol.log - Initializing ProtocolHandler ["http-nio-8081"]
2024-10-15 17:46:02.550 o.a.catalina.core.StandardService.log - Starting service [Tomcat]
2024-10-15 17:46:02.550 o.a.catalina.core.StandardEngine.log - Starting Servlet engine: [Apache Tomcat/9.0.74]
2024-10-15 17:46:02.733 o.a.c.c.C.[Tomcat].[localhost].[/].log - Initializing Spring embedded WebApplicationContext
2024-10-15 17:46:02.733 o.s.b.w.s.c.ServletWebServerApplicationContext.prepareWebApplicationContext - Root WebApplicationContext: initialization completed in 2339 ms
2024-10-15 17:46:02.914 o.h.jpa.internal.util.LogHelper.logPersistenceUnitInformation - HHH000204: Processing PersistenceUnitInfo [name: default]
2024-10-15 17:46:02.990 org.hibernate.Version.logVersion - HHH000412: Hibernate ORM core version 5.6.15.Final
2024-10-15 17:46:03.173 o.h.annotations.common.Version.<clinit> - HCANN000001: Hibernate Commons Annotations {5.1.2.Final}
2024-10-15 17:46:03.296 com.zaxxer.hikari.HikariDataSource.getConnection - HikariPool-1 - Starting...
2024-10-15 17:46:03.745 com.zaxxer.hikari.HikariDataSource.getConnection - HikariPool-1 - Start completed.
2024-10-15 17:46:03.782 org.hibernate.dialect.Dialect.<init> - HHH000400: Using dialect: org.hibernate.dialect.PostgreSQL10Dialect
2024-10-15 17:46:05.170 o.h.e.t.j.p.i.JtaPlatformInitiator.initiateService - HHH000490: Using JtaPlatform implementation: [org.hibernate.engine.transaction.jta.platform.internal.NoJtaPlatform]
2024-10-15 17:46:05.180 o.s.o.j.LocalContainerEntityManagerFactoryBean.buildNativeEntityManagerFactory - Initialized JPA EntityManagerFactory for persistence unit 'default'
2024-10-15 17:46:06.513 o.s.o.j.LocalContainerEntityManagerFactoryBean.destroy - Closing JPA EntityManagerFactory for persistence unit 'default'
2024-10-15 17:46:06.515 com.zaxxer.hikari.HikariDataSource.close - HikariPool-1 - Shutdown initiated...
2024-10-15 17:46:06.527 com.zaxxer.hikari.HikariDataSource.close - HikariPool-1 - Shutdown completed.
2024-10-15 17:46:06.530 o.a.catalina.core.StandardService.log - Stopping service [Tomcat]
2024-10-15 17:46:06.549 o.s.b.a.l.ConditionEvaluationReportLoggingListener.logMessage - 

Error starting ApplicationContext. To display the conditions report re-run your application with 'debug' enabled.
2024-10-15 17:51:35.227 o.h.validator.internal.util.Version.<clinit> - HV000001: Hibernate Validator 6.2.5.Final
2024-10-15 17:51:35.249 com.cleducate.ClEducateApplication.logStarting - Starting ClEducateApplication using Java 1.8.0_411 on INTKHAB-KHAN with PID 12232 (D:\I K\SprinBootPractice\studentInteractiveSystem\target\classes started by AMY4632V in D:\I K\SprinBootPractice\studentInteractiveSystem)
2024-10-15 17:51:35.250 com.cleducate.ClEducateApplication.logStartupProfileInfo - The following 1 profile is active: "local"
2024-10-15 17:51:36.505 o.s.d.r.c.RepositoryConfigurationDelegate.registerRepositoriesIn - Bootstrapping Spring Data JPA repositories in DEFAULT mode.
2024-10-15 17:51:36.600 o.s.d.r.c.RepositoryConfigurationDelegate.registerRepositoriesIn - Finished Spring Data repository scanning in 83 ms. Found 7 JPA repository interfaces.
2024-10-15 17:51:37.725 o.s.b.w.e.tomcat.TomcatWebServer.initialize - Tomcat initialized with port(s): 8081 (http)
2024-10-15 17:51:37.736 o.a.coyote.http11.Http11NioProtocol.log - Initializing ProtocolHandler ["http-nio-8081"]
2024-10-15 17:51:37.737 o.a.catalina.core.StandardService.log - Starting service [Tomcat]
2024-10-15 17:51:37.737 o.a.catalina.core.StandardEngine.log - Starting Servlet engine: [Apache Tomcat/9.0.74]
2024-10-15 17:51:37.940 o.a.c.c.C.[Tomcat].[localhost].[/].log - Initializing Spring embedded WebApplicationContext
2024-10-15 17:51:37.941 o.s.b.w.s.c.ServletWebServerApplicationContext.prepareWebApplicationContext - Root WebApplicationContext: initialization completed in 2629 ms
2024-10-15 17:51:38.134 o.h.jpa.internal.util.LogHelper.logPersistenceUnitInformation - HHH000204: Processing PersistenceUnitInfo [name: default]
2024-10-15 17:51:38.207 org.hibernate.Version.logVersion - HHH000412: Hibernate ORM core version 5.6.15.Final
2024-10-15 17:51:38.406 o.h.annotations.common.Version.<clinit> - HCANN000001: Hibernate Commons Annotations {5.1.2.Final}
2024-10-15 17:51:38.539 com.zaxxer.hikari.HikariDataSource.getConnection - HikariPool-1 - Starting...
2024-10-15 17:51:39.058 com.zaxxer.hikari.HikariDataSource.getConnection - HikariPool-1 - Start completed.
2024-10-15 17:51:39.111 org.hibernate.dialect.Dialect.<init> - HHH000400: Using dialect: org.hibernate.dialect.PostgreSQL10Dialect
2024-10-15 17:51:40.871 o.h.e.t.j.p.i.JtaPlatformInitiator.initiateService - HHH000490: Using JtaPlatform implementation: [org.hibernate.engine.transaction.jta.platform.internal.NoJtaPlatform]
2024-10-15 17:51:40.888 o.s.o.j.LocalContainerEntityManagerFactoryBean.buildNativeEntityManagerFactory - Initialized JPA EntityManagerFactory for persistence unit 'default'
2024-10-15 17:51:45.031 o.s.s.web.DefaultSecurityFilterChain.<init> - Will secure any request with [org.springframework.security.web.session.DisableEncodeUrlFilter@341964d0, org.springframework.security.web.context.request.async.WebAsyncManagerIntegrationFilter@51b59d58, org.springframework.security.web.context.SecurityContextPersistenceFilter@764db16c, org.springframework.web.filter.CorsFilter@4ca4f762, org.springframework.security.web.authentication.logout.LogoutFilter@674ed201, com.cleducate.security.JwtTokenFilter@f237ae7, org.springframework.security.web.savedrequest.RequestCacheAwareFilter@1c8e2850, org.springframework.security.web.servletapi.SecurityContextHolderAwareRequestFilter@99223ac, org.springframework.security.web.authentication.AnonymousAuthenticationFilter@7c5d36c3, org.springframework.security.web.session.SessionManagementFilter@7a247711, org.springframework.security.web.access.ExceptionTranslationFilter@3856d0cb, org.springframework.security.web.access.intercept.AuthorizationFilter@5d5cd210]
2024-10-15 17:51:45.060 o.s.s.web.DefaultSecurityFilterChain.<init> - Will not secure Ant [pattern='/swagger-resources/**']
2024-10-15 17:51:45.062 o.s.s.web.DefaultSecurityFilterChain.<init> - Will not secure Ant [pattern='/swagger-ui/**']
2024-10-15 17:51:45.063 o.s.s.web.DefaultSecurityFilterChain.<init> - Will not secure Ant [pattern='/v3/api-docs/**']
2024-10-15 17:51:45.064 o.s.s.web.DefaultSecurityFilterChain.<init> - Will not secure Ant [pattern='/configuration/**']
2024-10-15 17:51:45.065 o.s.s.web.DefaultSecurityFilterChain.<init> - Will not secure Ant [pattern='/v3/api-docs/swagger-config']
2024-10-15 17:51:45.066 o.s.s.web.DefaultSecurityFilterChain.<init> - Will not secure Ant [pattern='/webjars/**']
2024-10-15 17:51:45.067 o.s.s.web.DefaultSecurityFilterChain.<init> - Will not secure Ant [pattern='/public']
2024-10-15 17:51:45.068 o.s.s.web.DefaultSecurityFilterChain.<init> - Will not secure Ant [pattern='/h2-console/**/**']
2024-10-15 17:51:45.757 o.a.coyote.http11.Http11NioProtocol.log - Starting ProtocolHandler ["http-nio-8081"]
2024-10-15 17:51:45.817 o.s.b.w.e.tomcat.TomcatWebServer.start - Tomcat started on port(s): 8081 (http) with context path ''
2024-10-15 17:51:45.847 com.cleducate.ClEducateApplication.logStarted - Started ClEducateApplication in 11.269 seconds (JVM running for 12.089)
2024-10-15 17:51:45.980 o.a.c.c.C.[Tomcat].[localhost].[/].log - Initializing Spring DispatcherServlet 'dispatcherServlet'
2024-10-15 17:51:45.981 o.s.web.servlet.DispatcherServlet.initServletBean - Initializing Servlet 'dispatcherServlet'
2024-10-15 17:51:45.984 o.s.web.servlet.DispatcherServlet.initServletBean - Completed initialization in 2 ms
2024-10-15 17:51:47.204 o.s.api.AbstractOpenApiResource.getOpenApi - Init duration for springdoc-openapi is: 704 ms
2024-10-15 17:52:51.106 o.s.o.j.LocalContainerEntityManagerFactoryBean.destroy - Closing JPA EntityManagerFactory for persistence unit 'default'
2024-10-15 17:52:51.109 com.zaxxer.hikari.HikariDataSource.close - HikariPool-1 - Shutdown initiated...
2024-10-15 17:52:51.120 com.zaxxer.hikari.HikariDataSource.close - HikariPool-1 - Shutdown completed.
2024-10-15 17:53:02.508 o.h.validator.internal.util.Version.<clinit> - HV000001: Hibernate Validator 6.2.5.Final
2024-10-15 17:53:02.532 com.cleducate.ClEducateApplication.logStarting - Starting ClEducateApplication using Java 1.8.0_411 on INTKHAB-KHAN with PID 45984 (D:\I K\SprinBootPractice\studentInteractiveSystem\target\classes started by AMY4632V in D:\I K\SprinBootPractice\studentInteractiveSystem)
2024-10-15 17:53:02.533 com.cleducate.ClEducateApplication.logStartupProfileInfo - The following 1 profile is active: "local"
2024-10-15 17:53:03.693 o.s.d.r.c.RepositoryConfigurationDelegate.registerRepositoriesIn - Bootstrapping Spring Data JPA repositories in DEFAULT mode.
2024-10-15 17:53:03.791 o.s.d.r.c.RepositoryConfigurationDelegate.registerRepositoriesIn - Finished Spring Data repository scanning in 86 ms. Found 7 JPA repository interfaces.
2024-10-15 17:53:04.764 o.s.b.w.e.tomcat.TomcatWebServer.initialize - Tomcat initialized with port(s): 8081 (http)
2024-10-15 17:53:04.773 o.a.coyote.http11.Http11NioProtocol.log - Initializing ProtocolHandler ["http-nio-8081"]
2024-10-15 17:53:04.774 o.a.catalina.core.StandardService.log - Starting service [Tomcat]
2024-10-15 17:53:04.774 o.a.catalina.core.StandardEngine.log - Starting Servlet engine: [Apache Tomcat/9.0.74]
2024-10-15 17:53:04.950 o.a.c.c.C.[Tomcat].[localhost].[/].log - Initializing Spring embedded WebApplicationContext
2024-10-15 17:53:04.950 o.s.b.w.s.c.ServletWebServerApplicationContext.prepareWebApplicationContext - Root WebApplicationContext: initialization completed in 2350 ms
2024-10-15 17:53:05.130 o.h.jpa.internal.util.LogHelper.logPersistenceUnitInformation - HHH000204: Processing PersistenceUnitInfo [name: default]
2024-10-15 17:53:05.204 org.hibernate.Version.logVersion - HHH000412: Hibernate ORM core version 5.6.15.Final
2024-10-15 17:53:05.416 o.h.annotations.common.Version.<clinit> - HCANN000001: Hibernate Commons Annotations {5.1.2.Final}
2024-10-15 17:53:05.523 com.zaxxer.hikari.HikariDataSource.getConnection - HikariPool-1 - Starting...
2024-10-15 17:53:05.992 com.zaxxer.hikari.HikariDataSource.getConnection - HikariPool-1 - Start completed.
2024-10-15 17:53:06.041 org.hibernate.dialect.Dialect.<init> - HHH000400: Using dialect: org.hibernate.dialect.PostgreSQL10Dialect
2024-10-15 17:53:07.507 o.h.e.t.j.p.i.JtaPlatformInitiator.initiateService - HHH000490: Using JtaPlatform implementation: [org.hibernate.engine.transaction.jta.platform.internal.NoJtaPlatform]
2024-10-15 17:53:07.517 o.s.o.j.LocalContainerEntityManagerFactoryBean.buildNativeEntityManagerFactory - Initialized JPA EntityManagerFactory for persistence unit 'default'
2024-10-15 17:53:09.882 o.s.s.web.DefaultSecurityFilterChain.<init> - Will secure any request with [org.springframework.security.web.session.DisableEncodeUrlFilter@33ccead, org.springframework.security.web.context.request.async.WebAsyncManagerIntegrationFilter@42ebece0, org.springframework.security.web.context.SecurityContextPersistenceFilter@4910afdf, org.springframework.web.filter.CorsFilter@15c4b1a4, org.springframework.security.web.authentication.logout.LogoutFilter@6f80cf5, com.cleducate.security.JwtTokenFilter@492c8137, org.springframework.security.web.savedrequest.RequestCacheAwareFilter@45cb5307, org.springframework.security.web.servletapi.SecurityContextHolderAwareRequestFilter@399c408c, org.springframework.security.web.authentication.AnonymousAuthenticationFilter@341964d0, org.springframework.security.web.session.SessionManagementFilter@633a11eb, org.springframework.security.web.access.ExceptionTranslationFilter@73aae7a, org.springframework.security.web.access.intercept.AuthorizationFilter@433b1597]
2024-10-15 17:53:09.898 o.s.s.web.DefaultSecurityFilterChain.<init> - Will not secure Ant [pattern='/swagger-resources/**']
2024-10-15 17:53:09.900 o.s.s.web.DefaultSecurityFilterChain.<init> - Will not secure Ant [pattern='/swagger-ui/**']
2024-10-15 17:53:09.900 o.s.s.web.DefaultSecurityFilterChain.<init> - Will not secure Ant [pattern='/v3/api-docs/**']
2024-10-15 17:53:09.901 o.s.s.web.DefaultSecurityFilterChain.<init> - Will not secure Ant [pattern='/configuration/**']
2024-10-15 17:53:09.901 o.s.s.web.DefaultSecurityFilterChain.<init> - Will not secure Ant [pattern='/v3/api-docs/swagger-config']
2024-10-15 17:53:09.902 o.s.s.web.DefaultSecurityFilterChain.<init> - Will not secure Ant [pattern='/webjars/**']
2024-10-15 17:53:09.902 o.s.s.web.DefaultSecurityFilterChain.<init> - Will not secure Ant [pattern='/public']
2024-10-15 17:53:09.903 o.s.s.web.DefaultSecurityFilterChain.<init> - Will not secure Ant [pattern='/h2-console/**/**']
2024-10-15 17:53:10.301 o.a.coyote.http11.Http11NioProtocol.log - Starting ProtocolHandler ["http-nio-8081"]
2024-10-15 17:53:10.325 o.s.b.w.e.tomcat.TomcatWebServer.start - Tomcat started on port(s): 8081 (http) with context path ''
2024-10-15 17:53:10.338 com.cleducate.ClEducateApplication.logStarted - Started ClEducateApplication in 8.414 seconds (JVM running for 8.969)
2024-10-15 17:53:23.758 o.a.c.c.C.[Tomcat].[localhost].[/].log - Initializing Spring DispatcherServlet 'dispatcherServlet'
2024-10-15 17:53:23.759 o.s.web.servlet.DispatcherServlet.initServletBean - Initializing Servlet 'dispatcherServlet'
2024-10-15 17:53:23.762 o.s.web.servlet.DispatcherServlet.initServletBean - Completed initialization in 2 ms
2024-10-15 17:55:34.361 o.s.o.j.LocalContainerEntityManagerFactoryBean.destroy - Closing JPA EntityManagerFactory for persistence unit 'default'
2024-10-15 17:55:34.363 com.zaxxer.hikari.HikariDataSource.close - HikariPool-1 - Shutdown initiated...
2024-10-15 17:55:34.371 com.zaxxer.hikari.HikariDataSource.close - HikariPool-1 - Shutdown completed.
