2024-10-14 19:35:21.993 o.s.o.j.LocalContainerEntityManagerFactoryBean.destroy - Closing JPA EntityManagerFactory for persistence unit 'default'
2024-10-14 19:35:22.003 com.zaxxer.hikari.HikariDataSource.close - HikariPool-1 - Shutdown initiated...
2024-10-14 19:35:22.009 com.zaxxer.hikari.HikariDataSource.close - HikariPool-1 - Shutdown completed.
2024-10-14 19:55:04.371 o.h.validator.internal.util.Version.<clinit> - HV000001: Hibernate Validator 6.2.5.Final
2024-10-14 19:55:04.402 com.cleducate.ClEducateApplication.logStarting - Starting ClEducateApplication using Java 1.8.0_411 on INTKHAB-KHAN with PID 42196 (D:\I K\SprinBootPractice\studentInteractiveSystem\target\classes started by AMY4632V in D:\I K\SprinBootPractice\studentInteractiveSystem)
2024-10-14 19:55:04.405 com.cleducate.ClEducateApplication.logStartupProfileInfo - The following 1 profile is active: "local"
2024-10-14 19:55:06.626 o.s.d.r.c.RepositoryConfigurationDelegate.registerRepositoriesIn - Bootstrapping Spring Data JPA repositories in DEFAULT mode.
2024-10-14 19:55:06.735 o.s.d.r.c.RepositoryConfigurationDelegate.registerRepositoriesIn - Finished Spring Data repository scanning in 98 ms. Found 7 JPA repository interfaces.
2024-10-14 19:55:07.886 o.s.b.w.e.tomcat.TomcatWebServer.initialize - Tomcat initialized with port(s): 8081 (http)
2024-10-14 19:55:07.899 o.a.coyote.http11.Http11NioProtocol.log - Initializing ProtocolHandler ["http-nio-8081"]
2024-10-14 19:55:07.900 o.a.catalina.core.StandardService.log - Starting service [Tomcat]
2024-10-14 19:55:07.900 o.a.catalina.core.StandardEngine.log - Starting Servlet engine: [Apache Tomcat/9.0.74]
2024-10-14 19:55:08.104 o.a.c.c.C.[Tomcat].[localhost].[/].log - Initializing Spring embedded WebApplicationContext
2024-10-14 19:55:08.105 o.s.b.w.s.c.ServletWebServerApplicationContext.prepareWebApplicationContext - Root WebApplicationContext: initialization completed in 3631 ms
2024-10-14 19:55:08.322 o.h.jpa.internal.util.LogHelper.logPersistenceUnitInformation - HHH000204: Processing PersistenceUnitInfo [name: default]
2024-10-14 19:55:08.456 org.hibernate.Version.logVersion - HHH000412: Hibernate ORM core version 5.6.15.Final
2024-10-14 19:55:08.782 o.h.annotations.common.Version.<clinit> - HCANN000001: Hibernate Commons Annotations {5.1.2.Final}
2024-10-14 19:55:08.964 com.zaxxer.hikari.HikariDataSource.getConnection - HikariPool-1 - Starting...
2024-10-14 19:55:09.464 com.zaxxer.hikari.HikariDataSource.getConnection - HikariPool-1 - Start completed.
2024-10-14 19:55:09.523 org.hibernate.dialect.Dialect.<init> - HHH000400: Using dialect: org.hibernate.dialect.PostgreSQL10Dialect
2024-10-14 19:55:11.592 o.h.e.t.j.p.i.JtaPlatformInitiator.initiateService - HHH000490: Using JtaPlatform implementation: [org.hibernate.engine.transaction.jta.platform.internal.NoJtaPlatform]
2024-10-14 19:55:11.607 o.s.o.j.LocalContainerEntityManagerFactoryBean.buildNativeEntityManagerFactory - Initialized JPA EntityManagerFactory for persistence unit 'default'
2024-10-14 19:55:13.906 o.s.s.web.DefaultSecurityFilterChain.<init> - Will secure any request with [org.springframework.security.web.session.DisableEncodeUrlFilter@72646d16, org.springframework.security.web.context.request.async.WebAsyncManagerIntegrationFilter@6ec2d990, org.springframework.security.web.context.SecurityContextPersistenceFilter@25f14e93, org.springframework.web.filter.CorsFilter@1cfa7ee0, org.springframework.security.web.authentication.logout.LogoutFilter@18dbc1b, com.cleducate.security.JwtTokenFilter@3ec7eb5, org.springframework.security.web.savedrequest.RequestCacheAwareFilter@4c02899, org.springframework.security.web.servletapi.SecurityContextHolderAwareRequestFilter@5e055ce1, org.springframework.security.web.authentication.AnonymousAuthenticationFilter@612290d, org.springframework.security.web.session.SessionManagementFilter@64688978, org.springframework.security.web.access.ExceptionTranslationFilter@35d4035f, org.springframework.security.web.access.intercept.AuthorizationFilter@495e8a3]
2024-10-14 19:55:13.919 o.s.s.web.DefaultSecurityFilterChain.<init> - Will not secure Ant [pattern='/swagger-resources/**']
2024-10-14 19:55:13.920 o.s.s.web.DefaultSecurityFilterChain.<init> - Will not secure Ant [pattern='/swagger-ui/**']
2024-10-14 19:55:13.921 o.s.s.web.DefaultSecurityFilterChain.<init> - Will not secure Ant [pattern='/v3/api-docs/**']
2024-10-14 19:55:13.921 o.s.s.web.DefaultSecurityFilterChain.<init> - Will not secure Ant [pattern='/configuration/**']
2024-10-14 19:55:13.921 o.s.s.web.DefaultSecurityFilterChain.<init> - Will not secure Ant [pattern='/v3/api-docs/swagger-config']
2024-10-14 19:55:13.922 o.s.s.web.DefaultSecurityFilterChain.<init> - Will not secure Ant [pattern='/webjars/**']
2024-10-14 19:55:13.922 o.s.s.web.DefaultSecurityFilterChain.<init> - Will not secure Ant [pattern='/public']
2024-10-14 19:55:13.922 o.s.s.web.DefaultSecurityFilterChain.<init> - Will not secure Ant [pattern='/h2-console/**/**']
2024-10-14 19:55:14.292 o.a.coyote.http11.Http11NioProtocol.log - Starting ProtocolHandler ["http-nio-8081"]
2024-10-14 19:55:14.320 o.s.b.w.e.tomcat.TomcatWebServer.start - Tomcat started on port(s): 8081 (http) with context path ''
2024-10-14 19:55:14.332 com.cleducate.ClEducateApplication.logStarted - Started ClEducateApplication in 10.725 seconds (JVM running for 11.307)
2024-10-14 19:55:44.770 o.a.c.c.C.[Tomcat].[localhost].[/].log - Initializing Spring DispatcherServlet 'dispatcherServlet'
2024-10-14 19:55:44.771 o.s.web.servlet.DispatcherServlet.initServletBean - Initializing Servlet 'dispatcherServlet'
2024-10-14 19:55:44.774 o.s.web.servlet.DispatcherServlet.initServletBean - Completed initialization in 3 ms
2024-10-14 19:55:58.078 o.s.api.AbstractOpenApiResource.getOpenApi - Init duration for springdoc-openapi is: 688 ms
