2024-10-15 11:33:10.298 o.s.o.j.LocalContainerEntityManagerFactoryBean.destroy - Closing JPA EntityManagerFactory for persistence unit 'default'
2024-10-15 11:33:10.304 com.zaxxer.hikari.HikariDataSource.close - HikariPool-1 - Shutdown initiated...
2024-10-15 11:33:10.313 com.zaxxer.hikari.HikariDataSource.close - HikariPool-1 - Shutdown completed.
2024-10-15 11:48:40.150 o.h.validator.internal.util.Version.<clinit> - HV000001: Hibernate Validator 6.2.5.Final
2024-10-15 11:48:40.179 com.cleducate.ClEducateApplication.logStarting - Starting ClEducateApplication using Java 1.8.0_411 on INTKHAB-KHAN with PID 34920 (D:\I K\SprinBootPractice\studentInteractiveSystem\target\classes started by AMY4632V in D:\I K\SprinBootPractice\studentInteractiveSystem)
2024-10-15 11:48:40.180 com.cleducate.ClEducateApplication.logStartupProfileInfo - The following 1 profile is active: "local"
2024-10-15 11:48:41.650 o.s.d.r.c.RepositoryConfigurationDelegate.registerRepositoriesIn - Bootstrapping Spring Data JPA repositories in DEFAULT mode.
2024-10-15 11:48:41.731 o.s.d.r.c.RepositoryConfigurationDelegate.registerRepositoriesIn - Finished Spring Data repository scanning in 70 ms. Found 7 JPA repository interfaces.
2024-10-15 11:48:42.620 o.s.b.w.e.tomcat.TomcatWebServer.initialize - Tomcat initialized with port(s): 8081 (http)
2024-10-15 11:48:42.631 o.a.coyote.http11.Http11NioProtocol.log - Initializing ProtocolHandler ["http-nio-8081"]
2024-10-15 11:48:42.632 o.a.catalina.core.StandardService.log - Starting service [Tomcat]
2024-10-15 11:48:42.632 o.a.catalina.core.StandardEngine.log - Starting Servlet engine: [Apache Tomcat/9.0.74]
2024-10-15 11:48:45.556 o.a.c.c.C.[Tomcat].[localhost].[/].log - Initializing Spring embedded WebApplicationContext
2024-10-15 11:48:45.556 o.s.b.w.s.c.ServletWebServerApplicationContext.prepareWebApplicationContext - Root WebApplicationContext: initialization completed in 5320 ms
2024-10-15 11:48:45.717 o.h.jpa.internal.util.LogHelper.logPersistenceUnitInformation - HHH000204: Processing PersistenceUnitInfo [name: default]
2024-10-15 11:48:45.810 org.hibernate.Version.logVersion - HHH000412: Hibernate ORM core version 5.6.15.Final
2024-10-15 11:48:46.011 o.h.annotations.common.Version.<clinit> - HCANN000001: Hibernate Commons Annotations {5.1.2.Final}
2024-10-15 11:48:46.135 com.zaxxer.hikari.HikariDataSource.getConnection - HikariPool-1 - Starting...
2024-10-15 11:48:46.588 com.zaxxer.hikari.HikariDataSource.getConnection - HikariPool-1 - Start completed.
2024-10-15 11:48:46.630 org.hibernate.dialect.Dialect.<init> - HHH000400: Using dialect: org.hibernate.dialect.PostgreSQL10Dialect
2024-10-15 11:48:47.936 o.h.e.t.j.p.i.JtaPlatformInitiator.initiateService - HHH000490: Using JtaPlatform implementation: [org.hibernate.engine.transaction.jta.platform.internal.NoJtaPlatform]
2024-10-15 11:48:47.950 o.s.o.j.LocalContainerEntityManagerFactoryBean.buildNativeEntityManagerFactory - Initialized JPA EntityManagerFactory for persistence unit 'default'
2024-10-15 11:48:50.034 o.s.s.web.DefaultSecurityFilterChain.<init> - Will secure any request with [org.springframework.security.web.session.DisableEncodeUrlFilter@180cc0df, org.springframework.security.web.context.request.async.WebAsyncManagerIntegrationFilter@64f33dee, org.springframework.security.web.context.SecurityContextPersistenceFilter@4efe014f, org.springframework.web.filter.CorsFilter@61c58320, org.springframework.security.web.authentication.logout.LogoutFilter@65ff4b8c, com.cleducate.security.JwtTokenFilter@97beeaf, org.springframework.security.web.savedrequest.RequestCacheAwareFilter@7c5ac0, org.springframework.security.web.servletapi.SecurityContextHolderAwareRequestFilter@6a7aa675, org.springframework.security.web.authentication.AnonymousAuthenticationFilter@10e4ee33, org.springframework.security.web.session.SessionManagementFilter@2a510e0e, org.springframework.security.web.access.ExceptionTranslationFilter@51468039, org.springframework.security.web.access.intercept.AuthorizationFilter@df6f19b]
2024-10-15 11:48:50.037 o.s.s.web.DefaultSecurityFilterChain.<init> - Will not secure Ant [pattern='/swagger-resources/**']
2024-10-15 11:48:50.037 o.s.s.web.DefaultSecurityFilterChain.<init> - Will not secure Ant [pattern='/swagger-ui/**']
2024-10-15 11:48:50.037 o.s.s.web.DefaultSecurityFilterChain.<init> - Will not secure Ant [pattern='/v3/api-docs/**']
2024-10-15 11:48:50.038 o.s.s.web.DefaultSecurityFilterChain.<init> - Will not secure Ant [pattern='/configuration/**']
2024-10-15 11:48:50.038 o.s.s.web.DefaultSecurityFilterChain.<init> - Will not secure Ant [pattern='/v3/api-docs/swagger-config']
2024-10-15 11:48:50.038 o.s.s.web.DefaultSecurityFilterChain.<init> - Will not secure Ant [pattern='/webjars/**']
2024-10-15 11:48:50.038 o.s.s.web.DefaultSecurityFilterChain.<init> - Will not secure Ant [pattern='/public']
2024-10-15 11:48:50.039 o.s.s.web.DefaultSecurityFilterChain.<init> - Will not secure Ant [pattern='/h2-console/**/**']
2024-10-15 11:48:50.373 o.a.coyote.http11.Http11NioProtocol.log - Starting ProtocolHandler ["http-nio-8081"]
2024-10-15 11:48:50.396 o.s.b.w.e.tomcat.TomcatWebServer.start - Tomcat started on port(s): 8081 (http) with context path ''
2024-10-15 11:48:50.405 com.cleducate.ClEducateApplication.logStarted - Started ClEducateApplication in 10.854 seconds (JVM running for 11.42)
2024-10-15 11:49:02.219 o.a.c.c.C.[Tomcat].[localhost].[/].log - Initializing Spring DispatcherServlet 'dispatcherServlet'
2024-10-15 11:49:02.220 o.s.web.servlet.DispatcherServlet.initServletBean - Initializing Servlet 'dispatcherServlet'
2024-10-15 11:49:02.220 o.s.web.servlet.DispatcherServlet.initServletBean - Completed initialization in 0 ms
2024-10-15 11:49:02.901 o.s.api.AbstractOpenApiResource.getOpenApi - Init duration for springdoc-openapi is: 233 ms
2024-10-15 11:49:46.903 o.s.o.j.LocalContainerEntityManagerFactoryBean.destroy - Closing JPA EntityManagerFactory for persistence unit 'default'
2024-10-15 11:49:46.908 com.zaxxer.hikari.HikariDataSource.close - HikariPool-1 - Shutdown initiated...
2024-10-15 11:49:46.916 com.zaxxer.hikari.HikariDataSource.close - HikariPool-1 - Shutdown completed.
2024-10-15 11:58:23.321 o.h.validator.internal.util.Version.<clinit> - HV000001: Hibernate Validator 6.2.5.Final
2024-10-15 11:58:23.336 com.cleducate.ClEducateApplication.logStarting - Starting ClEducateApplication using Java 1.8.0_411 on INTKHAB-KHAN with PID 21028 (D:\I K\SprinBootPractice\studentInteractiveSystem\target\classes started by AMY4632V in D:\I K\SprinBootPractice\studentInteractiveSystem)
2024-10-15 11:58:23.337 com.cleducate.ClEducateApplication.logStartupProfileInfo - The following 1 profile is active: "local"
2024-10-15 11:58:24.175 o.s.d.r.c.RepositoryConfigurationDelegate.registerRepositoriesIn - Bootstrapping Spring Data JPA repositories in DEFAULT mode.
2024-10-15 11:58:24.250 o.s.d.r.c.RepositoryConfigurationDelegate.registerRepositoriesIn - Finished Spring Data repository scanning in 66 ms. Found 7 JPA repository interfaces.
2024-10-15 11:58:25.024 o.s.b.w.e.tomcat.TomcatWebServer.initialize - Tomcat initialized with port(s): 8081 (http)
2024-10-15 11:58:25.032 o.a.coyote.http11.Http11NioProtocol.log - Initializing ProtocolHandler ["http-nio-8081"]
2024-10-15 11:58:25.033 o.a.catalina.core.StandardService.log - Starting service [Tomcat]
2024-10-15 11:58:25.033 o.a.catalina.core.StandardEngine.log - Starting Servlet engine: [Apache Tomcat/9.0.74]
2024-10-15 11:58:25.178 o.a.c.c.C.[Tomcat].[localhost].[/].log - Initializing Spring embedded WebApplicationContext
2024-10-15 11:58:25.178 o.s.b.w.s.c.ServletWebServerApplicationContext.prepareWebApplicationContext - Root WebApplicationContext: initialization completed in 1788 ms
2024-10-15 11:58:25.342 o.h.jpa.internal.util.LogHelper.logPersistenceUnitInformation - HHH000204: Processing PersistenceUnitInfo [name: default]
2024-10-15 11:58:25.396 org.hibernate.Version.logVersion - HHH000412: Hibernate ORM core version 5.6.15.Final
2024-10-15 11:58:25.569 o.h.annotations.common.Version.<clinit> - HCANN000001: Hibernate Commons Annotations {5.1.2.Final}
2024-10-15 11:58:25.685 com.zaxxer.hikari.HikariDataSource.getConnection - HikariPool-1 - Starting...
2024-10-15 11:58:26.161 com.zaxxer.hikari.HikariDataSource.getConnection - HikariPool-1 - Start completed.
2024-10-15 11:58:26.194 org.hibernate.dialect.Dialect.<init> - HHH000400: Using dialect: org.hibernate.dialect.PostgreSQL10Dialect
2024-10-15 11:58:27.644 o.h.e.t.j.p.i.JtaPlatformInitiator.initiateService - HHH000490: Using JtaPlatform implementation: [org.hibernate.engine.transaction.jta.platform.internal.NoJtaPlatform]
2024-10-15 11:58:27.657 o.s.o.j.LocalContainerEntityManagerFactoryBean.buildNativeEntityManagerFactory - Initialized JPA EntityManagerFactory for persistence unit 'default'
2024-10-15 11:58:29.808 o.s.s.web.DefaultSecurityFilterChain.<init> - Will secure any request with [org.springframework.security.web.session.DisableEncodeUrlFilter@1eb7ec59, org.springframework.security.web.context.request.async.WebAsyncManagerIntegrationFilter@46748b04, org.springframework.security.web.context.SecurityContextPersistenceFilter@505a8582, org.springframework.web.filter.CorsFilter@3e71a1f8, org.springframework.security.web.authentication.logout.LogoutFilter@6706da3d, com.cleducate.security.JwtTokenFilter@7976e536, org.springframework.security.web.savedrequest.RequestCacheAwareFilter@18887028, org.springframework.security.web.servletapi.SecurityContextHolderAwareRequestFilter@311a09b2, org.springframework.security.web.authentication.AnonymousAuthenticationFilter@5d4a34ff, org.springframework.security.web.session.SessionManagementFilter@10dbf660, org.springframework.security.web.access.ExceptionTranslationFilter@399c408c, org.springframework.security.web.access.intercept.AuthorizationFilter@67ecf7ed]
2024-10-15 11:58:29.812 o.s.s.web.DefaultSecurityFilterChain.<init> - Will not secure Ant [pattern='/swagger-resources/**']
2024-10-15 11:58:29.813 o.s.s.web.DefaultSecurityFilterChain.<init> - Will not secure Ant [pattern='/swagger-ui/**']
2024-10-15 11:58:29.814 o.s.s.web.DefaultSecurityFilterChain.<init> - Will not secure Ant [pattern='/v3/api-docs/**']
2024-10-15 11:58:29.815 o.s.s.web.DefaultSecurityFilterChain.<init> - Will not secure Ant [pattern='/configuration/**']
2024-10-15 11:58:29.815 o.s.s.web.DefaultSecurityFilterChain.<init> - Will not secure Ant [pattern='/v3/api-docs/swagger-config']
2024-10-15 11:58:29.816 o.s.s.web.DefaultSecurityFilterChain.<init> - Will not secure Ant [pattern='/webjars/**']
2024-10-15 11:58:29.816 o.s.s.web.DefaultSecurityFilterChain.<init> - Will not secure Ant [pattern='/public']
2024-10-15 11:58:29.816 o.s.s.web.DefaultSecurityFilterChain.<init> - Will not secure Ant [pattern='/h2-console/**/**']
2024-10-15 11:58:30.106 o.a.coyote.http11.Http11NioProtocol.log - Starting ProtocolHandler ["http-nio-8081"]
2024-10-15 11:58:30.134 o.s.b.w.e.tomcat.TomcatWebServer.start - Tomcat started on port(s): 8081 (http) with context path ''
2024-10-15 11:58:30.143 com.cleducate.ClEducateApplication.logStarted - Started ClEducateApplication in 7.311 seconds (JVM running for 7.779)
2024-10-15 11:58:40.617 o.a.c.c.C.[Tomcat].[localhost].[/].log - Initializing Spring DispatcherServlet 'dispatcherServlet'
2024-10-15 11:58:40.617 o.s.web.servlet.DispatcherServlet.initServletBean - Initializing Servlet 'dispatcherServlet'
2024-10-15 11:58:40.618 o.s.web.servlet.DispatcherServlet.initServletBean - Completed initialization in 0 ms
2024-10-15 11:58:41.269 o.s.api.AbstractOpenApiResource.getOpenApi - Init duration for springdoc-openapi is: 234 ms
