2024-10-19 15:18:07.449 o.h.validator.internal.util.Version.<clinit> - HV000001: Hibernate Validator 6.2.5.Final
2024-10-19 15:18:07.475 com.cleducate.ClEducateApplication.logStarting - Starting ClEducateApplication using Java 1.8.0_411 on INTKHAB-KHAN with PID 26000 (D:\I K\SprinBootPractice\studentInteractiveSystem\target\classes started by AMY4632V in D:\I K\SprinBootPractice\studentInteractiveSystem)
2024-10-19 15:18:07.476 com.cleducate.ClEducateApplication.logStartupProfileInfo - The following 1 profile is active: "local"
2024-10-19 15:18:09.757 o.s.d.r.c.RepositoryConfigurationDelegate.registerRepositoriesIn - Bootstrapping Spring Data JPA repositories in DEFAULT mode.
2024-10-19 15:18:09.889 o.s.d.r.c.RepositoryConfigurationDelegate.registerRepositoriesIn - Finished Spring Data repository scanning in 116 ms. Found 8 JPA repository interfaces.
2024-10-19 15:18:11.268 o.s.b.w.e.tomcat.TomcatWebServer.initialize - Tomcat initialized with port(s): 8081 (http)
2024-10-19 15:18:11.288 o.a.coyote.http11.Http11NioProtocol.log - Initializing ProtocolHandler ["http-nio-8081"]
2024-10-19 15:18:11.289 o.a.catalina.core.StandardService.log - Starting service [Tomcat]
2024-10-19 15:18:11.289 o.a.catalina.core.StandardEngine.log - Starting Servlet engine: [Apache Tomcat/9.0.74]
2024-10-19 15:18:15.930 o.a.c.c.C.[Tomcat].[localhost].[/].log - Initializing Spring embedded WebApplicationContext
2024-10-19 15:18:15.931 o.s.b.w.s.c.ServletWebServerApplicationContext.prepareWebApplicationContext - Root WebApplicationContext: initialization completed in 8372 ms
2024-10-19 15:18:16.139 o.h.jpa.internal.util.LogHelper.logPersistenceUnitInformation - HHH000204: Processing PersistenceUnitInfo [name: default]
2024-10-19 15:18:16.267 org.hibernate.Version.logVersion - HHH000412: Hibernate ORM core version 5.6.15.Final
2024-10-19 15:18:16.553 o.h.annotations.common.Version.<clinit> - HCANN000001: Hibernate Commons Annotations {5.1.2.Final}
2024-10-19 15:18:16.733 com.zaxxer.hikari.HikariDataSource.getConnection - HikariPool-1 - Starting...
2024-10-19 15:18:17.254 com.zaxxer.hikari.HikariDataSource.getConnection - HikariPool-1 - Start completed.
2024-10-19 15:18:17.305 org.hibernate.dialect.Dialect.<init> - HHH000400: Using dialect: org.hibernate.dialect.PostgreSQL10Dialect
2024-10-19 15:18:18.889 o.h.e.t.j.p.i.JtaPlatformInitiator.initiateService - HHH000490: Using JtaPlatform implementation: [org.hibernate.engine.transaction.jta.platform.internal.NoJtaPlatform]
2024-10-19 15:18:18.902 o.s.o.j.LocalContainerEntityManagerFactoryBean.buildNativeEntityManagerFactory - Initialized JPA EntityManagerFactory for persistence unit 'default'
2024-10-19 15:18:21.611 o.s.s.web.DefaultSecurityFilterChain.<init> - Will secure any request with [org.springframework.security.web.session.DisableEncodeUrlFilter@4b475742, org.springframework.security.web.context.request.async.WebAsyncManagerIntegrationFilter@323c6f9c, org.springframework.security.web.context.SecurityContextPersistenceFilter@29592929, org.springframework.web.filter.CorsFilter@dbca149, org.springframework.security.web.authentication.logout.LogoutFilter@780546f8, com.cleducate.security.JwtTokenFilter@e3c36d, org.springframework.security.web.savedrequest.RequestCacheAwareFilter@4bdef487, org.springframework.security.web.servletapi.SecurityContextHolderAwareRequestFilter@774304ca, org.springframework.security.web.authentication.AnonymousAuthenticationFilter@68550d86, org.springframework.security.web.session.SessionManagementFilter@656c5818, org.springframework.security.web.access.ExceptionTranslationFilter@6aadb092, org.springframework.security.web.access.intercept.AuthorizationFilter@4e357792]
2024-10-19 15:18:21.634 o.s.s.web.DefaultSecurityFilterChain.<init> - Will not secure Ant [pattern='/swagger-resources/**']
2024-10-19 15:18:21.635 o.s.s.web.DefaultSecurityFilterChain.<init> - Will not secure Ant [pattern='/swagger-ui/**']
2024-10-19 15:18:21.636 o.s.s.web.DefaultSecurityFilterChain.<init> - Will not secure Ant [pattern='/v3/api-docs/**']
2024-10-19 15:18:21.636 o.s.s.web.DefaultSecurityFilterChain.<init> - Will not secure Ant [pattern='/configuration/**']
2024-10-19 15:18:21.637 o.s.s.web.DefaultSecurityFilterChain.<init> - Will not secure Ant [pattern='/v3/api-docs/swagger-config']
2024-10-19 15:18:21.637 o.s.s.web.DefaultSecurityFilterChain.<init> - Will not secure Ant [pattern='/webjars/**']
2024-10-19 15:18:21.637 o.s.s.web.DefaultSecurityFilterChain.<init> - Will not secure Ant [pattern='/public']
2024-10-19 15:18:21.638 o.s.s.web.DefaultSecurityFilterChain.<init> - Will not secure Ant [pattern='/h2-console/**/**']
2024-10-19 15:18:22.035 o.a.coyote.http11.Http11NioProtocol.log - Starting ProtocolHandler ["http-nio-8081"]
2024-10-19 15:18:22.083 o.s.b.w.e.tomcat.TomcatWebServer.start - Tomcat started on port(s): 8081 (http) with context path ''
2024-10-19 15:18:22.100 com.cleducate.ClEducateApplication.logStarted - Started ClEducateApplication in 15.521 seconds (JVM running for 16.41)
2024-10-19 15:18:46.034 o.a.c.c.C.[Tomcat].[localhost].[/].log - Initializing Spring DispatcherServlet 'dispatcherServlet'
2024-10-19 15:18:46.034 o.s.web.servlet.DispatcherServlet.initServletBean - Initializing Servlet 'dispatcherServlet'
2024-10-19 15:18:46.035 o.s.web.servlet.DispatcherServlet.initServletBean - Completed initialization in 1 ms
2024-10-19 15:18:51.405 c.cleducate.service.EmailServiceImpl.sendEmail - MAIL SENT SUCCESSFULLY TO EMAIL_ID :: sabab27011@gmail.com , EMAIL_SUBJECT :: Password Reset Request for Your Account, TEMPLATE_NAME :: sendEmailOnPasswordResetRequest
2024-10-19 15:20:01.302 c.cleducate.service.EmailServiceImpl.sendEmail - MAIL SENT SUCCESSFULLY TO EMAIL_ID :: sabab27011@gmail.com , EMAIL_SUBJECT :: Password Reset Request for Your Account, TEMPLATE_NAME :: sendEmailOnPasswordResetRequest
2024-10-19 15:20:13.480 o.s.o.j.LocalContainerEntityManagerFactoryBean.destroy - Closing JPA EntityManagerFactory for persistence unit 'default'
2024-10-19 15:20:13.482 com.zaxxer.hikari.HikariDataSource.close - HikariPool-1 - Shutdown initiated...
2024-10-19 15:20:13.488 com.zaxxer.hikari.HikariDataSource.close - HikariPool-1 - Shutdown completed.
2024-10-19 15:25:35.752 o.h.validator.internal.util.Version.<clinit> - HV000001: Hibernate Validator 6.2.5.Final
2024-10-19 15:25:35.774 com.cleducate.ClEducateApplication.logStarting - Starting ClEducateApplication using Java 1.8.0_411 on INTKHAB-KHAN with PID 25948 (D:\I K\SprinBootPractice\studentInteractiveSystem\target\classes started by AMY4632V in D:\I K\SprinBootPractice\studentInteractiveSystem)
2024-10-19 15:25:35.775 com.cleducate.ClEducateApplication.logStartupProfileInfo - The following 1 profile is active: "local"
2024-10-19 15:25:36.584 o.s.d.r.c.RepositoryConfigurationDelegate.registerRepositoriesIn - Bootstrapping Spring Data JPA repositories in DEFAULT mode.
2024-10-19 15:25:36.659 o.s.d.r.c.RepositoryConfigurationDelegate.registerRepositoriesIn - Finished Spring Data repository scanning in 66 ms. Found 8 JPA repository interfaces.
2024-10-19 15:25:37.393 o.s.b.w.e.tomcat.TomcatWebServer.initialize - Tomcat initialized with port(s): 8081 (http)
2024-10-19 15:25:37.401 o.a.coyote.http11.Http11NioProtocol.log - Initializing ProtocolHandler ["http-nio-8081"]
2024-10-19 15:25:37.402 o.a.catalina.core.StandardService.log - Starting service [Tomcat]
2024-10-19 15:25:37.402 o.a.catalina.core.StandardEngine.log - Starting Servlet engine: [Apache Tomcat/9.0.74]
2024-10-19 15:25:37.546 o.a.c.c.C.[Tomcat].[localhost].[/].log - Initializing Spring embedded WebApplicationContext
2024-10-19 15:25:37.547 o.s.b.w.s.c.ServletWebServerApplicationContext.prepareWebApplicationContext - Root WebApplicationContext: initialization completed in 1722 ms
2024-10-19 15:25:37.681 o.h.jpa.internal.util.LogHelper.logPersistenceUnitInformation - HHH000204: Processing PersistenceUnitInfo [name: default]
2024-10-19 15:25:37.739 org.hibernate.Version.logVersion - HHH000412: Hibernate ORM core version 5.6.15.Final
2024-10-19 15:25:37.910 o.h.annotations.common.Version.<clinit> - HCANN000001: Hibernate Commons Annotations {5.1.2.Final}
2024-10-19 15:25:38.030 com.zaxxer.hikari.HikariDataSource.getConnection - HikariPool-1 - Starting...
2024-10-19 15:25:38.364 com.zaxxer.hikari.HikariDataSource.getConnection - HikariPool-1 - Start completed.
2024-10-19 15:25:38.400 org.hibernate.dialect.Dialect.<init> - HHH000400: Using dialect: org.hibernate.dialect.PostgreSQL10Dialect
2024-10-19 15:25:39.585 o.h.e.t.j.p.i.JtaPlatformInitiator.initiateService - HHH000490: Using JtaPlatform implementation: [org.hibernate.engine.transaction.jta.platform.internal.NoJtaPlatform]
2024-10-19 15:25:39.595 o.s.o.j.LocalContainerEntityManagerFactoryBean.buildNativeEntityManagerFactory - Initialized JPA EntityManagerFactory for persistence unit 'default'
2024-10-19 15:25:41.243 o.s.s.web.DefaultSecurityFilterChain.<init> - Will secure any request with [org.springframework.security.web.session.DisableEncodeUrlFilter@79fcd194, org.springframework.security.web.context.request.async.WebAsyncManagerIntegrationFilter@73d8c8d7, org.springframework.security.web.context.SecurityContextPersistenceFilter@4e357792, org.springframework.web.filter.CorsFilter@361b3ca6, org.springframework.security.web.authentication.logout.LogoutFilter@35af1558, com.cleducate.security.JwtTokenFilter@35524549, org.springframework.security.web.savedrequest.RequestCacheAwareFilter@4e6280de, org.springframework.security.web.servletapi.SecurityContextHolderAwareRequestFilter@24b38e8f, org.springframework.security.web.authentication.AnonymousAuthenticationFilter@48333b12, org.springframework.security.web.session.SessionManagementFilter@1800c1e3, org.springframework.security.web.access.ExceptionTranslationFilter@3adde4ea, org.springframework.security.web.access.intercept.AuthorizationFilter@56d5460f]
2024-10-19 15:25:41.248 o.s.s.web.DefaultSecurityFilterChain.<init> - Will not secure Ant [pattern='/swagger-resources/**']
2024-10-19 15:25:41.249 o.s.s.web.DefaultSecurityFilterChain.<init> - Will not secure Ant [pattern='/swagger-ui/**']
2024-10-19 15:25:41.249 o.s.s.web.DefaultSecurityFilterChain.<init> - Will not secure Ant [pattern='/v3/api-docs/**']
2024-10-19 15:25:41.249 o.s.s.web.DefaultSecurityFilterChain.<init> - Will not secure Ant [pattern='/configuration/**']
2024-10-19 15:25:41.249 o.s.s.web.DefaultSecurityFilterChain.<init> - Will not secure Ant [pattern='/v3/api-docs/swagger-config']
2024-10-19 15:25:41.249 o.s.s.web.DefaultSecurityFilterChain.<init> - Will not secure Ant [pattern='/webjars/**']
2024-10-19 15:25:41.250 o.s.s.web.DefaultSecurityFilterChain.<init> - Will not secure Ant [pattern='/public']
2024-10-19 15:25:41.250 o.s.s.web.DefaultSecurityFilterChain.<init> - Will not secure Ant [pattern='/h2-console/**/**']
2024-10-19 15:25:41.495 o.a.coyote.http11.Http11NioProtocol.log - Starting ProtocolHandler ["http-nio-8081"]
2024-10-19 15:25:41.523 o.s.b.w.e.tomcat.TomcatWebServer.start - Tomcat started on port(s): 8081 (http) with context path ''
2024-10-19 15:25:41.534 com.cleducate.ClEducateApplication.logStarted - Started ClEducateApplication in 6.265 seconds (JVM running for 6.721)
2024-10-19 15:27:34.140 o.a.c.c.C.[Tomcat].[localhost].[/].log - Initializing Spring DispatcherServlet 'dispatcherServlet'
2024-10-19 15:27:34.141 o.s.web.servlet.DispatcherServlet.initServletBean - Initializing Servlet 'dispatcherServlet'
2024-10-19 15:27:34.142 o.s.web.servlet.DispatcherServlet.initServletBean - Completed initialization in 1 ms
2024-10-19 15:27:39.296 c.cleducate.service.EmailServiceImpl.lambda$sendEmail$0 - MAIL SENT SUCCESSFULLY TO EMAIL_ID :: sabab27011@gmail.com , EMAIL_SUBJECT :: Password Reset Request for Your Account, TEMPLATE_NAME :: sendEmailOnPasswordResetRequest
2024-10-19 15:28:26.993 c.cleducate.service.EmailServiceImpl.lambda$sendEmail$0 - MAIL SENT SUCCESSFULLY TO EMAIL_ID :: sabab27011@gmail.com , EMAIL_SUBJECT :: Password Reset Request for Your Account, TEMPLATE_NAME :: sendEmailOnPasswordResetRequest
2024-10-19 15:28:40.255 c.cleducate.service.EmailServiceImpl.lambda$sendEmail$0 - MAIL SENT SUCCESSFULLY TO EMAIL_ID :: sabab27011@gmail.com , EMAIL_SUBJECT :: Password Reset Request for Your Account, TEMPLATE_NAME :: sendEmailOnPasswordResetRequest
2024-10-19 15:32:20.450 o.s.o.j.LocalContainerEntityManagerFactoryBean.destroy - Closing JPA EntityManagerFactory for persistence unit 'default'
2024-10-19 15:32:20.452 com.zaxxer.hikari.HikariDataSource.close - HikariPool-1 - Shutdown initiated...
2024-10-19 15:32:20.453 com.zaxxer.hikari.HikariDataSource.close - HikariPool-1 - Shutdown completed.
2024-10-19 15:43:49.682 o.h.validator.internal.util.Version.<clinit> - HV000001: Hibernate Validator 6.2.5.Final
2024-10-19 15:43:49.697 com.cleducate.ClEducateApplication.logStarting - Starting ClEducateApplication using Java 1.8.0_411 on INTKHAB-KHAN with PID 26440 (D:\I K\SprinBootPractice\studentInteractiveSystem\target\classes started by AMY4632V in D:\I K\SprinBootPractice\studentInteractiveSystem)
2024-10-19 15:43:49.698 com.cleducate.ClEducateApplication.logStartupProfileInfo - The following 1 profile is active: "local"
2024-10-19 15:43:50.512 o.s.d.r.c.RepositoryConfigurationDelegate.registerRepositoriesIn - Bootstrapping Spring Data JPA repositories in DEFAULT mode.
2024-10-19 15:43:50.595 o.s.d.r.c.RepositoryConfigurationDelegate.registerRepositoriesIn - Finished Spring Data repository scanning in 72 ms. Found 8 JPA repository interfaces.
2024-10-19 15:43:51.350 o.s.b.w.e.tomcat.TomcatWebServer.initialize - Tomcat initialized with port(s): 8081 (http)
2024-10-19 15:43:51.361 o.a.coyote.http11.Http11NioProtocol.log - Initializing ProtocolHandler ["http-nio-8081"]
2024-10-19 15:43:51.361 o.a.catalina.core.StandardService.log - Starting service [Tomcat]
2024-10-19 15:43:51.362 o.a.catalina.core.StandardEngine.log - Starting Servlet engine: [Apache Tomcat/9.0.74]
2024-10-19 15:43:51.502 o.a.c.c.C.[Tomcat].[localhost].[/].log - Initializing Spring embedded WebApplicationContext
2024-10-19 15:43:51.502 o.s.b.w.s.c.ServletWebServerApplicationContext.prepareWebApplicationContext - Root WebApplicationContext: initialization completed in 1757 ms
2024-10-19 15:43:51.653 o.h.jpa.internal.util.LogHelper.logPersistenceUnitInformation - HHH000204: Processing PersistenceUnitInfo [name: default]
2024-10-19 15:43:51.705 org.hibernate.Version.logVersion - HHH000412: Hibernate ORM core version 5.6.15.Final
2024-10-19 15:43:51.858 o.h.annotations.common.Version.<clinit> - HCANN000001: Hibernate Commons Annotations {5.1.2.Final}
2024-10-19 15:43:51.958 com.zaxxer.hikari.HikariDataSource.getConnection - HikariPool-1 - Starting...
2024-10-19 15:43:52.267 com.zaxxer.hikari.HikariDataSource.getConnection - HikariPool-1 - Start completed.
2024-10-19 15:43:52.302 org.hibernate.dialect.Dialect.<init> - HHH000400: Using dialect: org.hibernate.dialect.PostgreSQL10Dialect
2024-10-19 15:43:53.489 o.h.e.t.j.p.i.JtaPlatformInitiator.initiateService - HHH000490: Using JtaPlatform implementation: [org.hibernate.engine.transaction.jta.platform.internal.NoJtaPlatform]
2024-10-19 15:43:53.498 o.s.o.j.LocalContainerEntityManagerFactoryBean.buildNativeEntityManagerFactory - Initialized JPA EntityManagerFactory for persistence unit 'default'
2024-10-19 15:43:55.197 o.s.s.web.DefaultSecurityFilterChain.<init> - Will secure any request with [org.springframework.security.web.session.DisableEncodeUrlFilter@19d9ba89, org.springframework.security.web.context.request.async.WebAsyncManagerIntegrationFilter@484876a1, org.springframework.security.web.context.SecurityContextPersistenceFilter@3e595da3, org.springframework.web.filter.CorsFilter@20163008, org.springframework.security.web.authentication.logout.LogoutFilter@437c1a87, com.cleducate.security.JwtTokenFilter@35524549, org.springframework.security.web.savedrequest.RequestCacheAwareFilter@60c4cf2b, org.springframework.security.web.servletapi.SecurityContextHolderAwareRequestFilter@65a80fdb, org.springframework.security.web.authentication.AnonymousAuthenticationFilter@60ef30b1, org.springframework.security.web.session.SessionManagementFilter@4bdef487, org.springframework.security.web.access.ExceptionTranslationFilter@5abb7a8f, org.springframework.security.web.access.intercept.AuthorizationFilter@4a2653a0]
2024-10-19 15:43:55.211 o.s.s.web.DefaultSecurityFilterChain.<init> - Will not secure Ant [pattern='/swagger-resources/**']
2024-10-19 15:43:55.211 o.s.s.web.DefaultSecurityFilterChain.<init> - Will not secure Ant [pattern='/swagger-ui/**']
2024-10-19 15:43:55.212 o.s.s.web.DefaultSecurityFilterChain.<init> - Will not secure Ant [pattern='/v3/api-docs/**']
2024-10-19 15:43:55.212 o.s.s.web.DefaultSecurityFilterChain.<init> - Will not secure Ant [pattern='/configuration/**']
2024-10-19 15:43:55.212 o.s.s.web.DefaultSecurityFilterChain.<init> - Will not secure Ant [pattern='/v3/api-docs/swagger-config']
2024-10-19 15:43:55.213 o.s.s.web.DefaultSecurityFilterChain.<init> - Will not secure Ant [pattern='/webjars/**']
2024-10-19 15:43:55.213 o.s.s.web.DefaultSecurityFilterChain.<init> - Will not secure Ant [pattern='/public']
2024-10-19 15:43:55.213 o.s.s.web.DefaultSecurityFilterChain.<init> - Will not secure Ant [pattern='/h2-console/**/**']
2024-10-19 15:43:55.457 o.a.coyote.http11.Http11NioProtocol.log - Starting ProtocolHandler ["http-nio-8081"]
2024-10-19 15:43:55.483 o.s.b.w.e.tomcat.TomcatWebServer.start - Tomcat started on port(s): 8081 (http) with context path ''
2024-10-19 15:43:55.491 com.cleducate.ClEducateApplication.logStarted - Started ClEducateApplication in 6.321 seconds (JVM running for 6.768)
2024-10-19 15:44:44.193 o.a.c.c.C.[Tomcat].[localhost].[/].log - Initializing Spring DispatcherServlet 'dispatcherServlet'
2024-10-19 15:44:44.193 o.s.web.servlet.DispatcherServlet.initServletBean - Initializing Servlet 'dispatcherServlet'
2024-10-19 15:44:44.194 o.s.web.servlet.DispatcherServlet.initServletBean - Completed initialization in 1 ms
2024-10-19 15:44:49.075 c.cleducate.service.EmailServiceImpl.lambda$sendEmail$0 - MAIL SENT SUCCESSFULLY TO EMAIL_ID :: sabab27011@gmail.com , EMAIL_SUBJECT :: Password Reset Request for Your Account, TEMPLATE_NAME :: sendEmailOnPasswordResetRequest
2024-10-19 15:46:35.044 c.cleducate.service.EmailServiceImpl.lambda$sendEmail$0 - MAIL SENT SUCCESSFULLY TO EMAIL_ID :: sabab27011@gmail.com , EMAIL_SUBJECT :: Password Reset Request for Your Account, TEMPLATE_NAME :: sendEmailOnPasswordResetRequest
2024-10-19 15:47:12.363 o.s.o.j.LocalContainerEntityManagerFactoryBean.destroy - Closing JPA EntityManagerFactory for persistence unit 'default'
2024-10-19 15:47:12.365 com.zaxxer.hikari.HikariDataSource.close - HikariPool-1 - Shutdown initiated...
2024-10-19 15:47:12.368 com.zaxxer.hikari.HikariDataSource.close - HikariPool-1 - Shutdown completed.
2024-10-19 15:48:04.436 o.h.validator.internal.util.Version.<clinit> - HV000001: Hibernate Validator 6.2.5.Final
2024-10-19 15:48:04.458 com.cleducate.ClEducateApplication.logStarting - Starting ClEducateApplication using Java 1.8.0_411 on INTKHAB-KHAN with PID 15844 (D:\I K\SprinBootPractice\studentInteractiveSystem\target\classes started by AMY4632V in D:\I K\SprinBootPractice\studentInteractiveSystem)
2024-10-19 15:48:04.459 com.cleducate.ClEducateApplication.logStartupProfileInfo - The following 1 profile is active: "local"
2024-10-19 15:48:05.263 o.s.d.r.c.RepositoryConfigurationDelegate.registerRepositoriesIn - Bootstrapping Spring Data JPA repositories in DEFAULT mode.
2024-10-19 15:48:05.342 o.s.d.r.c.RepositoryConfigurationDelegate.registerRepositoriesIn - Finished Spring Data repository scanning in 71 ms. Found 8 JPA repository interfaces.
2024-10-19 15:48:06.045 o.s.b.w.e.tomcat.TomcatWebServer.initialize - Tomcat initialized with port(s): 8081 (http)
2024-10-19 15:48:06.053 o.a.coyote.http11.Http11NioProtocol.log - Initializing ProtocolHandler ["http-nio-8081"]
2024-10-19 15:48:06.054 o.a.catalina.core.StandardService.log - Starting service [Tomcat]
2024-10-19 15:48:06.054 o.a.catalina.core.StandardEngine.log - Starting Servlet engine: [Apache Tomcat/9.0.74]
2024-10-19 15:48:06.197 o.a.c.c.C.[Tomcat].[localhost].[/].log - Initializing Spring embedded WebApplicationContext
2024-10-19 15:48:06.198 o.s.b.w.s.c.ServletWebServerApplicationContext.prepareWebApplicationContext - Root WebApplicationContext: initialization completed in 1687 ms
2024-10-19 15:48:06.339 o.h.jpa.internal.util.LogHelper.logPersistenceUnitInformation - HHH000204: Processing PersistenceUnitInfo [name: default]
2024-10-19 15:48:06.397 org.hibernate.Version.logVersion - HHH000412: Hibernate ORM core version 5.6.15.Final
2024-10-19 15:48:06.558 o.h.annotations.common.Version.<clinit> - HCANN000001: Hibernate Commons Annotations {5.1.2.Final}
2024-10-19 15:48:06.656 com.zaxxer.hikari.HikariDataSource.getConnection - HikariPool-1 - Starting...
2024-10-19 15:48:06.974 com.zaxxer.hikari.HikariDataSource.getConnection - HikariPool-1 - Start completed.
2024-10-19 15:48:07.009 org.hibernate.dialect.Dialect.<init> - HHH000400: Using dialect: org.hibernate.dialect.PostgreSQL10Dialect
2024-10-19 15:48:08.210 o.h.e.t.j.p.i.JtaPlatformInitiator.initiateService - HHH000490: Using JtaPlatform implementation: [org.hibernate.engine.transaction.jta.platform.internal.NoJtaPlatform]
2024-10-19 15:48:08.219 o.s.o.j.LocalContainerEntityManagerFactoryBean.buildNativeEntityManagerFactory - Initialized JPA EntityManagerFactory for persistence unit 'default'
2024-10-19 15:48:09.939 o.s.s.web.DefaultSecurityFilterChain.<init> - Will secure any request with [org.springframework.security.web.session.DisableEncodeUrlFilter@79fcd194, org.springframework.security.web.context.request.async.WebAsyncManagerIntegrationFilter@73d8c8d7, org.springframework.security.web.context.SecurityContextPersistenceFilter@3b8b4846, org.springframework.web.filter.CorsFilter@361b3ca6, org.springframework.security.web.authentication.logout.LogoutFilter@77ec9fdb, com.cleducate.security.JwtTokenFilter@35524549, org.springframework.security.web.savedrequest.RequestCacheAwareFilter@50734cea, org.springframework.security.web.servletapi.SecurityContextHolderAwareRequestFilter@5ac646b3, org.springframework.security.web.authentication.AnonymousAuthenticationFilter@48333b12, org.springframework.security.web.session.SessionManagementFilter@6c8e5ac4, org.springframework.security.web.access.ExceptionTranslationFilter@40b70f31, org.springframework.security.web.access.intercept.AuthorizationFilter@3dbbed3e]
2024-10-19 15:48:09.943 o.s.s.web.DefaultSecurityFilterChain.<init> - Will not secure Ant [pattern='/swagger-resources/**']
2024-10-19 15:48:09.944 o.s.s.web.DefaultSecurityFilterChain.<init> - Will not secure Ant [pattern='/swagger-ui/**']
2024-10-19 15:48:09.944 o.s.s.web.DefaultSecurityFilterChain.<init> - Will not secure Ant [pattern='/v3/api-docs/**']
2024-10-19 15:48:09.944 o.s.s.web.DefaultSecurityFilterChain.<init> - Will not secure Ant [pattern='/configuration/**']
2024-10-19 15:48:09.944 o.s.s.web.DefaultSecurityFilterChain.<init> - Will not secure Ant [pattern='/v3/api-docs/swagger-config']
2024-10-19 15:48:09.945 o.s.s.web.DefaultSecurityFilterChain.<init> - Will not secure Ant [pattern='/webjars/**']
2024-10-19 15:48:09.945 o.s.s.web.DefaultSecurityFilterChain.<init> - Will not secure Ant [pattern='/public']
2024-10-19 15:48:09.945 o.s.s.web.DefaultSecurityFilterChain.<init> - Will not secure Ant [pattern='/h2-console/**/**']
2024-10-19 15:48:10.171 o.a.coyote.http11.Http11NioProtocol.log - Starting ProtocolHandler ["http-nio-8081"]
2024-10-19 15:48:10.199 o.s.b.w.e.tomcat.TomcatWebServer.start - Tomcat started on port(s): 8081 (http) with context path ''
2024-10-19 15:48:10.207 com.cleducate.ClEducateApplication.logStarted - Started ClEducateApplication in 6.276 seconds (JVM running for 6.755)
2024-10-19 15:48:42.962 o.a.c.c.C.[Tomcat].[localhost].[/].log - Initializing Spring DispatcherServlet 'dispatcherServlet'
2024-10-19 15:48:42.962 o.s.web.servlet.DispatcherServlet.initServletBean - Initializing Servlet 'dispatcherServlet'
2024-10-19 15:48:42.963 o.s.web.servlet.DispatcherServlet.initServletBean - Completed initialization in 1 ms
2024-10-19 15:48:47.729 c.cleducate.service.EmailServiceImpl.sendEmail - MAIL SENT SUCCESSFULLY TO EMAIL_ID :: sabab27011@gmail.com , EMAIL_SUBJECT :: Password Reset Request for Your Account, TEMPLATE_NAME :: sendEmailOnPasswordResetRequest
2024-10-19 15:50:12.732 o.s.o.j.LocalContainerEntityManagerFactoryBean.destroy - Closing JPA EntityManagerFactory for persistence unit 'default'
2024-10-19 15:50:12.733 com.zaxxer.hikari.HikariDataSource.close - HikariPool-1 - Shutdown initiated...
2024-10-19 15:50:12.736 com.zaxxer.hikari.HikariDataSource.close - HikariPool-1 - Shutdown completed.
2024-10-19 15:50:40.166 o.h.validator.internal.util.Version.<clinit> - HV000001: Hibernate Validator 6.2.5.Final
2024-10-19 15:50:40.184 com.cleducate.ClEducateApplication.logStarting - Starting ClEducateApplication using Java 1.8.0_411 on INTKHAB-KHAN with PID 9508 (D:\I K\SprinBootPractice\studentInteractiveSystem\target\classes started by AMY4632V in D:\I K\SprinBootPractice\studentInteractiveSystem)
2024-10-19 15:50:40.184 com.cleducate.ClEducateApplication.logStartupProfileInfo - The following 1 profile is active: "local"
2024-10-19 15:50:41.008 o.s.d.r.c.RepositoryConfigurationDelegate.registerRepositoriesIn - Bootstrapping Spring Data JPA repositories in DEFAULT mode.
2024-10-19 15:50:41.083 o.s.d.r.c.RepositoryConfigurationDelegate.registerRepositoriesIn - Finished Spring Data repository scanning in 66 ms. Found 8 JPA repository interfaces.
2024-10-19 15:50:41.891 o.s.b.w.e.tomcat.TomcatWebServer.initialize - Tomcat initialized with port(s): 8081 (http)
2024-10-19 15:50:41.900 o.a.coyote.http11.Http11NioProtocol.log - Initializing ProtocolHandler ["http-nio-8081"]
2024-10-19 15:50:41.901 o.a.catalina.core.StandardService.log - Starting service [Tomcat]
2024-10-19 15:50:41.901 o.a.catalina.core.StandardEngine.log - Starting Servlet engine: [Apache Tomcat/9.0.74]
2024-10-19 15:50:42.049 o.a.c.c.C.[Tomcat].[localhost].[/].log - Initializing Spring embedded WebApplicationContext
2024-10-19 15:50:42.049 o.s.b.w.s.c.ServletWebServerApplicationContext.prepareWebApplicationContext - Root WebApplicationContext: initialization completed in 1814 ms
2024-10-19 15:50:42.209 o.h.jpa.internal.util.LogHelper.logPersistenceUnitInformation - HHH000204: Processing PersistenceUnitInfo [name: default]
2024-10-19 15:50:42.263 org.hibernate.Version.logVersion - HHH000412: Hibernate ORM core version 5.6.15.Final
2024-10-19 15:50:42.437 o.h.annotations.common.Version.<clinit> - HCANN000001: Hibernate Commons Annotations {5.1.2.Final}
2024-10-19 15:50:42.558 com.zaxxer.hikari.HikariDataSource.getConnection - HikariPool-1 - Starting...
2024-10-19 15:50:42.905 com.zaxxer.hikari.HikariDataSource.getConnection - HikariPool-1 - Start completed.
2024-10-19 15:50:42.942 org.hibernate.dialect.Dialect.<init> - HHH000400: Using dialect: org.hibernate.dialect.PostgreSQL10Dialect
2024-10-19 15:50:44.142 o.h.e.t.j.p.i.JtaPlatformInitiator.initiateService - HHH000490: Using JtaPlatform implementation: [org.hibernate.engine.transaction.jta.platform.internal.NoJtaPlatform]
2024-10-19 15:50:44.151 o.s.o.j.LocalContainerEntityManagerFactoryBean.buildNativeEntityManagerFactory - Initialized JPA EntityManagerFactory for persistence unit 'default'
2024-10-19 15:50:45.887 o.s.s.web.DefaultSecurityFilterChain.<init> - Will secure any request with [org.springframework.security.web.session.DisableEncodeUrlFilter@3436d3d7, org.springframework.security.web.context.request.async.WebAsyncManagerIntegrationFilter@3f40568e, org.springframework.security.web.context.SecurityContextPersistenceFilter@303fbc4, org.springframework.web.filter.CorsFilter@2e47a71e, org.springframework.security.web.authentication.logout.LogoutFilter@3b8b4846, com.cleducate.security.JwtTokenFilter@35524549, org.springframework.security.web.savedrequest.RequestCacheAwareFilter@aa23f11, org.springframework.security.web.servletapi.SecurityContextHolderAwareRequestFilter@43e7f104, org.springframework.security.web.authentication.AnonymousAuthenticationFilter@37b470df, org.springframework.security.web.session.SessionManagementFilter@60c4cf2b, org.springframework.security.web.access.ExceptionTranslationFilter@21688427, org.springframework.security.web.access.intercept.AuthorizationFilter@5cf072ea]
2024-10-19 15:50:45.897 o.s.s.web.DefaultSecurityFilterChain.<init> - Will not secure Ant [pattern='/swagger-resources/**']
2024-10-19 15:50:45.897 o.s.s.web.DefaultSecurityFilterChain.<init> - Will not secure Ant [pattern='/swagger-ui/**']
2024-10-19 15:50:45.897 o.s.s.web.DefaultSecurityFilterChain.<init> - Will not secure Ant [pattern='/v3/api-docs/**']
2024-10-19 15:50:45.898 o.s.s.web.DefaultSecurityFilterChain.<init> - Will not secure Ant [pattern='/configuration/**']
2024-10-19 15:50:45.898 o.s.s.web.DefaultSecurityFilterChain.<init> - Will not secure Ant [pattern='/v3/api-docs/swagger-config']
2024-10-19 15:50:45.898 o.s.s.web.DefaultSecurityFilterChain.<init> - Will not secure Ant [pattern='/webjars/**']
2024-10-19 15:50:45.898 o.s.s.web.DefaultSecurityFilterChain.<init> - Will not secure Ant [pattern='/public']
2024-10-19 15:50:45.898 o.s.s.web.DefaultSecurityFilterChain.<init> - Will not secure Ant [pattern='/h2-console/**/**']
2024-10-19 15:50:46.116 o.a.coyote.http11.Http11NioProtocol.log - Starting ProtocolHandler ["http-nio-8081"]
2024-10-19 15:50:46.143 o.s.b.w.e.tomcat.TomcatWebServer.start - Tomcat started on port(s): 8081 (http) with context path ''
2024-10-19 15:50:46.152 com.cleducate.ClEducateApplication.logStarted - Started ClEducateApplication in 6.498 seconds (JVM running for 7.051)
2024-10-19 15:51:30.580 o.a.c.c.C.[Tomcat].[localhost].[/].log - Initializing Spring DispatcherServlet 'dispatcherServlet'
2024-10-19 15:51:30.580 o.s.web.servlet.DispatcherServlet.initServletBean - Initializing Servlet 'dispatcherServlet'
2024-10-19 15:51:30.581 o.s.web.servlet.DispatcherServlet.initServletBean - Completed initialization in 1 ms
2024-10-19 15:51:35.578 c.cleducate.service.EmailServiceImpl.lambda$sendEmail$0 - MAIL SENT SUCCESSFULLY TO EMAIL_ID :: sabab27011@gmail.com , EMAIL_SUBJECT :: Password Reset Request for Your Account, TEMPLATE_NAME :: sendEmailOnPasswordResetRequest
2024-10-19 15:51:58.394 o.s.o.j.LocalContainerEntityManagerFactoryBean.destroy - Closing JPA EntityManagerFactory for persistence unit 'default'
2024-10-19 15:51:58.396 com.zaxxer.hikari.HikariDataSource.close - HikariPool-1 - Shutdown initiated...
2024-10-19 15:51:58.399 com.zaxxer.hikari.HikariDataSource.close - HikariPool-1 - Shutdown completed.
2024-10-19 15:52:15.064 o.h.validator.internal.util.Version.<clinit> - HV000001: Hibernate Validator 6.2.5.Final
2024-10-19 15:52:15.073 com.cleducate.ClEducateApplication.logStarting - Starting ClEducateApplication using Java 1.8.0_411 on INTKHAB-KHAN with PID 12172 (D:\I K\SprinBootPractice\studentInteractiveSystem\target\classes started by AMY4632V in D:\I K\SprinBootPractice\studentInteractiveSystem)
2024-10-19 15:52:15.073 com.cleducate.ClEducateApplication.logStartupProfileInfo - The following 1 profile is active: "local"
2024-10-19 15:52:15.874 o.s.d.r.c.RepositoryConfigurationDelegate.registerRepositoriesIn - Bootstrapping Spring Data JPA repositories in DEFAULT mode.
2024-10-19 15:52:15.949 o.s.d.r.c.RepositoryConfigurationDelegate.registerRepositoriesIn - Finished Spring Data repository scanning in 66 ms. Found 8 JPA repository interfaces.
2024-10-19 15:52:16.679 o.s.b.w.e.tomcat.TomcatWebServer.initialize - Tomcat initialized with port(s): 8081 (http)
2024-10-19 15:52:16.687 o.a.coyote.http11.Http11NioProtocol.log - Initializing ProtocolHandler ["http-nio-8081"]
2024-10-19 15:52:16.688 o.a.catalina.core.StandardService.log - Starting service [Tomcat]
2024-10-19 15:52:16.688 o.a.catalina.core.StandardEngine.log - Starting Servlet engine: [Apache Tomcat/9.0.74]
2024-10-19 15:52:16.827 o.a.c.c.C.[Tomcat].[localhost].[/].log - Initializing Spring embedded WebApplicationContext
2024-10-19 15:52:16.827 o.s.b.w.s.c.ServletWebServerApplicationContext.prepareWebApplicationContext - Root WebApplicationContext: initialization completed in 1702 ms
2024-10-19 15:52:16.975 o.h.jpa.internal.util.LogHelper.logPersistenceUnitInformation - HHH000204: Processing PersistenceUnitInfo [name: default]
2024-10-19 15:52:17.033 org.hibernate.Version.logVersion - HHH000412: Hibernate ORM core version 5.6.15.Final
2024-10-19 15:52:17.186 o.h.annotations.common.Version.<clinit> - HCANN000001: Hibernate Commons Annotations {5.1.2.Final}
2024-10-19 15:52:17.279 com.zaxxer.hikari.HikariDataSource.getConnection - HikariPool-1 - Starting...
2024-10-19 15:52:17.611 com.zaxxer.hikari.HikariDataSource.getConnection - HikariPool-1 - Start completed.
2024-10-19 15:52:17.643 org.hibernate.dialect.Dialect.<init> - HHH000400: Using dialect: org.hibernate.dialect.PostgreSQL10Dialect
2024-10-19 15:52:18.868 o.h.e.t.j.p.i.JtaPlatformInitiator.initiateService - HHH000490: Using JtaPlatform implementation: [org.hibernate.engine.transaction.jta.platform.internal.NoJtaPlatform]
2024-10-19 15:52:18.877 o.s.o.j.LocalContainerEntityManagerFactoryBean.buildNativeEntityManagerFactory - Initialized JPA EntityManagerFactory for persistence unit 'default'
2024-10-19 15:52:20.599 o.s.s.web.DefaultSecurityFilterChain.<init> - Will secure any request with [org.springframework.security.web.session.DisableEncodeUrlFilter@79fcd194, org.springframework.security.web.context.request.async.WebAsyncManagerIntegrationFilter@73d8c8d7, org.springframework.security.web.context.SecurityContextPersistenceFilter@3b8b4846, org.springframework.web.filter.CorsFilter@361b3ca6, org.springframework.security.web.authentication.logout.LogoutFilter@77ec9fdb, com.cleducate.security.JwtTokenFilter@35524549, org.springframework.security.web.savedrequest.RequestCacheAwareFilter@50734cea, org.springframework.security.web.servletapi.SecurityContextHolderAwareRequestFilter@5ac646b3, org.springframework.security.web.authentication.AnonymousAuthenticationFilter@48333b12, org.springframework.security.web.session.SessionManagementFilter@6c8e5ac4, org.springframework.security.web.access.ExceptionTranslationFilter@40b70f31, org.springframework.security.web.access.intercept.AuthorizationFilter@3dbbed3e]
2024-10-19 15:52:20.603 o.s.s.web.DefaultSecurityFilterChain.<init> - Will not secure Ant [pattern='/swagger-resources/**']
2024-10-19 15:52:20.603 o.s.s.web.DefaultSecurityFilterChain.<init> - Will not secure Ant [pattern='/swagger-ui/**']
2024-10-19 15:52:20.604 o.s.s.web.DefaultSecurityFilterChain.<init> - Will not secure Ant [pattern='/v3/api-docs/**']
2024-10-19 15:52:20.604 o.s.s.web.DefaultSecurityFilterChain.<init> - Will not secure Ant [pattern='/configuration/**']
2024-10-19 15:52:20.604 o.s.s.web.DefaultSecurityFilterChain.<init> - Will not secure Ant [pattern='/v3/api-docs/swagger-config']
2024-10-19 15:52:20.604 o.s.s.web.DefaultSecurityFilterChain.<init> - Will not secure Ant [pattern='/webjars/**']
2024-10-19 15:52:20.604 o.s.s.web.DefaultSecurityFilterChain.<init> - Will not secure Ant [pattern='/public']
2024-10-19 15:52:20.605 o.s.s.web.DefaultSecurityFilterChain.<init> - Will not secure Ant [pattern='/h2-console/**/**']
2024-10-19 15:52:20.855 o.a.coyote.http11.Http11NioProtocol.log - Starting ProtocolHandler ["http-nio-8081"]
2024-10-19 15:52:20.878 o.s.b.w.e.tomcat.TomcatWebServer.start - Tomcat started on port(s): 8081 (http) with context path ''
2024-10-19 15:52:20.890 com.cleducate.ClEducateApplication.logStarted - Started ClEducateApplication in 6.337 seconds (JVM running for 6.783)
2024-10-19 15:52:41.827 o.a.c.c.C.[Tomcat].[localhost].[/].log - Initializing Spring DispatcherServlet 'dispatcherServlet'
2024-10-19 15:52:41.827 o.s.web.servlet.DispatcherServlet.initServletBean - Initializing Servlet 'dispatcherServlet'
2024-10-19 15:52:41.828 o.s.web.servlet.DispatcherServlet.initServletBean - Completed initialization in 1 ms
2024-10-19 15:52:46.771 c.cleducate.service.EmailServiceImpl.lambda$sendEmail$0 - MAIL SENT SUCCESSFULLY TO EMAIL_ID :: sabab27011@gmail.com , EMAIL_SUBJECT :: Password Reset Request for Your Account, TEMPLATE_NAME :: sendEmailOnPasswordResetRequest
2024-10-19 15:52:59.168 c.cleducate.service.EmailServiceImpl.lambda$sendEmail$0 - MAIL SENT SUCCESSFULLY TO EMAIL_ID :: sabab27011@gmail.com , EMAIL_SUBJECT :: Password Reset Request for Your Account, TEMPLATE_NAME :: sendEmailOnPasswordResetRequest
