2024-10-17 16:09:37.832 o.s.o.j.LocalContainerEntityManagerFactoryBean.destroy - Closing JPA EntityManagerFactory for persistence unit 'default'
2024-10-17 16:09:37.841 com.zaxxer.hikari.HikariDataSource.close - HikariPool-1 - Shutdown initiated...
2024-10-17 16:09:37.853 com.zaxxer.hikari.HikariDataSource.close - HikariPool-1 - Shutdown completed.
2024-10-17 16:51:07.969 o.h.validator.internal.util.Version.<clinit> - HV000001: Hibernate Validator 6.2.5.Final
2024-10-17 16:51:07.985 com.cleducate.ClEducateApplication.logStarting - Starting ClEducateApplication using Java 1.8.0_411 on INTKHAB-KHAN with PID 40676 (D:\I K\SprinBootPractice\studentInteractiveSystem\target\classes started by AMY4632V in D:\I K\SprinBootPractice\studentInteractiveSystem)
2024-10-17 16:51:07.986 com.cleducate.ClEducateApplication.logStartupProfileInfo - The following 1 profile is active: "local"
2024-10-17 16:51:08.979 o.s.d.r.c.RepositoryConfigurationDelegate.registerRepositoriesIn - Bootstrapping Spring Data JPA repositories in DEFAULT mode.
2024-10-17 16:51:09.071 o.s.d.r.c.RepositoryConfigurationDelegate.registerRepositoriesIn - Finished Spring Data repository scanning in 84 ms. Found 7 JPA repository interfaces.
2024-10-17 16:51:09.976 o.s.b.w.e.tomcat.TomcatWebServer.initialize - Tomcat initialized with port(s): 8081 (http)
2024-10-17 16:51:09.984 o.a.coyote.http11.Http11NioProtocol.log - Initializing ProtocolHandler ["http-nio-8081"]
2024-10-17 16:51:09.985 o.a.catalina.core.StandardService.log - Starting service [Tomcat]
2024-10-17 16:51:09.985 o.a.catalina.core.StandardEngine.log - Starting Servlet engine: [Apache Tomcat/9.0.74]
2024-10-17 16:51:10.153 o.a.c.c.C.[Tomcat].[localhost].[/].log - Initializing Spring embedded WebApplicationContext
2024-10-17 16:51:10.153 o.s.b.w.s.c.ServletWebServerApplicationContext.prepareWebApplicationContext - Root WebApplicationContext: initialization completed in 2114 ms
2024-10-17 16:51:10.337 o.h.jpa.internal.util.LogHelper.logPersistenceUnitInformation - HHH000204: Processing PersistenceUnitInfo [name: default]
2024-10-17 16:51:10.403 org.hibernate.Version.logVersion - HHH000412: Hibernate ORM core version 5.6.15.Final
2024-10-17 16:51:10.591 o.h.annotations.common.Version.<clinit> - HCANN000001: Hibernate Commons Annotations {5.1.2.Final}
2024-10-17 16:51:10.693 com.zaxxer.hikari.HikariDataSource.getConnection - HikariPool-1 - Starting...
2024-10-17 16:51:11.103 com.zaxxer.hikari.HikariDataSource.getConnection - HikariPool-1 - Start completed.
2024-10-17 16:51:11.147 org.hibernate.dialect.Dialect.<init> - HHH000400: Using dialect: org.hibernate.dialect.PostgreSQL10Dialect
2024-10-17 16:51:12.603 o.h.e.t.j.p.i.JtaPlatformInitiator.initiateService - HHH000490: Using JtaPlatform implementation: [org.hibernate.engine.transaction.jta.platform.internal.NoJtaPlatform]
2024-10-17 16:51:12.612 o.s.o.j.LocalContainerEntityManagerFactoryBean.buildNativeEntityManagerFactory - Initialized JPA EntityManagerFactory for persistence unit 'default'
2024-10-17 16:51:14.638 o.s.s.web.DefaultSecurityFilterChain.<init> - Will secure any request with [org.springframework.security.web.session.DisableEncodeUrlFilter@155c7eae, org.springframework.security.web.context.request.async.WebAsyncManagerIntegrationFilter@5c9e6d95, org.springframework.security.web.context.SecurityContextPersistenceFilter@bdda8a7, org.springframework.web.filter.CorsFilter@5d00b469, org.springframework.security.web.authentication.logout.LogoutFilter@572b4072, com.cleducate.security.JwtTokenFilter@5b6cc344, org.springframework.security.web.savedrequest.RequestCacheAwareFilter@1c421b0f, org.springframework.security.web.servletapi.SecurityContextHolderAwareRequestFilter@1df9f7c6, org.springframework.security.web.authentication.AnonymousAuthenticationFilter@dd07be8, org.springframework.security.web.session.SessionManagementFilter@6a38e3d1, org.springframework.security.web.access.ExceptionTranslationFilter@780c0, org.springframework.security.web.access.intercept.AuthorizationFilter@77fceac6]
2024-10-17 16:51:14.642 o.s.s.web.DefaultSecurityFilterChain.<init> - Will not secure Ant [pattern='/swagger-resources/**']
2024-10-17 16:51:14.643 o.s.s.web.DefaultSecurityFilterChain.<init> - Will not secure Ant [pattern='/swagger-ui/**']
2024-10-17 16:51:14.643 o.s.s.web.DefaultSecurityFilterChain.<init> - Will not secure Ant [pattern='/v3/api-docs/**']
2024-10-17 16:51:14.643 o.s.s.web.DefaultSecurityFilterChain.<init> - Will not secure Ant [pattern='/configuration/**']
2024-10-17 16:51:14.644 o.s.s.web.DefaultSecurityFilterChain.<init> - Will not secure Ant [pattern='/v3/api-docs/swagger-config']
2024-10-17 16:51:14.644 o.s.s.web.DefaultSecurityFilterChain.<init> - Will not secure Ant [pattern='/webjars/**']
2024-10-17 16:51:14.644 o.s.s.web.DefaultSecurityFilterChain.<init> - Will not secure Ant [pattern='/public']
2024-10-17 16:51:14.644 o.s.s.web.DefaultSecurityFilterChain.<init> - Will not secure Ant [pattern='/h2-console/**/**']
2024-10-17 16:51:14.967 o.a.coyote.http11.Http11NioProtocol.log - Starting ProtocolHandler ["http-nio-8081"]
2024-10-17 16:51:14.995 o.s.b.w.e.tomcat.TomcatWebServer.start - Tomcat started on port(s): 8081 (http) with context path ''
2024-10-17 16:51:15.006 com.cleducate.ClEducateApplication.logStarted - Started ClEducateApplication in 7.616 seconds (JVM running for 8.133)
2024-10-17 16:51:21.390 o.a.c.c.C.[Tomcat].[localhost].[/].log - Initializing Spring DispatcherServlet 'dispatcherServlet'
2024-10-17 16:51:21.390 o.s.web.servlet.DispatcherServlet.initServletBean - Initializing Servlet 'dispatcherServlet'
2024-10-17 16:51:21.392 o.s.web.servlet.DispatcherServlet.initServletBean - Completed initialization in 2 ms
2024-10-17 16:52:07.608 o.s.o.j.LocalContainerEntityManagerFactoryBean.destroy - Closing JPA EntityManagerFactory for persistence unit 'default'
2024-10-17 16:52:07.614 com.zaxxer.hikari.HikariDataSource.close - HikariPool-1 - Shutdown initiated...
2024-10-17 16:52:07.618 com.zaxxer.hikari.HikariDataSource.close - HikariPool-1 - Shutdown completed.
2024-10-17 16:52:56.093 o.h.validator.internal.util.Version.<clinit> - HV000001: Hibernate Validator 6.2.5.Final
2024-10-17 16:52:56.118 com.cleducate.ClEducateApplication.logStarting - Starting ClEducateApplication using Java 1.8.0_411 on INTKHAB-KHAN with PID 40392 (D:\I K\SprinBootPractice\studentInteractiveSystem\target\classes started by AMY4632V in D:\I K\SprinBootPractice\studentInteractiveSystem)
2024-10-17 16:52:56.118 com.cleducate.ClEducateApplication.logStartupProfileInfo - The following 1 profile is active: "local"
2024-10-17 16:52:57.141 o.s.d.r.c.RepositoryConfigurationDelegate.registerRepositoriesIn - Bootstrapping Spring Data JPA repositories in DEFAULT mode.
2024-10-17 16:52:57.439 o.s.d.r.c.RepositoryConfigurationDelegate.registerRepositoriesIn - Finished Spring Data repository scanning in 283 ms. Found 7 JPA repository interfaces.
2024-10-17 16:52:58.770 o.s.b.w.e.tomcat.TomcatWebServer.initialize - Tomcat initialized with port(s): 8081 (http)
2024-10-17 16:52:58.791 o.a.coyote.http11.Http11NioProtocol.log - Initializing ProtocolHandler ["http-nio-8081"]
2024-10-17 16:52:58.792 o.a.catalina.core.StandardService.log - Starting service [Tomcat]
2024-10-17 16:52:58.793 o.a.catalina.core.StandardEngine.log - Starting Servlet engine: [Apache Tomcat/9.0.74]
2024-10-17 16:52:59.062 o.a.c.c.C.[Tomcat].[localhost].[/].log - Initializing Spring embedded WebApplicationContext
2024-10-17 16:52:59.062 o.s.b.w.s.c.ServletWebServerApplicationContext.prepareWebApplicationContext - Root WebApplicationContext: initialization completed in 2881 ms
2024-10-17 16:52:59.332 o.h.jpa.internal.util.LogHelper.logPersistenceUnitInformation - HHH000204: Processing PersistenceUnitInfo [name: default]
2024-10-17 16:52:59.457 org.hibernate.Version.logVersion - HHH000412: Hibernate ORM core version 5.6.15.Final
2024-10-17 16:52:59.866 o.h.annotations.common.Version.<clinit> - HCANN000001: Hibernate Commons Annotations {5.1.2.Final}
2024-10-17 16:53:00.117 com.zaxxer.hikari.HikariDataSource.getConnection - HikariPool-1 - Starting...
2024-10-17 16:53:00.675 com.zaxxer.hikari.HikariDataSource.getConnection - HikariPool-1 - Start completed.
2024-10-17 16:53:00.743 org.hibernate.dialect.Dialect.<init> - HHH000400: Using dialect: org.hibernate.dialect.PostgreSQL10Dialect
2024-10-17 16:53:02.952 o.h.e.t.j.p.i.JtaPlatformInitiator.initiateService - HHH000490: Using JtaPlatform implementation: [org.hibernate.engine.transaction.jta.platform.internal.NoJtaPlatform]
2024-10-17 16:53:02.992 o.s.o.j.LocalContainerEntityManagerFactoryBean.buildNativeEntityManagerFactory - Initialized JPA EntityManagerFactory for persistence unit 'default'
2024-10-17 16:53:05.958 o.s.s.web.DefaultSecurityFilterChain.<init> - Will secure any request with [org.springframework.security.web.session.DisableEncodeUrlFilter@6023b54f, org.springframework.security.web.context.request.async.WebAsyncManagerIntegrationFilter@14d9ae22, org.springframework.security.web.context.SecurityContextPersistenceFilter@5f5fb335, org.springframework.web.filter.CorsFilter@15e881c0, org.springframework.security.web.authentication.logout.LogoutFilter@554a2f3, com.cleducate.security.JwtTokenFilter@6b6fde93, org.springframework.security.web.savedrequest.RequestCacheAwareFilter@299cddbf, org.springframework.security.web.servletapi.SecurityContextHolderAwareRequestFilter@4131f6db, org.springframework.security.web.authentication.AnonymousAuthenticationFilter@68ee7b3b, org.springframework.security.web.session.SessionManagementFilter@701bd6e8, org.springframework.security.web.access.ExceptionTranslationFilter@6a9a6a0c, org.springframework.security.web.access.intercept.AuthorizationFilter@48861d1]
2024-10-17 16:53:05.985 o.s.s.web.DefaultSecurityFilterChain.<init> - Will not secure Ant [pattern='/swagger-resources/**']
2024-10-17 16:53:05.986 o.s.s.web.DefaultSecurityFilterChain.<init> - Will not secure Ant [pattern='/swagger-ui/**']
2024-10-17 16:53:05.987 o.s.s.web.DefaultSecurityFilterChain.<init> - Will not secure Ant [pattern='/v3/api-docs/**']
2024-10-17 16:53:05.987 o.s.s.web.DefaultSecurityFilterChain.<init> - Will not secure Ant [pattern='/configuration/**']
2024-10-17 16:53:05.987 o.s.s.web.DefaultSecurityFilterChain.<init> - Will not secure Ant [pattern='/v3/api-docs/swagger-config']
2024-10-17 16:53:05.987 o.s.s.web.DefaultSecurityFilterChain.<init> - Will not secure Ant [pattern='/webjars/**']
2024-10-17 16:53:05.987 o.s.s.web.DefaultSecurityFilterChain.<init> - Will not secure Ant [pattern='/public']
2024-10-17 16:53:05.987 o.s.s.web.DefaultSecurityFilterChain.<init> - Will not secure Ant [pattern='/h2-console/**/**']
2024-10-17 16:53:06.469 o.a.coyote.http11.Http11NioProtocol.log - Starting ProtocolHandler ["http-nio-8081"]
2024-10-17 16:53:06.523 o.s.b.w.e.tomcat.TomcatWebServer.start - Tomcat started on port(s): 8081 (http) with context path ''
2024-10-17 16:53:06.536 com.cleducate.ClEducateApplication.logStarted - Started ClEducateApplication in 11.08 seconds (JVM running for 11.733)
2024-10-17 16:53:11.034 o.a.c.c.C.[Tomcat].[localhost].[/].log - Initializing Spring DispatcherServlet 'dispatcherServlet'
2024-10-17 16:53:11.034 o.s.web.servlet.DispatcherServlet.initServletBean - Initializing Servlet 'dispatcherServlet'
2024-10-17 16:53:11.035 o.s.web.servlet.DispatcherServlet.initServletBean - Completed initialization in 1 ms
2024-10-17 16:58:12.418 o.s.o.j.LocalContainerEntityManagerFactoryBean.destroy - Closing JPA EntityManagerFactory for persistence unit 'default'
2024-10-17 16:58:12.421 com.zaxxer.hikari.HikariDataSource.close - HikariPool-1 - Shutdown initiated...
2024-10-17 16:58:12.428 com.zaxxer.hikari.HikariDataSource.close - HikariPool-1 - Shutdown completed.
2024-10-17 16:58:21.628 o.h.validator.internal.util.Version.<clinit> - HV000001: Hibernate Validator 6.2.5.Final
2024-10-17 16:58:21.653 com.cleducate.ClEducateApplication.logStarting - Starting ClEducateApplication using Java 1.8.0_411 on INTKHAB-KHAN with PID 36304 (D:\I K\SprinBootPractice\studentInteractiveSystem\target\classes started by AMY4632V in D:\I K\SprinBootPractice\studentInteractiveSystem)
2024-10-17 16:58:21.654 com.cleducate.ClEducateApplication.logStartupProfileInfo - The following 1 profile is active: "local"
2024-10-17 16:58:22.875 o.s.d.r.c.RepositoryConfigurationDelegate.registerRepositoriesIn - Bootstrapping Spring Data JPA repositories in DEFAULT mode.
2024-10-17 16:58:23.133 o.s.d.r.c.RepositoryConfigurationDelegate.registerRepositoriesIn - Finished Spring Data repository scanning in 244 ms. Found 7 JPA repository interfaces.
2024-10-17 16:58:24.631 o.s.b.w.e.tomcat.TomcatWebServer.initialize - Tomcat initialized with port(s): 8081 (http)
2024-10-17 16:58:24.650 o.a.coyote.http11.Http11NioProtocol.log - Initializing ProtocolHandler ["http-nio-8081"]
2024-10-17 16:58:24.651 o.a.catalina.core.StandardService.log - Starting service [Tomcat]
2024-10-17 16:58:24.651 o.a.catalina.core.StandardEngine.log - Starting Servlet engine: [Apache Tomcat/9.0.74]
2024-10-17 16:58:24.922 o.a.c.c.C.[Tomcat].[localhost].[/].log - Initializing Spring embedded WebApplicationContext
2024-10-17 16:58:24.922 o.s.b.w.s.c.ServletWebServerApplicationContext.prepareWebApplicationContext - Root WebApplicationContext: initialization completed in 3199 ms
2024-10-17 16:58:25.178 o.h.jpa.internal.util.LogHelper.logPersistenceUnitInformation - HHH000204: Processing PersistenceUnitInfo [name: default]
2024-10-17 16:58:25.293 org.hibernate.Version.logVersion - HHH000412: Hibernate ORM core version 5.6.15.Final
2024-10-17 16:58:25.719 o.h.annotations.common.Version.<clinit> - HCANN000001: Hibernate Commons Annotations {5.1.2.Final}
2024-10-17 16:58:25.985 com.zaxxer.hikari.HikariDataSource.getConnection - HikariPool-1 - Starting...
2024-10-17 16:58:26.598 com.zaxxer.hikari.HikariDataSource.getConnection - HikariPool-1 - Start completed.
2024-10-17 16:58:26.670 org.hibernate.dialect.Dialect.<init> - HHH000400: Using dialect: org.hibernate.dialect.PostgreSQL10Dialect
2024-10-17 16:58:28.719 o.h.e.t.j.p.i.JtaPlatformInitiator.initiateService - HHH000490: Using JtaPlatform implementation: [org.hibernate.engine.transaction.jta.platform.internal.NoJtaPlatform]
2024-10-17 16:58:28.756 o.s.o.j.LocalContainerEntityManagerFactoryBean.buildNativeEntityManagerFactory - Initialized JPA EntityManagerFactory for persistence unit 'default'
2024-10-17 16:58:31.755 o.s.s.web.DefaultSecurityFilterChain.<init> - Will secure any request with [org.springframework.security.web.session.DisableEncodeUrlFilter@63e81ac6, org.springframework.security.web.context.request.async.WebAsyncManagerIntegrationFilter@45775a15, org.springframework.security.web.context.SecurityContextPersistenceFilter@5e1e19af, org.springframework.web.filter.CorsFilter@2396dc4e, org.springframework.security.web.authentication.logout.LogoutFilter@4cd079fe, com.cleducate.security.JwtTokenFilter@22f7bf36, org.springframework.security.web.savedrequest.RequestCacheAwareFilter@35d145fb, org.springframework.security.web.servletapi.SecurityContextHolderAwareRequestFilter@71f042b1, org.springframework.security.web.authentication.AnonymousAuthenticationFilter@7bb888b7, org.springframework.security.web.session.SessionManagementFilter@2a6871ad, org.springframework.security.web.access.ExceptionTranslationFilter@4fae4c3b, org.springframework.security.web.access.intercept.AuthorizationFilter@4f579582]
2024-10-17 16:58:31.779 o.s.s.web.DefaultSecurityFilterChain.<init> - Will not secure Ant [pattern='/swagger-resources/**']
2024-10-17 16:58:31.780 o.s.s.web.DefaultSecurityFilterChain.<init> - Will not secure Ant [pattern='/swagger-ui/**']
2024-10-17 16:58:31.781 o.s.s.web.DefaultSecurityFilterChain.<init> - Will not secure Ant [pattern='/v3/api-docs/**']
2024-10-17 16:58:31.781 o.s.s.web.DefaultSecurityFilterChain.<init> - Will not secure Ant [pattern='/configuration/**']
2024-10-17 16:58:31.781 o.s.s.web.DefaultSecurityFilterChain.<init> - Will not secure Ant [pattern='/v3/api-docs/swagger-config']
2024-10-17 16:58:31.781 o.s.s.web.DefaultSecurityFilterChain.<init> - Will not secure Ant [pattern='/webjars/**']
2024-10-17 16:58:31.782 o.s.s.web.DefaultSecurityFilterChain.<init> - Will not secure Ant [pattern='/public']
2024-10-17 16:58:31.782 o.s.s.web.DefaultSecurityFilterChain.<init> - Will not secure Ant [pattern='/h2-console/**/**']
2024-10-17 16:58:32.277 o.a.coyote.http11.Http11NioProtocol.log - Starting ProtocolHandler ["http-nio-8081"]
2024-10-17 16:58:32.327 o.s.b.w.e.tomcat.TomcatWebServer.start - Tomcat started on port(s): 8081 (http) with context path ''
2024-10-17 16:58:32.345 com.cleducate.ClEducateApplication.logStarted - Started ClEducateApplication in 11.396 seconds (JVM running for 12.262)
2024-10-17 16:58:45.556 o.a.c.c.C.[Tomcat].[localhost].[/].log - Initializing Spring DispatcherServlet 'dispatcherServlet'
2024-10-17 16:58:45.556 o.s.web.servlet.DispatcherServlet.initServletBean - Initializing Servlet 'dispatcherServlet'
2024-10-17 16:58:45.557 o.s.web.servlet.DispatcherServlet.initServletBean - Completed initialization in 1 ms
