2024-10-17 01:56:20.142 o.h.validator.internal.util.Version.<clinit> - HV000001: Hibernate Validator 6.2.5.Final
2024-10-17 01:56:20.173 com.cleducate.ClEducateApplication.logStarting - Starting ClEducateApplication using Java 1.8.0_411 on INTKHAB-KHAN with PID 24604 (D:\I K\SprinBootPractice\studentInteractiveSystem\target\classes started by AMY4632V in D:\I K\SprinBootPractice\studentInteractiveSystem)
2024-10-17 01:56:20.174 com.cleducate.ClEducateApplication.logStartupProfileInfo - The following 1 profile is active: "local"
2024-10-17 01:56:22.637 o.s.d.r.c.RepositoryConfigurationDelegate.registerRepositoriesIn - Bootstrapping Spring Data JPA repositories in DEFAULT mode.
2024-10-17 01:56:22.770 o.s.d.r.c.RepositoryConfigurationDelegate.registerRepositoriesIn - Finished Spring Data repository scanning in 114 ms. Found 7 JPA repository interfaces.
2024-10-17 01:56:24.150 o.s.b.w.e.tomcat.TomcatWebServer.initialize - Tomcat initialized with port(s): 8081 (http)
2024-10-17 01:56:24.162 o.a.coyote.http11.Http11NioProtocol.log - Initializing ProtocolHandler ["http-nio-8081"]
2024-10-17 01:56:24.163 o.a.catalina.core.StandardService.log - Starting service [Tomcat]
2024-10-17 01:56:24.163 o.a.catalina.core.StandardEngine.log - Starting Servlet engine: [Apache Tomcat/9.0.74]
2024-10-17 01:56:27.009 o.a.c.c.C.[Tomcat].[localhost].[/].log - Initializing Spring embedded WebApplicationContext
2024-10-17 01:56:27.009 o.s.b.w.s.c.ServletWebServerApplicationContext.prepareWebApplicationContext - Root WebApplicationContext: initialization completed in 6748 ms
2024-10-17 01:56:27.196 o.h.jpa.internal.util.LogHelper.logPersistenceUnitInformation - HHH000204: Processing PersistenceUnitInfo [name: default]
2024-10-17 01:56:27.312 org.hibernate.Version.logVersion - HHH000412: Hibernate ORM core version 5.6.15.Final
2024-10-17 01:56:27.539 o.h.annotations.common.Version.<clinit> - HCANN000001: Hibernate Commons Annotations {5.1.2.Final}
2024-10-17 01:56:27.672 com.zaxxer.hikari.HikariDataSource.getConnection - HikariPool-1 - Starting...
2024-10-17 01:56:28.247 com.zaxxer.hikari.HikariDataSource.getConnection - HikariPool-1 - Start completed.
2024-10-17 01:56:28.301 org.hibernate.dialect.Dialect.<init> - HHH000400: Using dialect: org.hibernate.dialect.PostgreSQL10Dialect
2024-10-17 01:56:29.891 o.h.e.t.j.p.i.JtaPlatformInitiator.initiateService - HHH000490: Using JtaPlatform implementation: [org.hibernate.engine.transaction.jta.platform.internal.NoJtaPlatform]
2024-10-17 01:56:29.904 o.s.o.j.LocalContainerEntityManagerFactoryBean.buildNativeEntityManagerFactory - Initialized JPA EntityManagerFactory for persistence unit 'default'
2024-10-17 01:56:32.405 o.s.s.web.DefaultSecurityFilterChain.<init> - Will secure any request with [org.springframework.security.web.session.DisableEncodeUrlFilter@18f4086e, org.springframework.security.web.context.request.async.WebAsyncManagerIntegrationFilter@43cbafa6, org.springframework.security.web.context.SecurityContextPersistenceFilter@7b7e4b20, org.springframework.web.filter.CorsFilter@538f45f1, org.springframework.security.web.authentication.logout.LogoutFilter@6338afe2, com.cleducate.security.JwtTokenFilter@57b33c29, org.springframework.security.web.savedrequest.RequestCacheAwareFilter@6fefc5ea, org.springframework.security.web.servletapi.SecurityContextHolderAwareRequestFilter@86bf90b, org.springframework.security.web.authentication.AnonymousAuthenticationFilter@64fc6470, org.springframework.security.web.session.SessionManagementFilter@3580134d, org.springframework.security.web.access.ExceptionTranslationFilter@611587f7, org.springframework.security.web.access.intercept.AuthorizationFilter@7977f046]
2024-10-17 01:56:32.410 o.s.s.web.DefaultSecurityFilterChain.<init> - Will not secure Ant [pattern='/swagger-resources/**']
2024-10-17 01:56:32.411 o.s.s.web.DefaultSecurityFilterChain.<init> - Will not secure Ant [pattern='/swagger-ui/**']
2024-10-17 01:56:32.411 o.s.s.web.DefaultSecurityFilterChain.<init> - Will not secure Ant [pattern='/v3/api-docs/**']
2024-10-17 01:56:32.412 o.s.s.web.DefaultSecurityFilterChain.<init> - Will not secure Ant [pattern='/configuration/**']
2024-10-17 01:56:32.412 o.s.s.web.DefaultSecurityFilterChain.<init> - Will not secure Ant [pattern='/v3/api-docs/swagger-config']
2024-10-17 01:56:32.412 o.s.s.web.DefaultSecurityFilterChain.<init> - Will not secure Ant [pattern='/webjars/**']
2024-10-17 01:56:32.413 o.s.s.web.DefaultSecurityFilterChain.<init> - Will not secure Ant [pattern='/public']
2024-10-17 01:56:32.413 o.s.s.web.DefaultSecurityFilterChain.<init> - Will not secure Ant [pattern='/h2-console/**/**']
2024-10-17 01:56:32.842 o.a.coyote.http11.Http11NioProtocol.log - Starting ProtocolHandler ["http-nio-8081"]
2024-10-17 01:56:32.875 o.s.b.w.e.tomcat.TomcatWebServer.start - Tomcat started on port(s): 8081 (http) with context path ''
2024-10-17 01:56:32.890 com.cleducate.ClEducateApplication.logStarted - Started ClEducateApplication in 13.544 seconds (JVM running for 14.385)
2024-10-17 01:56:44.125 o.a.c.c.C.[Tomcat].[localhost].[/].log - Initializing Spring DispatcherServlet 'dispatcherServlet'
2024-10-17 01:56:44.126 o.s.web.servlet.DispatcherServlet.initServletBean - Initializing Servlet 'dispatcherServlet'
2024-10-17 01:56:44.128 o.s.web.servlet.DispatcherServlet.initServletBean - Completed initialization in 2 ms
2024-10-17 01:56:45.450 o.s.api.AbstractOpenApiResource.getOpenApi - Init duration for springdoc-openapi is: 775 ms
2024-10-17 01:58:05.393 o.s.o.j.LocalContainerEntityManagerFactoryBean.destroy - Closing JPA EntityManagerFactory for persistence unit 'default'
2024-10-17 01:58:05.398 com.zaxxer.hikari.HikariDataSource.close - HikariPool-1 - Shutdown initiated...
2024-10-17 01:58:05.406 com.zaxxer.hikari.HikariDataSource.close - HikariPool-1 - Shutdown completed.
2024-10-17 01:58:17.573 o.h.validator.internal.util.Version.<clinit> - HV000001: Hibernate Validator 6.2.5.Final
2024-10-17 01:58:17.603 com.cleducate.ClEducateApplication.logStarting - Starting ClEducateApplication using Java 1.8.0_411 on INTKHAB-KHAN with PID 40900 (D:\I K\SprinBootPractice\studentInteractiveSystem\target\classes started by AMY4632V in D:\I K\SprinBootPractice\studentInteractiveSystem)
2024-10-17 01:58:17.605 com.cleducate.ClEducateApplication.logStartupProfileInfo - The following 1 profile is active: "local"
2024-10-17 01:58:18.772 o.s.d.r.c.RepositoryConfigurationDelegate.registerRepositoriesIn - Bootstrapping Spring Data JPA repositories in DEFAULT mode.
2024-10-17 01:58:18.885 o.s.d.r.c.RepositoryConfigurationDelegate.registerRepositoriesIn - Finished Spring Data repository scanning in 100 ms. Found 7 JPA repository interfaces.
2024-10-17 01:58:19.905 o.s.b.w.e.tomcat.TomcatWebServer.initialize - Tomcat initialized with port(s): 8081 (http)
2024-10-17 01:58:19.914 o.a.coyote.http11.Http11NioProtocol.log - Initializing ProtocolHandler ["http-nio-8081"]
2024-10-17 01:58:19.914 o.a.catalina.core.StandardService.log - Starting service [Tomcat]
2024-10-17 01:58:19.914 o.a.catalina.core.StandardEngine.log - Starting Servlet engine: [Apache Tomcat/9.0.74]
2024-10-17 01:58:20.084 o.a.c.c.C.[Tomcat].[localhost].[/].log - Initializing Spring embedded WebApplicationContext
2024-10-17 01:58:20.084 o.s.b.w.s.c.ServletWebServerApplicationContext.prepareWebApplicationContext - Root WebApplicationContext: initialization completed in 2416 ms
2024-10-17 01:58:20.273 o.h.jpa.internal.util.LogHelper.logPersistenceUnitInformation - HHH000204: Processing PersistenceUnitInfo [name: default]
2024-10-17 01:58:20.337 org.hibernate.Version.logVersion - HHH000412: Hibernate ORM core version 5.6.15.Final
2024-10-17 01:58:20.499 o.h.annotations.common.Version.<clinit> - HCANN000001: Hibernate Commons Annotations {5.1.2.Final}
2024-10-17 01:58:20.602 com.zaxxer.hikari.HikariDataSource.getConnection - HikariPool-1 - Starting...
2024-10-17 01:58:21.067 com.zaxxer.hikari.HikariDataSource.getConnection - HikariPool-1 - Start completed.
2024-10-17 01:58:21.118 org.hibernate.dialect.Dialect.<init> - HHH000400: Using dialect: org.hibernate.dialect.PostgreSQL10Dialect
2024-10-17 01:58:22.608 o.h.e.t.j.p.i.JtaPlatformInitiator.initiateService - HHH000490: Using JtaPlatform implementation: [org.hibernate.engine.transaction.jta.platform.internal.NoJtaPlatform]
2024-10-17 01:58:22.618 o.s.o.j.LocalContainerEntityManagerFactoryBean.buildNativeEntityManagerFactory - Initialized JPA EntityManagerFactory for persistence unit 'default'
2024-10-17 01:58:25.051 o.s.s.web.DefaultSecurityFilterChain.<init> - Will secure any request with [org.springframework.security.web.session.DisableEncodeUrlFilter@42db955e, org.springframework.security.web.context.request.async.WebAsyncManagerIntegrationFilter@6bd2f039, org.springframework.security.web.context.SecurityContextPersistenceFilter@37142579, org.springframework.web.filter.CorsFilter@6c8ad6d7, org.springframework.security.web.authentication.logout.LogoutFilter@19c1f6f4, com.cleducate.security.JwtTokenFilter@7497a554, org.springframework.security.web.savedrequest.RequestCacheAwareFilter@86bf90b, org.springframework.security.web.servletapi.SecurityContextHolderAwareRequestFilter@519b0f00, org.springframework.security.web.authentication.AnonymousAuthenticationFilter@2d0778d0, org.springframework.security.web.session.SessionManagementFilter@6159fb3c, org.springframework.security.web.access.ExceptionTranslationFilter@4544ab46, org.springframework.security.web.access.intercept.AuthorizationFilter@718ad3a6]
2024-10-17 01:58:25.055 o.s.s.web.DefaultSecurityFilterChain.<init> - Will not secure Ant [pattern='/swagger-resources/**']
2024-10-17 01:58:25.056 o.s.s.web.DefaultSecurityFilterChain.<init> - Will not secure Ant [pattern='/swagger-ui/**']
2024-10-17 01:58:25.056 o.s.s.web.DefaultSecurityFilterChain.<init> - Will not secure Ant [pattern='/v3/api-docs/**']
2024-10-17 01:58:25.056 o.s.s.web.DefaultSecurityFilterChain.<init> - Will not secure Ant [pattern='/configuration/**']
2024-10-17 01:58:25.056 o.s.s.web.DefaultSecurityFilterChain.<init> - Will not secure Ant [pattern='/v3/api-docs/swagger-config']
2024-10-17 01:58:25.057 o.s.s.web.DefaultSecurityFilterChain.<init> - Will not secure Ant [pattern='/webjars/**']
2024-10-17 01:58:25.057 o.s.s.web.DefaultSecurityFilterChain.<init> - Will not secure Ant [pattern='/public']
2024-10-17 01:58:25.057 o.s.s.web.DefaultSecurityFilterChain.<init> - Will not secure Ant [pattern='/h2-console/**/**']
2024-10-17 01:58:25.406 o.a.coyote.http11.Http11NioProtocol.log - Starting ProtocolHandler ["http-nio-8081"]
2024-10-17 01:58:25.433 o.s.b.w.e.tomcat.TomcatWebServer.start - Tomcat started on port(s): 8081 (http) with context path ''
2024-10-17 01:58:25.447 com.cleducate.ClEducateApplication.logStarted - Started ClEducateApplication in 8.447 seconds (JVM running for 8.994)
2024-10-17 01:58:34.007 o.a.c.c.C.[Tomcat].[localhost].[/].log - Initializing Spring DispatcherServlet 'dispatcherServlet'
2024-10-17 01:58:34.007 o.s.web.servlet.DispatcherServlet.initServletBean - Initializing Servlet 'dispatcherServlet'
2024-10-17 01:58:34.008 o.s.web.servlet.DispatcherServlet.initServletBean - Completed initialization in 1 ms
